[2025-04-13T06:09:48.836+0000] {local_task_job_runner.py:123} INFO - ::group::Pre task execution logs
[2025-04-13T06:09:48.849+0000] {taskinstance.py:2614} INFO - Dependencies all met for dep_context=non-requeueable deps ti=<TaskInstance: weather_forecast_ingestion_dag.ingest scheduled__2025-04-13T05:00:00+00:00 [queued]>
[2025-04-13T06:09:48.855+0000] {taskinstance.py:2614} INFO - Dependencies all met for dep_context=requeueable deps ti=<TaskInstance: weather_forecast_ingestion_dag.ingest scheduled__2025-04-13T05:00:00+00:00 [queued]>
[2025-04-13T06:09:48.855+0000] {taskinstance.py:2867} INFO - Starting attempt 1 of 2
[2025-04-13T06:09:48.861+0000] {taskinstance.py:2890} INFO - Executing <Task(_PythonDecoratedOperator): ingest> on 2025-04-13 05:00:00+00:00
[2025-04-13T06:09:48.865+0000] {warnings.py:112} WARNING - /home/***/.local/lib/python3.12/site-packages/***/task/task_runner/standard_task_runner.py:70: DeprecationWarning: This process (pid=383) is multi-threaded, use of fork() may lead to deadlocks in the child.
  pid = os.fork()

[2025-04-13T06:09:48.866+0000] {standard_task_runner.py:72} INFO - Started process 385 to run task
[2025-04-13T06:09:48.866+0000] {standard_task_runner.py:104} INFO - Running: ['***', 'tasks', 'run', 'weather_forecast_ingestion_dag', 'ingest', 'scheduled__2025-04-13T05:00:00+00:00', '--job-id', '877', '--raw', '--subdir', 'DAGS_FOLDER/weather_forecast_ingestion_dag.py', '--cfg-path', '/tmp/tmp19vi6rcc']
[2025-04-13T06:09:48.868+0000] {standard_task_runner.py:105} INFO - Job 877: Subtask ingest
[2025-04-13T06:09:48.920+0000] {task_command.py:467} INFO - Running <TaskInstance: weather_forecast_ingestion_dag.ingest scheduled__2025-04-13T05:00:00+00:00 [running]> on host caedfbfc7792
[2025-04-13T06:09:48.992+0000] {taskinstance.py:3134} INFO - Exporting env vars: AIRFLOW_CTX_DAG_OWNER='beni' AIRFLOW_CTX_DAG_ID='weather_forecast_ingestion_dag' AIRFLOW_CTX_TASK_ID='ingest' AIRFLOW_CTX_EXECUTION_DATE='2025-04-13T05:00:00+00:00' AIRFLOW_CTX_TRY_NUMBER='1' AIRFLOW_CTX_DAG_RUN_ID='scheduled__2025-04-13T05:00:00+00:00'
[2025-04-13T06:09:48.993+0000] {taskinstance.py:732} INFO - ::endgroup::
[2025-04-13T06:09:48.995+0000] {weather_forecast_ingestion_dag.py:37} INFO - üå§Ô∏è Fetching forecast from 2025-04-13 to 2025-04-21
[2025-04-13T06:09:49.167+0000] {weather_forecast_ingestion_dag.py:53} INFO - üì¶ Filtered 119 future forecast entries
[2025-04-13T06:09:49.172+0000] {weather_forecast_ingestion_dag.py:56} INFO - üíæ Saving forecast for 2025-04-13T07:00:00+00:00
[2025-04-13T06:09:49.597+0000] {logging_mixin.py:190} INFO - üå§Ô∏è Saved forecast: gs://gooutside-raw/weather_forecast/bamberg/2025-04-13T0700.json
[2025-04-13T06:09:49.598+0000] {weather_forecast_ingestion_dag.py:56} INFO - üíæ Saving forecast for 2025-04-13T08:00:00+00:00
[2025-04-13T06:09:50.024+0000] {logging_mixin.py:190} INFO - üå§Ô∏è Saved forecast: gs://gooutside-raw/weather_forecast/bamberg/2025-04-13T0800.json
[2025-04-13T06:09:50.025+0000] {weather_forecast_ingestion_dag.py:56} INFO - üíæ Saving forecast for 2025-04-13T09:00:00+00:00
[2025-04-13T06:09:50.397+0000] {logging_mixin.py:190} INFO - üå§Ô∏è Saved forecast: gs://gooutside-raw/weather_forecast/bamberg/2025-04-13T0900.json
[2025-04-13T06:09:50.398+0000] {weather_forecast_ingestion_dag.py:56} INFO - üíæ Saving forecast for 2025-04-13T10:00:00+00:00
[2025-04-13T06:09:50.785+0000] {logging_mixin.py:190} INFO - üå§Ô∏è Saved forecast: gs://gooutside-raw/weather_forecast/bamberg/2025-04-13T1000.json
[2025-04-13T06:09:50.786+0000] {weather_forecast_ingestion_dag.py:56} INFO - üíæ Saving forecast for 2025-04-13T11:00:00+00:00
[2025-04-13T06:09:51.147+0000] {logging_mixin.py:190} INFO - üå§Ô∏è Saved forecast: gs://gooutside-raw/weather_forecast/bamberg/2025-04-13T1100.json
[2025-04-13T06:09:51.148+0000] {weather_forecast_ingestion_dag.py:56} INFO - üíæ Saving forecast for 2025-04-13T12:00:00+00:00
[2025-04-13T06:09:51.510+0000] {logging_mixin.py:190} INFO - üå§Ô∏è Saved forecast: gs://gooutside-raw/weather_forecast/bamberg/2025-04-13T1200.json
[2025-04-13T06:09:51.510+0000] {weather_forecast_ingestion_dag.py:56} INFO - üíæ Saving forecast for 2025-04-13T13:00:00+00:00
[2025-04-13T06:09:51.866+0000] {logging_mixin.py:190} INFO - üå§Ô∏è Saved forecast: gs://gooutside-raw/weather_forecast/bamberg/2025-04-13T1300.json
[2025-04-13T06:09:51.866+0000] {weather_forecast_ingestion_dag.py:56} INFO - üíæ Saving forecast for 2025-04-13T14:00:00+00:00
[2025-04-13T06:09:52.270+0000] {logging_mixin.py:190} INFO - üå§Ô∏è Saved forecast: gs://gooutside-raw/weather_forecast/bamberg/2025-04-13T1400.json
[2025-04-13T06:09:52.272+0000] {weather_forecast_ingestion_dag.py:56} INFO - üíæ Saving forecast for 2025-04-13T15:00:00+00:00
[2025-04-13T06:09:52.629+0000] {logging_mixin.py:190} INFO - üå§Ô∏è Saved forecast: gs://gooutside-raw/weather_forecast/bamberg/2025-04-13T1500.json
[2025-04-13T06:09:52.630+0000] {weather_forecast_ingestion_dag.py:56} INFO - üíæ Saving forecast for 2025-04-13T16:00:00+00:00
[2025-04-13T06:09:52.967+0000] {logging_mixin.py:190} INFO - üå§Ô∏è Saved forecast: gs://gooutside-raw/weather_forecast/bamberg/2025-04-13T1600.json
[2025-04-13T06:09:52.968+0000] {weather_forecast_ingestion_dag.py:56} INFO - üíæ Saving forecast for 2025-04-13T17:00:00+00:00
[2025-04-13T06:09:53.332+0000] {logging_mixin.py:190} INFO - üå§Ô∏è Saved forecast: gs://gooutside-raw/weather_forecast/bamberg/2025-04-13T1700.json
[2025-04-13T06:09:53.334+0000] {weather_forecast_ingestion_dag.py:56} INFO - üíæ Saving forecast for 2025-04-13T18:00:00+00:00
[2025-04-13T06:09:53.682+0000] {logging_mixin.py:190} INFO - üå§Ô∏è Saved forecast: gs://gooutside-raw/weather_forecast/bamberg/2025-04-13T1800.json
[2025-04-13T06:09:53.683+0000] {weather_forecast_ingestion_dag.py:56} INFO - üíæ Saving forecast for 2025-04-13T19:00:00+00:00
[2025-04-13T06:09:54.035+0000] {logging_mixin.py:190} INFO - üå§Ô∏è Saved forecast: gs://gooutside-raw/weather_forecast/bamberg/2025-04-13T1900.json
[2025-04-13T06:09:54.035+0000] {weather_forecast_ingestion_dag.py:56} INFO - üíæ Saving forecast for 2025-04-13T20:00:00+00:00
[2025-04-13T06:09:54.417+0000] {logging_mixin.py:190} INFO - üå§Ô∏è Saved forecast: gs://gooutside-raw/weather_forecast/bamberg/2025-04-13T2000.json
[2025-04-13T06:09:54.417+0000] {weather_forecast_ingestion_dag.py:56} INFO - üíæ Saving forecast for 2025-04-14T06:00:00+00:00
[2025-04-13T06:09:54.794+0000] {logging_mixin.py:190} INFO - üå§Ô∏è Saved forecast: gs://gooutside-raw/weather_forecast/bamberg/2025-04-14T0600.json
[2025-04-13T06:09:54.795+0000] {weather_forecast_ingestion_dag.py:56} INFO - üíæ Saving forecast for 2025-04-14T07:00:00+00:00
[2025-04-13T06:09:55.154+0000] {logging_mixin.py:190} INFO - üå§Ô∏è Saved forecast: gs://gooutside-raw/weather_forecast/bamberg/2025-04-14T0700.json
[2025-04-13T06:09:55.154+0000] {weather_forecast_ingestion_dag.py:56} INFO - üíæ Saving forecast for 2025-04-14T08:00:00+00:00
[2025-04-13T06:09:55.527+0000] {logging_mixin.py:190} INFO - üå§Ô∏è Saved forecast: gs://gooutside-raw/weather_forecast/bamberg/2025-04-14T0800.json
[2025-04-13T06:09:55.529+0000] {weather_forecast_ingestion_dag.py:56} INFO - üíæ Saving forecast for 2025-04-14T09:00:00+00:00
[2025-04-13T06:09:55.904+0000] {logging_mixin.py:190} INFO - üå§Ô∏è Saved forecast: gs://gooutside-raw/weather_forecast/bamberg/2025-04-14T0900.json
[2025-04-13T06:09:55.905+0000] {weather_forecast_ingestion_dag.py:56} INFO - üíæ Saving forecast for 2025-04-14T10:00:00+00:00
[2025-04-13T06:09:56.287+0000] {logging_mixin.py:190} INFO - üå§Ô∏è Saved forecast: gs://gooutside-raw/weather_forecast/bamberg/2025-04-14T1000.json
[2025-04-13T06:09:56.287+0000] {weather_forecast_ingestion_dag.py:56} INFO - üíæ Saving forecast for 2025-04-14T11:00:00+00:00
[2025-04-13T06:09:56.656+0000] {logging_mixin.py:190} INFO - üå§Ô∏è Saved forecast: gs://gooutside-raw/weather_forecast/bamberg/2025-04-14T1100.json
[2025-04-13T06:09:56.657+0000] {weather_forecast_ingestion_dag.py:56} INFO - üíæ Saving forecast for 2025-04-14T12:00:00+00:00
[2025-04-13T06:09:57.043+0000] {logging_mixin.py:190} INFO - üå§Ô∏è Saved forecast: gs://gooutside-raw/weather_forecast/bamberg/2025-04-14T1200.json
[2025-04-13T06:09:57.045+0000] {weather_forecast_ingestion_dag.py:56} INFO - üíæ Saving forecast for 2025-04-14T13:00:00+00:00
[2025-04-13T06:09:57.419+0000] {logging_mixin.py:190} INFO - üå§Ô∏è Saved forecast: gs://gooutside-raw/weather_forecast/bamberg/2025-04-14T1300.json
[2025-04-13T06:09:57.420+0000] {weather_forecast_ingestion_dag.py:56} INFO - üíæ Saving forecast for 2025-04-14T14:00:00+00:00
[2025-04-13T06:09:57.784+0000] {logging_mixin.py:190} INFO - üå§Ô∏è Saved forecast: gs://gooutside-raw/weather_forecast/bamberg/2025-04-14T1400.json
[2025-04-13T06:09:57.785+0000] {weather_forecast_ingestion_dag.py:56} INFO - üíæ Saving forecast for 2025-04-14T15:00:00+00:00
[2025-04-13T06:09:58.159+0000] {logging_mixin.py:190} INFO - üå§Ô∏è Saved forecast: gs://gooutside-raw/weather_forecast/bamberg/2025-04-14T1500.json
[2025-04-13T06:09:58.160+0000] {weather_forecast_ingestion_dag.py:56} INFO - üíæ Saving forecast for 2025-04-14T16:00:00+00:00
[2025-04-13T06:09:58.539+0000] {logging_mixin.py:190} INFO - üå§Ô∏è Saved forecast: gs://gooutside-raw/weather_forecast/bamberg/2025-04-14T1600.json
[2025-04-13T06:09:58.540+0000] {weather_forecast_ingestion_dag.py:56} INFO - üíæ Saving forecast for 2025-04-14T17:00:00+00:00
[2025-04-13T06:09:58.907+0000] {logging_mixin.py:190} INFO - üå§Ô∏è Saved forecast: gs://gooutside-raw/weather_forecast/bamberg/2025-04-14T1700.json
[2025-04-13T06:09:58.909+0000] {weather_forecast_ingestion_dag.py:56} INFO - üíæ Saving forecast for 2025-04-14T18:00:00+00:00
[2025-04-13T06:09:59.276+0000] {logging_mixin.py:190} INFO - üå§Ô∏è Saved forecast: gs://gooutside-raw/weather_forecast/bamberg/2025-04-14T1800.json
[2025-04-13T06:09:59.277+0000] {weather_forecast_ingestion_dag.py:56} INFO - üíæ Saving forecast for 2025-04-14T19:00:00+00:00
[2025-04-13T06:09:59.650+0000] {logging_mixin.py:190} INFO - üå§Ô∏è Saved forecast: gs://gooutside-raw/weather_forecast/bamberg/2025-04-14T1900.json
[2025-04-13T06:09:59.651+0000] {weather_forecast_ingestion_dag.py:56} INFO - üíæ Saving forecast for 2025-04-14T20:00:00+00:00
[2025-04-13T06:10:00.028+0000] {logging_mixin.py:190} INFO - üå§Ô∏è Saved forecast: gs://gooutside-raw/weather_forecast/bamberg/2025-04-14T2000.json
[2025-04-13T06:10:00.029+0000] {weather_forecast_ingestion_dag.py:56} INFO - üíæ Saving forecast for 2025-04-15T06:00:00+00:00
[2025-04-13T06:10:00.379+0000] {logging_mixin.py:190} INFO - üå§Ô∏è Saved forecast: gs://gooutside-raw/weather_forecast/bamberg/2025-04-15T0600.json
[2025-04-13T06:10:00.379+0000] {weather_forecast_ingestion_dag.py:56} INFO - üíæ Saving forecast for 2025-04-15T07:00:00+00:00
[2025-04-13T06:10:00.735+0000] {logging_mixin.py:190} INFO - üå§Ô∏è Saved forecast: gs://gooutside-raw/weather_forecast/bamberg/2025-04-15T0700.json
[2025-04-13T06:10:00.736+0000] {weather_forecast_ingestion_dag.py:56} INFO - üíæ Saving forecast for 2025-04-15T08:00:00+00:00
[2025-04-13T06:10:01.111+0000] {logging_mixin.py:190} INFO - üå§Ô∏è Saved forecast: gs://gooutside-raw/weather_forecast/bamberg/2025-04-15T0800.json
[2025-04-13T06:10:01.112+0000] {weather_forecast_ingestion_dag.py:56} INFO - üíæ Saving forecast for 2025-04-15T09:00:00+00:00
[2025-04-13T06:10:01.493+0000] {logging_mixin.py:190} INFO - üå§Ô∏è Saved forecast: gs://gooutside-raw/weather_forecast/bamberg/2025-04-15T0900.json
[2025-04-13T06:10:01.493+0000] {weather_forecast_ingestion_dag.py:56} INFO - üíæ Saving forecast for 2025-04-15T10:00:00+00:00
[2025-04-13T06:10:01.858+0000] {logging_mixin.py:190} INFO - üå§Ô∏è Saved forecast: gs://gooutside-raw/weather_forecast/bamberg/2025-04-15T1000.json
[2025-04-13T06:10:01.859+0000] {weather_forecast_ingestion_dag.py:56} INFO - üíæ Saving forecast for 2025-04-15T11:00:00+00:00
[2025-04-13T06:10:02.208+0000] {logging_mixin.py:190} INFO - üå§Ô∏è Saved forecast: gs://gooutside-raw/weather_forecast/bamberg/2025-04-15T1100.json
[2025-04-13T06:10:02.209+0000] {weather_forecast_ingestion_dag.py:56} INFO - üíæ Saving forecast for 2025-04-15T12:00:00+00:00
[2025-04-13T06:10:02.572+0000] {logging_mixin.py:190} INFO - üå§Ô∏è Saved forecast: gs://gooutside-raw/weather_forecast/bamberg/2025-04-15T1200.json
[2025-04-13T06:10:02.574+0000] {weather_forecast_ingestion_dag.py:56} INFO - üíæ Saving forecast for 2025-04-15T13:00:00+00:00
[2025-04-13T06:10:02.925+0000] {logging_mixin.py:190} INFO - üå§Ô∏è Saved forecast: gs://gooutside-raw/weather_forecast/bamberg/2025-04-15T1300.json
[2025-04-13T06:10:02.925+0000] {weather_forecast_ingestion_dag.py:56} INFO - üíæ Saving forecast for 2025-04-15T14:00:00+00:00
[2025-04-13T06:10:03.275+0000] {logging_mixin.py:190} INFO - üå§Ô∏è Saved forecast: gs://gooutside-raw/weather_forecast/bamberg/2025-04-15T1400.json
[2025-04-13T06:10:03.275+0000] {weather_forecast_ingestion_dag.py:56} INFO - üíæ Saving forecast for 2025-04-15T15:00:00+00:00
[2025-04-13T06:10:03.646+0000] {logging_mixin.py:190} INFO - üå§Ô∏è Saved forecast: gs://gooutside-raw/weather_forecast/bamberg/2025-04-15T1500.json
[2025-04-13T06:10:03.646+0000] {weather_forecast_ingestion_dag.py:56} INFO - üíæ Saving forecast for 2025-04-15T16:00:00+00:00
[2025-04-13T06:10:04.001+0000] {logging_mixin.py:190} INFO - üå§Ô∏è Saved forecast: gs://gooutside-raw/weather_forecast/bamberg/2025-04-15T1600.json
[2025-04-13T06:10:04.002+0000] {weather_forecast_ingestion_dag.py:56} INFO - üíæ Saving forecast for 2025-04-15T17:00:00+00:00
[2025-04-13T06:10:04.368+0000] {logging_mixin.py:190} INFO - üå§Ô∏è Saved forecast: gs://gooutside-raw/weather_forecast/bamberg/2025-04-15T1700.json
[2025-04-13T06:10:04.369+0000] {weather_forecast_ingestion_dag.py:56} INFO - üíæ Saving forecast for 2025-04-15T18:00:00+00:00
[2025-04-13T06:10:04.722+0000] {logging_mixin.py:190} INFO - üå§Ô∏è Saved forecast: gs://gooutside-raw/weather_forecast/bamberg/2025-04-15T1800.json
[2025-04-13T06:10:04.723+0000] {weather_forecast_ingestion_dag.py:56} INFO - üíæ Saving forecast for 2025-04-15T19:00:00+00:00
[2025-04-13T06:10:05.100+0000] {logging_mixin.py:190} INFO - üå§Ô∏è Saved forecast: gs://gooutside-raw/weather_forecast/bamberg/2025-04-15T1900.json
[2025-04-13T06:10:05.101+0000] {weather_forecast_ingestion_dag.py:56} INFO - üíæ Saving forecast for 2025-04-15T20:00:00+00:00
[2025-04-13T06:10:05.482+0000] {logging_mixin.py:190} INFO - üå§Ô∏è Saved forecast: gs://gooutside-raw/weather_forecast/bamberg/2025-04-15T2000.json
[2025-04-13T06:10:05.483+0000] {weather_forecast_ingestion_dag.py:56} INFO - üíæ Saving forecast for 2025-04-16T06:00:00+00:00
[2025-04-13T06:10:05.866+0000] {logging_mixin.py:190} INFO - üå§Ô∏è Saved forecast: gs://gooutside-raw/weather_forecast/bamberg/2025-04-16T0600.json
[2025-04-13T06:10:05.867+0000] {weather_forecast_ingestion_dag.py:56} INFO - üíæ Saving forecast for 2025-04-16T07:00:00+00:00
[2025-04-13T06:10:06.235+0000] {logging_mixin.py:190} INFO - üå§Ô∏è Saved forecast: gs://gooutside-raw/weather_forecast/bamberg/2025-04-16T0700.json
[2025-04-13T06:10:06.236+0000] {weather_forecast_ingestion_dag.py:56} INFO - üíæ Saving forecast for 2025-04-16T08:00:00+00:00
[2025-04-13T06:10:06.604+0000] {logging_mixin.py:190} INFO - üå§Ô∏è Saved forecast: gs://gooutside-raw/weather_forecast/bamberg/2025-04-16T0800.json
[2025-04-13T06:10:06.605+0000] {weather_forecast_ingestion_dag.py:56} INFO - üíæ Saving forecast for 2025-04-16T09:00:00+00:00
[2025-04-13T06:10:06.976+0000] {logging_mixin.py:190} INFO - üå§Ô∏è Saved forecast: gs://gooutside-raw/weather_forecast/bamberg/2025-04-16T0900.json
[2025-04-13T06:10:06.977+0000] {weather_forecast_ingestion_dag.py:56} INFO - üíæ Saving forecast for 2025-04-16T10:00:00+00:00
[2025-04-13T06:10:07.365+0000] {logging_mixin.py:190} INFO - üå§Ô∏è Saved forecast: gs://gooutside-raw/weather_forecast/bamberg/2025-04-16T1000.json
[2025-04-13T06:10:07.367+0000] {weather_forecast_ingestion_dag.py:56} INFO - üíæ Saving forecast for 2025-04-16T11:00:00+00:00
[2025-04-13T06:10:07.750+0000] {logging_mixin.py:190} INFO - üå§Ô∏è Saved forecast: gs://gooutside-raw/weather_forecast/bamberg/2025-04-16T1100.json
[2025-04-13T06:10:07.750+0000] {weather_forecast_ingestion_dag.py:56} INFO - üíæ Saving forecast for 2025-04-16T12:00:00+00:00
[2025-04-13T06:10:08.130+0000] {logging_mixin.py:190} INFO - üå§Ô∏è Saved forecast: gs://gooutside-raw/weather_forecast/bamberg/2025-04-16T1200.json
[2025-04-13T06:10:08.131+0000] {weather_forecast_ingestion_dag.py:56} INFO - üíæ Saving forecast for 2025-04-16T13:00:00+00:00
[2025-04-13T06:10:08.483+0000] {logging_mixin.py:190} INFO - üå§Ô∏è Saved forecast: gs://gooutside-raw/weather_forecast/bamberg/2025-04-16T1300.json
[2025-04-13T06:10:08.484+0000] {weather_forecast_ingestion_dag.py:56} INFO - üíæ Saving forecast for 2025-04-16T14:00:00+00:00
[2025-04-13T06:10:08.839+0000] {logging_mixin.py:190} INFO - üå§Ô∏è Saved forecast: gs://gooutside-raw/weather_forecast/bamberg/2025-04-16T1400.json
[2025-04-13T06:10:08.839+0000] {weather_forecast_ingestion_dag.py:56} INFO - üíæ Saving forecast for 2025-04-16T15:00:00+00:00
[2025-04-13T06:10:11.237+0000] {taskinstance.py:3313} ERROR - Task failed with exception
Traceback (most recent call last):
  File "/home/airflow/.local/lib/python3.12/site-packages/urllib3/connectionpool.py", line 787, in urlopen
    response = self._make_request(
               ^^^^^^^^^^^^^^^^^^^
  File "/home/airflow/.local/lib/python3.12/site-packages/urllib3/connectionpool.py", line 534, in _make_request
    response = conn.getresponse()
               ^^^^^^^^^^^^^^^^^^
  File "/home/airflow/.local/lib/python3.12/site-packages/urllib3/connection.py", line 516, in getresponse
    httplib_response = super().getresponse()
                       ^^^^^^^^^^^^^^^^^^^^^
  File "/usr/local/lib/python3.12/http/client.py", line 1430, in getresponse
    response.begin()
  File "/usr/local/lib/python3.12/http/client.py", line 331, in begin
    version, status, reason = self._read_status()
                              ^^^^^^^^^^^^^^^^^^^
  File "/usr/local/lib/python3.12/http/client.py", line 300, in _read_status
    raise RemoteDisconnected("Remote end closed connection without"
http.client.RemoteDisconnected: Remote end closed connection without response

During handling of the above exception, another exception occurred:

Traceback (most recent call last):
  File "/home/airflow/.local/lib/python3.12/site-packages/requests/adapters.py", line 667, in send
    resp = conn.urlopen(
           ^^^^^^^^^^^^^
  File "/home/airflow/.local/lib/python3.12/site-packages/urllib3/connectionpool.py", line 841, in urlopen
    retries = retries.increment(
              ^^^^^^^^^^^^^^^^^^
  File "/home/airflow/.local/lib/python3.12/site-packages/urllib3/util/retry.py", line 474, in increment
    raise reraise(type(error), error, _stacktrace)
          ^^^^^^^^^^^^^^^^^^^^^^^^^^^^^^^^^^^^^^^^
  File "/home/airflow/.local/lib/python3.12/site-packages/urllib3/util/util.py", line 38, in reraise
    raise value.with_traceback(tb)
  File "/home/airflow/.local/lib/python3.12/site-packages/urllib3/connectionpool.py", line 787, in urlopen
    response = self._make_request(
               ^^^^^^^^^^^^^^^^^^^
  File "/home/airflow/.local/lib/python3.12/site-packages/urllib3/connectionpool.py", line 534, in _make_request
    response = conn.getresponse()
               ^^^^^^^^^^^^^^^^^^
  File "/home/airflow/.local/lib/python3.12/site-packages/urllib3/connection.py", line 516, in getresponse
    httplib_response = super().getresponse()
                       ^^^^^^^^^^^^^^^^^^^^^
  File "/usr/local/lib/python3.12/http/client.py", line 1430, in getresponse
    response.begin()
  File "/usr/local/lib/python3.12/http/client.py", line 331, in begin
    version, status, reason = self._read_status()
                              ^^^^^^^^^^^^^^^^^^^
  File "/usr/local/lib/python3.12/http/client.py", line 300, in _read_status
    raise RemoteDisconnected("Remote end closed connection without"
urllib3.exceptions.ProtocolError: ('Connection aborted.', RemoteDisconnected('Remote end closed connection without response'))

During handling of the above exception, another exception occurred:

Traceback (most recent call last):
  File "/home/airflow/.local/lib/python3.12/site-packages/google/auth/transport/requests.py", line 186, in __call__
    response = self.session.request(
               ^^^^^^^^^^^^^^^^^^^^^
  File "/home/airflow/.local/lib/python3.12/site-packages/requests/sessions.py", line 589, in request
    resp = self.send(prep, **send_kwargs)
           ^^^^^^^^^^^^^^^^^^^^^^^^^^^^^^
  File "/home/airflow/.local/lib/python3.12/site-packages/requests/sessions.py", line 703, in send
    r = adapter.send(request, **kwargs)
        ^^^^^^^^^^^^^^^^^^^^^^^^^^^^^^^
  File "/home/airflow/.local/lib/python3.12/site-packages/requests/adapters.py", line 682, in send
    raise ConnectionError(err, request=request)
requests.exceptions.ConnectionError: ('Connection aborted.', RemoteDisconnected('Remote end closed connection without response'))

The above exception was the direct cause of the following exception:

Traceback (most recent call last):
  File "/home/airflow/.local/lib/python3.12/site-packages/airflow/models/taskinstance.py", line 768, in _execute_task
    result = _execute_callable(context=context, **execute_callable_kwargs)
             ^^^^^^^^^^^^^^^^^^^^^^^^^^^^^^^^^^^^^^^^^^^^^^^^^^^^^^^^^^^^^
  File "/home/airflow/.local/lib/python3.12/site-packages/airflow/models/taskinstance.py", line 734, in _execute_callable
    return ExecutionCallableRunner(
           ^^^^^^^^^^^^^^^^^^^^^^^^
  File "/home/airflow/.local/lib/python3.12/site-packages/airflow/utils/operator_helpers.py", line 252, in run
    return self.func(*args, **kwargs)
           ^^^^^^^^^^^^^^^^^^^^^^^^^^
  File "/home/airflow/.local/lib/python3.12/site-packages/airflow/models/baseoperator.py", line 424, in wrapper
    return func(self, *args, **kwargs)
           ^^^^^^^^^^^^^^^^^^^^^^^^^^^
  File "/home/airflow/.local/lib/python3.12/site-packages/airflow/decorators/base.py", line 266, in execute
    return_value = super().execute(context)
                   ^^^^^^^^^^^^^^^^^^^^^^^^
  File "/home/airflow/.local/lib/python3.12/site-packages/airflow/models/baseoperator.py", line 424, in wrapper
    return func(self, *args, **kwargs)
           ^^^^^^^^^^^^^^^^^^^^^^^^^^^
  File "/home/airflow/.local/lib/python3.12/site-packages/airflow/operators/python.py", line 238, in execute
    return_value = self.execute_callable()
                   ^^^^^^^^^^^^^^^^^^^^^^^
  File "/home/airflow/.local/lib/python3.12/site-packages/airflow/operators/python.py", line 256, in execute_callable
    return runner.run(*self.op_args, **self.op_kwargs)
           ^^^^^^^^^^^^^^^^^^^^^^^^^^^^^^^^^^^^^^^^^^^
  File "/home/airflow/.local/lib/python3.12/site-packages/airflow/utils/operator_helpers.py", line 252, in run
    return self.func(*args, **kwargs)
           ^^^^^^^^^^^^^^^^^^^^^^^^^^
  File "/opt/airflow/dags/weather_forecast_ingestion_dag.py", line 57, in ingest
    save_weather_forecast_to_gcs(entry)
  File "/opt/airflow/app/ingestion/weather_forecast.py", line 84, in save_weather_forecast_to_gcs
    blob.upload_from_string(
  File "/usr/local/lib/python3.12/contextlib.py", line 81, in inner
    return func(*args, **kwds)
           ^^^^^^^^^^^^^^^^^^^
  File "/home/airflow/.local/lib/python3.12/site-packages/google/cloud/storage/blob.py", line 3128, in upload_from_string
    self.upload_from_file(
  File "/usr/local/lib/python3.12/contextlib.py", line 81, in inner
    return func(*args, **kwds)
           ^^^^^^^^^^^^^^^^^^^
  File "/home/airflow/.local/lib/python3.12/site-packages/google/cloud/storage/blob.py", line 2851, in upload_from_file
    self._prep_and_do_upload(
  File "/home/airflow/.local/lib/python3.12/site-packages/google/cloud/storage/blob.py", line 2700, in _prep_and_do_upload
    created_json = self._do_upload(
                   ^^^^^^^^^^^^^^^^
  File "/home/airflow/.local/lib/python3.12/site-packages/google/cloud/storage/blob.py", line 2506, in _do_upload
    response = self._do_multipart_upload(
               ^^^^^^^^^^^^^^^^^^^^^^^^^^
  File "/home/airflow/.local/lib/python3.12/site-packages/google/cloud/storage/blob.py", line 2007, in _do_multipart_upload
    response = upload.transmit(
               ^^^^^^^^^^^^^^^^
  File "/home/airflow/.local/lib/python3.12/site-packages/google/resumable_media/requests/upload.py", line 153, in transmit
    return _request_helpers.wait_and_retry(
           ^^^^^^^^^^^^^^^^^^^^^^^^^^^^^^^^
  File "/home/airflow/.local/lib/python3.12/site-packages/google/resumable_media/requests/_request_helpers.py", line 155, in wait_and_retry
    response = func()
               ^^^^^^
  File "/home/airflow/.local/lib/python3.12/site-packages/google/resumable_media/requests/upload.py", line 145, in retriable_request
    result = transport.request(
             ^^^^^^^^^^^^^^^^^^
  File "/home/airflow/.local/lib/python3.12/site-packages/google/auth/transport/requests.py", line 533, in request
    self.credentials.before_request(auth_request, method, url, request_headers)
  File "/home/airflow/.local/lib/python3.12/site-packages/google/auth/credentials.py", line 239, in before_request
    self._blocking_refresh(request)
  File "/home/airflow/.local/lib/python3.12/site-packages/google/auth/credentials.py", line 202, in _blocking_refresh
    self.refresh(request)
  File "/home/airflow/.local/lib/python3.12/site-packages/google/oauth2/service_account.py", line 448, in refresh
    access_token, expiry, _ = _client.jwt_grant(
                              ^^^^^^^^^^^^^^^^^^
  File "/home/airflow/.local/lib/python3.12/site-packages/google/oauth2/_client.py", line 299, in jwt_grant
    response_data = _token_endpoint_request(
                    ^^^^^^^^^^^^^^^^^^^^^^^^
  File "/home/airflow/.local/lib/python3.12/site-packages/google/oauth2/_client.py", line 259, in _token_endpoint_request
    response_status_ok, response_data, retryable_error = _token_endpoint_request_no_throw(
                                                         ^^^^^^^^^^^^^^^^^^^^^^^^^^^^^^^^^
  File "/home/airflow/.local/lib/python3.12/site-packages/google/oauth2/_client.py", line 192, in _token_endpoint_request_no_throw
    response = request(
               ^^^^^^^^
  File "/home/airflow/.local/lib/python3.12/site-packages/google/auth/transport/requests.py", line 192, in __call__
    raise new_exc from caught_exc
google.auth.exceptions.TransportError: ('Connection aborted.', RemoteDisconnected('Remote end closed connection without response'))
[2025-04-13T06:10:11.286+0000] {taskinstance.py:1226} INFO - Marking task as UP_FOR_RETRY. dag_id=weather_forecast_ingestion_dag, task_id=ingest, run_id=scheduled__2025-04-13T05:00:00+00:00, execution_date=20250413T050000, start_date=20250413T060948, end_date=20250413T061011
[2025-04-13T06:10:11.320+0000] {taskinstance.py:341} INFO - ::group::Post task execution logs
[2025-04-13T06:10:11.322+0000] {standard_task_runner.py:124} ERROR - Failed to execute job 877 for task ingest (('Connection aborted.', RemoteDisconnected('Remote end closed connection without response')); 385)
Traceback (most recent call last):
  File "/home/airflow/.local/lib/python3.12/site-packages/urllib3/connectionpool.py", line 787, in urlopen
    response = self._make_request(
               ^^^^^^^^^^^^^^^^^^^
  File "/home/airflow/.local/lib/python3.12/site-packages/urllib3/connectionpool.py", line 534, in _make_request
    response = conn.getresponse()
               ^^^^^^^^^^^^^^^^^^
  File "/home/airflow/.local/lib/python3.12/site-packages/urllib3/connection.py", line 516, in getresponse
    httplib_response = super().getresponse()
                       ^^^^^^^^^^^^^^^^^^^^^
  File "/usr/local/lib/python3.12/http/client.py", line 1430, in getresponse
    response.begin()
  File "/usr/local/lib/python3.12/http/client.py", line 331, in begin
    version, status, reason = self._read_status()
                              ^^^^^^^^^^^^^^^^^^^
  File "/usr/local/lib/python3.12/http/client.py", line 300, in _read_status
    raise RemoteDisconnected("Remote end closed connection without"
http.client.RemoteDisconnected: Remote end closed connection without response

During handling of the above exception, another exception occurred:

Traceback (most recent call last):
  File "/home/airflow/.local/lib/python3.12/site-packages/requests/adapters.py", line 667, in send
    resp = conn.urlopen(
           ^^^^^^^^^^^^^
  File "/home/airflow/.local/lib/python3.12/site-packages/urllib3/connectionpool.py", line 841, in urlopen
    retries = retries.increment(
              ^^^^^^^^^^^^^^^^^^
  File "/home/airflow/.local/lib/python3.12/site-packages/urllib3/util/retry.py", line 474, in increment
    raise reraise(type(error), error, _stacktrace)
          ^^^^^^^^^^^^^^^^^^^^^^^^^^^^^^^^^^^^^^^^
  File "/home/airflow/.local/lib/python3.12/site-packages/urllib3/util/util.py", line 38, in reraise
    raise value.with_traceback(tb)
  File "/home/airflow/.local/lib/python3.12/site-packages/urllib3/connectionpool.py", line 787, in urlopen
    response = self._make_request(
               ^^^^^^^^^^^^^^^^^^^
  File "/home/airflow/.local/lib/python3.12/site-packages/urllib3/connectionpool.py", line 534, in _make_request
    response = conn.getresponse()
               ^^^^^^^^^^^^^^^^^^
  File "/home/airflow/.local/lib/python3.12/site-packages/urllib3/connection.py", line 516, in getresponse
    httplib_response = super().getresponse()
                       ^^^^^^^^^^^^^^^^^^^^^
  File "/usr/local/lib/python3.12/http/client.py", line 1430, in getresponse
    response.begin()
  File "/usr/local/lib/python3.12/http/client.py", line 331, in begin
    version, status, reason = self._read_status()
                              ^^^^^^^^^^^^^^^^^^^
  File "/usr/local/lib/python3.12/http/client.py", line 300, in _read_status
    raise RemoteDisconnected("Remote end closed connection without"
urllib3.exceptions.ProtocolError: ('Connection aborted.', RemoteDisconnected('Remote end closed connection without response'))

During handling of the above exception, another exception occurred:

Traceback (most recent call last):
  File "/home/airflow/.local/lib/python3.12/site-packages/google/auth/transport/requests.py", line 186, in __call__
    response = self.session.request(
               ^^^^^^^^^^^^^^^^^^^^^
  File "/home/airflow/.local/lib/python3.12/site-packages/requests/sessions.py", line 589, in request
    resp = self.send(prep, **send_kwargs)
           ^^^^^^^^^^^^^^^^^^^^^^^^^^^^^^
  File "/home/airflow/.local/lib/python3.12/site-packages/requests/sessions.py", line 703, in send
    r = adapter.send(request, **kwargs)
        ^^^^^^^^^^^^^^^^^^^^^^^^^^^^^^^
  File "/home/airflow/.local/lib/python3.12/site-packages/requests/adapters.py", line 682, in send
    raise ConnectionError(err, request=request)
requests.exceptions.ConnectionError: ('Connection aborted.', RemoteDisconnected('Remote end closed connection without response'))

The above exception was the direct cause of the following exception:

Traceback (most recent call last):
  File "/home/airflow/.local/lib/python3.12/site-packages/airflow/task/task_runner/standard_task_runner.py", line 117, in _start_by_fork
    ret = args.func(args, dag=self.dag)
          ^^^^^^^^^^^^^^^^^^^^^^^^^^^^^
  File "/home/airflow/.local/lib/python3.12/site-packages/airflow/cli/cli_config.py", line 49, in command
    return func(*args, **kwargs)
           ^^^^^^^^^^^^^^^^^^^^^
  File "/home/airflow/.local/lib/python3.12/site-packages/airflow/utils/cli.py", line 116, in wrapper
    return f(*args, **kwargs)
           ^^^^^^^^^^^^^^^^^^
  File "/home/airflow/.local/lib/python3.12/site-packages/airflow/cli/commands/task_command.py", line 483, in task_run
    task_return_code = _run_task_by_selected_method(args, _dag, ti)
                       ^^^^^^^^^^^^^^^^^^^^^^^^^^^^^^^^^^^^^^^^^^^^
  File "/home/airflow/.local/lib/python3.12/site-packages/airflow/cli/commands/task_command.py", line 256, in _run_task_by_selected_method
    return _run_raw_task(args, ti)
           ^^^^^^^^^^^^^^^^^^^^^^^
  File "/home/airflow/.local/lib/python3.12/site-packages/airflow/cli/commands/task_command.py", line 341, in _run_raw_task
    return ti._run_raw_task(
           ^^^^^^^^^^^^^^^^^
  File "/home/airflow/.local/lib/python3.12/site-packages/airflow/utils/session.py", line 97, in wrapper
    return func(*args, session=session, **kwargs)
           ^^^^^^^^^^^^^^^^^^^^^^^^^^^^^^^^^^^^^^
  File "/home/airflow/.local/lib/python3.12/site-packages/airflow/models/taskinstance.py", line 3006, in _run_raw_task
    return _run_raw_task(
           ^^^^^^^^^^^^^^
  File "/home/airflow/.local/lib/python3.12/site-packages/airflow/models/taskinstance.py", line 274, in _run_raw_task
    TaskInstance._execute_task_with_callbacks(
  File "/home/airflow/.local/lib/python3.12/site-packages/airflow/models/taskinstance.py", line 3161, in _execute_task_with_callbacks
    result = self._execute_task(context, task_orig)
             ^^^^^^^^^^^^^^^^^^^^^^^^^^^^^^^^^^^^^^
  File "/home/airflow/.local/lib/python3.12/site-packages/airflow/models/taskinstance.py", line 3185, in _execute_task
    return _execute_task(self, context, task_orig)
           ^^^^^^^^^^^^^^^^^^^^^^^^^^^^^^^^^^^^^^^
  File "/home/airflow/.local/lib/python3.12/site-packages/airflow/models/taskinstance.py", line 768, in _execute_task
    result = _execute_callable(context=context, **execute_callable_kwargs)
             ^^^^^^^^^^^^^^^^^^^^^^^^^^^^^^^^^^^^^^^^^^^^^^^^^^^^^^^^^^^^^
  File "/home/airflow/.local/lib/python3.12/site-packages/airflow/models/taskinstance.py", line 734, in _execute_callable
    return ExecutionCallableRunner(
           ^^^^^^^^^^^^^^^^^^^^^^^^
  File "/home/airflow/.local/lib/python3.12/site-packages/airflow/utils/operator_helpers.py", line 252, in run
    return self.func(*args, **kwargs)
           ^^^^^^^^^^^^^^^^^^^^^^^^^^
  File "/home/airflow/.local/lib/python3.12/site-packages/airflow/models/baseoperator.py", line 424, in wrapper
    return func(self, *args, **kwargs)
           ^^^^^^^^^^^^^^^^^^^^^^^^^^^
  File "/home/airflow/.local/lib/python3.12/site-packages/airflow/decorators/base.py", line 266, in execute
    return_value = super().execute(context)
                   ^^^^^^^^^^^^^^^^^^^^^^^^
  File "/home/airflow/.local/lib/python3.12/site-packages/airflow/models/baseoperator.py", line 424, in wrapper
    return func(self, *args, **kwargs)
           ^^^^^^^^^^^^^^^^^^^^^^^^^^^
  File "/home/airflow/.local/lib/python3.12/site-packages/airflow/operators/python.py", line 238, in execute
    return_value = self.execute_callable()
                   ^^^^^^^^^^^^^^^^^^^^^^^
  File "/home/airflow/.local/lib/python3.12/site-packages/airflow/operators/python.py", line 256, in execute_callable
    return runner.run(*self.op_args, **self.op_kwargs)
           ^^^^^^^^^^^^^^^^^^^^^^^^^^^^^^^^^^^^^^^^^^^
  File "/home/airflow/.local/lib/python3.12/site-packages/airflow/utils/operator_helpers.py", line 252, in run
    return self.func(*args, **kwargs)
           ^^^^^^^^^^^^^^^^^^^^^^^^^^
  File "/opt/airflow/dags/weather_forecast_ingestion_dag.py", line 57, in ingest
    save_weather_forecast_to_gcs(entry)
  File "/opt/airflow/app/ingestion/weather_forecast.py", line 84, in save_weather_forecast_to_gcs
    blob.upload_from_string(
  File "/usr/local/lib/python3.12/contextlib.py", line 81, in inner
    return func(*args, **kwds)
           ^^^^^^^^^^^^^^^^^^^
  File "/home/airflow/.local/lib/python3.12/site-packages/google/cloud/storage/blob.py", line 3128, in upload_from_string
    self.upload_from_file(
  File "/usr/local/lib/python3.12/contextlib.py", line 81, in inner
    return func(*args, **kwds)
           ^^^^^^^^^^^^^^^^^^^
  File "/home/airflow/.local/lib/python3.12/site-packages/google/cloud/storage/blob.py", line 2851, in upload_from_file
    self._prep_and_do_upload(
  File "/home/airflow/.local/lib/python3.12/site-packages/google/cloud/storage/blob.py", line 2700, in _prep_and_do_upload
    created_json = self._do_upload(
                   ^^^^^^^^^^^^^^^^
  File "/home/airflow/.local/lib/python3.12/site-packages/google/cloud/storage/blob.py", line 2506, in _do_upload
    response = self._do_multipart_upload(
               ^^^^^^^^^^^^^^^^^^^^^^^^^^
  File "/home/airflow/.local/lib/python3.12/site-packages/google/cloud/storage/blob.py", line 2007, in _do_multipart_upload
    response = upload.transmit(
               ^^^^^^^^^^^^^^^^
  File "/home/airflow/.local/lib/python3.12/site-packages/google/resumable_media/requests/upload.py", line 153, in transmit
    return _request_helpers.wait_and_retry(
           ^^^^^^^^^^^^^^^^^^^^^^^^^^^^^^^^
  File "/home/airflow/.local/lib/python3.12/site-packages/google/resumable_media/requests/_request_helpers.py", line 155, in wait_and_retry
    response = func()
               ^^^^^^
  File "/home/airflow/.local/lib/python3.12/site-packages/google/resumable_media/requests/upload.py", line 145, in retriable_request
    result = transport.request(
             ^^^^^^^^^^^^^^^^^^
  File "/home/airflow/.local/lib/python3.12/site-packages/google/auth/transport/requests.py", line 533, in request
    self.credentials.before_request(auth_request, method, url, request_headers)
  File "/home/airflow/.local/lib/python3.12/site-packages/google/auth/credentials.py", line 239, in before_request
    self._blocking_refresh(request)
  File "/home/airflow/.local/lib/python3.12/site-packages/google/auth/credentials.py", line 202, in _blocking_refresh
    self.refresh(request)
  File "/home/airflow/.local/lib/python3.12/site-packages/google/oauth2/service_account.py", line 448, in refresh
    access_token, expiry, _ = _client.jwt_grant(
                              ^^^^^^^^^^^^^^^^^^
  File "/home/airflow/.local/lib/python3.12/site-packages/google/oauth2/_client.py", line 299, in jwt_grant
    response_data = _token_endpoint_request(
                    ^^^^^^^^^^^^^^^^^^^^^^^^
  File "/home/airflow/.local/lib/python3.12/site-packages/google/oauth2/_client.py", line 259, in _token_endpoint_request
    response_status_ok, response_data, retryable_error = _token_endpoint_request_no_throw(
                                                         ^^^^^^^^^^^^^^^^^^^^^^^^^^^^^^^^^
  File "/home/airflow/.local/lib/python3.12/site-packages/google/oauth2/_client.py", line 192, in _token_endpoint_request_no_throw
    response = request(
               ^^^^^^^^
  File "/home/airflow/.local/lib/python3.12/site-packages/google/auth/transport/requests.py", line 192, in __call__
    raise new_exc from caught_exc
google.auth.exceptions.TransportError: ('Connection aborted.', RemoteDisconnected('Remote end closed connection without response'))
[2025-04-13T06:10:11.345+0000] {local_task_job_runner.py:266} INFO - Task exited with return code 1
[2025-04-13T06:10:11.364+0000] {taskinstance.py:3901} INFO - 0 downstream tasks scheduled from follow-on schedule check
[2025-04-13T06:10:11.366+0000] {local_task_job_runner.py:245} INFO - ::endgroup::
