[2025-04-13T15:01:47.023+0000] {local_task_job_runner.py:123} INFO - ::group::Pre task execution logs
[2025-04-13T15:01:47.036+0000] {taskinstance.py:2614} INFO - Dependencies all met for dep_context=non-requeueable deps ti=<TaskInstance: weather_forecast_ingestion_dag.ingest scheduled__2025-04-13T14:00:00+00:00 [queued]>
[2025-04-13T15:01:47.041+0000] {taskinstance.py:2614} INFO - Dependencies all met for dep_context=requeueable deps ti=<TaskInstance: weather_forecast_ingestion_dag.ingest scheduled__2025-04-13T14:00:00+00:00 [queued]>
[2025-04-13T15:01:47.041+0000] {taskinstance.py:2867} INFO - Starting attempt 1 of 2
[2025-04-13T15:01:47.048+0000] {taskinstance.py:2890} INFO - Executing <Task(_PythonDecoratedOperator): ingest> on 2025-04-13 14:00:00+00:00
[2025-04-13T15:01:47.051+0000] {warnings.py:112} WARNING - /home/***/.local/lib/python3.12/site-packages/***/task/task_runner/standard_task_runner.py:70: DeprecationWarning: This process (pid=502) is multi-threaded, use of fork() may lead to deadlocks in the child.
  pid = os.fork()

[2025-04-13T15:01:47.053+0000] {standard_task_runner.py:72} INFO - Started process 505 to run task
[2025-04-13T15:01:47.053+0000] {standard_task_runner.py:104} INFO - Running: ['***', 'tasks', 'run', 'weather_forecast_ingestion_dag', 'ingest', 'scheduled__2025-04-13T14:00:00+00:00', '--job-id', '919', '--raw', '--subdir', 'DAGS_FOLDER/weather_forecast_ingestion_dag.py', '--cfg-path', '/tmp/tmpvgdzb3qn']
[2025-04-13T15:01:47.056+0000] {standard_task_runner.py:105} INFO - Job 919: Subtask ingest
[2025-04-13T15:01:47.134+0000] {task_command.py:467} INFO - Running <TaskInstance: weather_forecast_ingestion_dag.ingest scheduled__2025-04-13T14:00:00+00:00 [running]> on host caedfbfc7792
[2025-04-13T15:01:47.241+0000] {taskinstance.py:3134} INFO - Exporting env vars: AIRFLOW_CTX_DAG_OWNER='beni' AIRFLOW_CTX_DAG_ID='weather_forecast_ingestion_dag' AIRFLOW_CTX_TASK_ID='ingest' AIRFLOW_CTX_EXECUTION_DATE='2025-04-13T14:00:00+00:00' AIRFLOW_CTX_TRY_NUMBER='1' AIRFLOW_CTX_DAG_RUN_ID='scheduled__2025-04-13T14:00:00+00:00'
[2025-04-13T15:01:47.242+0000] {taskinstance.py:732} INFO - ::endgroup::
[2025-04-13T15:01:47.244+0000] {weather_forecast_ingestion_dag.py:37} INFO - 🌤️ Fetching forecast from 2025-04-13 to 2025-04-21
[2025-04-13T15:01:47.429+0000] {weather_forecast_ingestion_dag.py:53} INFO - 📦 Filtered 110 future forecast entries
[2025-04-13T15:01:47.430+0000] {weather_forecast_ingestion_dag.py:56} INFO - 💾 Saving forecast for 2025-04-13T16:00:00+00:00
[2025-04-13T15:01:47.899+0000] {logging_mixin.py:190} INFO - 🌤️ Saved forecast: gs://gooutside-raw/weather_forecast/bamberg/2025-04-13T1600.json
[2025-04-13T15:01:47.900+0000] {weather_forecast_ingestion_dag.py:56} INFO - 💾 Saving forecast for 2025-04-13T17:00:00+00:00
[2025-04-13T15:01:48.309+0000] {logging_mixin.py:190} INFO - 🌤️ Saved forecast: gs://gooutside-raw/weather_forecast/bamberg/2025-04-13T1700.json
[2025-04-13T15:01:48.310+0000] {weather_forecast_ingestion_dag.py:56} INFO - 💾 Saving forecast for 2025-04-13T18:00:00+00:00
[2025-04-13T15:01:48.727+0000] {logging_mixin.py:190} INFO - 🌤️ Saved forecast: gs://gooutside-raw/weather_forecast/bamberg/2025-04-13T1800.json
[2025-04-13T15:01:48.727+0000] {weather_forecast_ingestion_dag.py:56} INFO - 💾 Saving forecast for 2025-04-13T19:00:00+00:00
[2025-04-13T15:01:49.102+0000] {logging_mixin.py:190} INFO - 🌤️ Saved forecast: gs://gooutside-raw/weather_forecast/bamberg/2025-04-13T1900.json
[2025-04-13T15:01:49.102+0000] {weather_forecast_ingestion_dag.py:56} INFO - 💾 Saving forecast for 2025-04-13T20:00:00+00:00
[2025-04-13T15:01:49.433+0000] {logging_mixin.py:190} INFO - 🌤️ Saved forecast: gs://gooutside-raw/weather_forecast/bamberg/2025-04-13T2000.json
[2025-04-13T15:01:49.437+0000] {weather_forecast_ingestion_dag.py:56} INFO - 💾 Saving forecast for 2025-04-14T06:00:00+00:00
[2025-04-13T15:01:49.794+0000] {logging_mixin.py:190} INFO - 🌤️ Saved forecast: gs://gooutside-raw/weather_forecast/bamberg/2025-04-14T0600.json
[2025-04-13T15:01:49.795+0000] {weather_forecast_ingestion_dag.py:56} INFO - 💾 Saving forecast for 2025-04-14T07:00:00+00:00
[2025-04-13T15:01:50.159+0000] {logging_mixin.py:190} INFO - 🌤️ Saved forecast: gs://gooutside-raw/weather_forecast/bamberg/2025-04-14T0700.json
[2025-04-13T15:01:50.160+0000] {weather_forecast_ingestion_dag.py:56} INFO - 💾 Saving forecast for 2025-04-14T08:00:00+00:00
[2025-04-13T15:01:50.545+0000] {logging_mixin.py:190} INFO - 🌤️ Saved forecast: gs://gooutside-raw/weather_forecast/bamberg/2025-04-14T0800.json
[2025-04-13T15:01:50.545+0000] {weather_forecast_ingestion_dag.py:56} INFO - 💾 Saving forecast for 2025-04-14T09:00:00+00:00
[2025-04-13T15:01:50.913+0000] {logging_mixin.py:190} INFO - 🌤️ Saved forecast: gs://gooutside-raw/weather_forecast/bamberg/2025-04-14T0900.json
[2025-04-13T15:01:50.914+0000] {weather_forecast_ingestion_dag.py:56} INFO - 💾 Saving forecast for 2025-04-14T10:00:00+00:00
[2025-04-13T15:01:51.313+0000] {logging_mixin.py:190} INFO - 🌤️ Saved forecast: gs://gooutside-raw/weather_forecast/bamberg/2025-04-14T1000.json
[2025-04-13T15:01:51.313+0000] {weather_forecast_ingestion_dag.py:56} INFO - 💾 Saving forecast for 2025-04-14T11:00:00+00:00
[2025-04-13T15:01:51.685+0000] {logging_mixin.py:190} INFO - 🌤️ Saved forecast: gs://gooutside-raw/weather_forecast/bamberg/2025-04-14T1100.json
[2025-04-13T15:01:51.686+0000] {weather_forecast_ingestion_dag.py:56} INFO - 💾 Saving forecast for 2025-04-14T12:00:00+00:00
[2025-04-13T15:01:52.065+0000] {logging_mixin.py:190} INFO - 🌤️ Saved forecast: gs://gooutside-raw/weather_forecast/bamberg/2025-04-14T1200.json
[2025-04-13T15:01:52.066+0000] {weather_forecast_ingestion_dag.py:56} INFO - 💾 Saving forecast for 2025-04-14T13:00:00+00:00
[2025-04-13T15:01:52.430+0000] {logging_mixin.py:190} INFO - 🌤️ Saved forecast: gs://gooutside-raw/weather_forecast/bamberg/2025-04-14T1300.json
[2025-04-13T15:01:52.431+0000] {weather_forecast_ingestion_dag.py:56} INFO - 💾 Saving forecast for 2025-04-14T14:00:00+00:00
[2025-04-13T15:01:52.803+0000] {logging_mixin.py:190} INFO - 🌤️ Saved forecast: gs://gooutside-raw/weather_forecast/bamberg/2025-04-14T1400.json
[2025-04-13T15:01:52.804+0000] {weather_forecast_ingestion_dag.py:56} INFO - 💾 Saving forecast for 2025-04-14T15:00:00+00:00
[2025-04-13T15:01:53.184+0000] {logging_mixin.py:190} INFO - 🌤️ Saved forecast: gs://gooutside-raw/weather_forecast/bamberg/2025-04-14T1500.json
[2025-04-13T15:01:53.185+0000] {weather_forecast_ingestion_dag.py:56} INFO - 💾 Saving forecast for 2025-04-14T16:00:00+00:00
[2025-04-13T15:01:53.558+0000] {logging_mixin.py:190} INFO - 🌤️ Saved forecast: gs://gooutside-raw/weather_forecast/bamberg/2025-04-14T1600.json
[2025-04-13T15:01:53.559+0000] {weather_forecast_ingestion_dag.py:56} INFO - 💾 Saving forecast for 2025-04-14T17:00:00+00:00
[2025-04-13T15:01:53.963+0000] {logging_mixin.py:190} INFO - 🌤️ Saved forecast: gs://gooutside-raw/weather_forecast/bamberg/2025-04-14T1700.json
[2025-04-13T15:01:53.964+0000] {weather_forecast_ingestion_dag.py:56} INFO - 💾 Saving forecast for 2025-04-14T18:00:00+00:00
[2025-04-13T15:01:54.319+0000] {logging_mixin.py:190} INFO - 🌤️ Saved forecast: gs://gooutside-raw/weather_forecast/bamberg/2025-04-14T1800.json
[2025-04-13T15:01:54.319+0000] {weather_forecast_ingestion_dag.py:56} INFO - 💾 Saving forecast for 2025-04-14T19:00:00+00:00
[2025-04-13T15:01:54.667+0000] {logging_mixin.py:190} INFO - 🌤️ Saved forecast: gs://gooutside-raw/weather_forecast/bamberg/2025-04-14T1900.json
[2025-04-13T15:01:54.669+0000] {weather_forecast_ingestion_dag.py:56} INFO - 💾 Saving forecast for 2025-04-14T20:00:00+00:00
[2025-04-13T15:01:55.061+0000] {logging_mixin.py:190} INFO - 🌤️ Saved forecast: gs://gooutside-raw/weather_forecast/bamberg/2025-04-14T2000.json
[2025-04-13T15:01:55.062+0000] {weather_forecast_ingestion_dag.py:56} INFO - 💾 Saving forecast for 2025-04-15T06:00:00+00:00
[2025-04-13T15:01:55.445+0000] {logging_mixin.py:190} INFO - 🌤️ Saved forecast: gs://gooutside-raw/weather_forecast/bamberg/2025-04-15T0600.json
[2025-04-13T15:01:55.446+0000] {weather_forecast_ingestion_dag.py:56} INFO - 💾 Saving forecast for 2025-04-15T07:00:00+00:00
[2025-04-13T15:01:55.798+0000] {logging_mixin.py:190} INFO - 🌤️ Saved forecast: gs://gooutside-raw/weather_forecast/bamberg/2025-04-15T0700.json
[2025-04-13T15:01:55.799+0000] {weather_forecast_ingestion_dag.py:56} INFO - 💾 Saving forecast for 2025-04-15T08:00:00+00:00
[2025-04-13T15:01:56.163+0000] {logging_mixin.py:190} INFO - 🌤️ Saved forecast: gs://gooutside-raw/weather_forecast/bamberg/2025-04-15T0800.json
[2025-04-13T15:01:56.164+0000] {weather_forecast_ingestion_dag.py:56} INFO - 💾 Saving forecast for 2025-04-15T09:00:00+00:00
[2025-04-13T15:01:56.554+0000] {logging_mixin.py:190} INFO - 🌤️ Saved forecast: gs://gooutside-raw/weather_forecast/bamberg/2025-04-15T0900.json
[2025-04-13T15:01:56.554+0000] {weather_forecast_ingestion_dag.py:56} INFO - 💾 Saving forecast for 2025-04-15T10:00:00+00:00
[2025-04-13T15:01:56.929+0000] {logging_mixin.py:190} INFO - 🌤️ Saved forecast: gs://gooutside-raw/weather_forecast/bamberg/2025-04-15T1000.json
[2025-04-13T15:01:56.929+0000] {weather_forecast_ingestion_dag.py:56} INFO - 💾 Saving forecast for 2025-04-15T11:00:00+00:00
[2025-04-13T15:01:57.274+0000] {logging_mixin.py:190} INFO - 🌤️ Saved forecast: gs://gooutside-raw/weather_forecast/bamberg/2025-04-15T1100.json
[2025-04-13T15:01:57.274+0000] {weather_forecast_ingestion_dag.py:56} INFO - 💾 Saving forecast for 2025-04-15T12:00:00+00:00
[2025-04-13T15:01:57.598+0000] {logging_mixin.py:190} INFO - 🌤️ Saved forecast: gs://gooutside-raw/weather_forecast/bamberg/2025-04-15T1200.json
[2025-04-13T15:01:57.598+0000] {weather_forecast_ingestion_dag.py:56} INFO - 💾 Saving forecast for 2025-04-15T13:00:00+00:00
[2025-04-13T15:01:57.999+0000] {logging_mixin.py:190} INFO - 🌤️ Saved forecast: gs://gooutside-raw/weather_forecast/bamberg/2025-04-15T1300.json
[2025-04-13T15:01:58.001+0000] {weather_forecast_ingestion_dag.py:56} INFO - 💾 Saving forecast for 2025-04-15T14:00:00+00:00
[2025-04-13T15:01:58.869+0000] {logging_mixin.py:190} INFO - 🌤️ Saved forecast: gs://gooutside-raw/weather_forecast/bamberg/2025-04-15T1400.json
[2025-04-13T15:01:58.869+0000] {weather_forecast_ingestion_dag.py:56} INFO - 💾 Saving forecast for 2025-04-15T15:00:00+00:00
[2025-04-13T15:01:59.701+0000] {logging_mixin.py:190} INFO - 🌤️ Saved forecast: gs://gooutside-raw/weather_forecast/bamberg/2025-04-15T1500.json
[2025-04-13T15:01:59.703+0000] {weather_forecast_ingestion_dag.py:56} INFO - 💾 Saving forecast for 2025-04-15T16:00:00+00:00
[2025-04-13T15:02:00.681+0000] {logging_mixin.py:190} INFO - 🌤️ Saved forecast: gs://gooutside-raw/weather_forecast/bamberg/2025-04-15T1600.json
[2025-04-13T15:02:00.683+0000] {weather_forecast_ingestion_dag.py:56} INFO - 💾 Saving forecast for 2025-04-15T17:00:00+00:00
[2025-04-13T15:02:01.553+0000] {logging_mixin.py:190} INFO - 🌤️ Saved forecast: gs://gooutside-raw/weather_forecast/bamberg/2025-04-15T1700.json
[2025-04-13T15:02:01.554+0000] {weather_forecast_ingestion_dag.py:56} INFO - 💾 Saving forecast for 2025-04-15T18:00:00+00:00
[2025-04-13T15:02:02.392+0000] {logging_mixin.py:190} INFO - 🌤️ Saved forecast: gs://gooutside-raw/weather_forecast/bamberg/2025-04-15T1800.json
[2025-04-13T15:02:02.394+0000] {weather_forecast_ingestion_dag.py:56} INFO - 💾 Saving forecast for 2025-04-15T19:00:00+00:00
[2025-04-13T15:02:03.208+0000] {logging_mixin.py:190} INFO - 🌤️ Saved forecast: gs://gooutside-raw/weather_forecast/bamberg/2025-04-15T1900.json
[2025-04-13T15:02:03.209+0000] {weather_forecast_ingestion_dag.py:56} INFO - 💾 Saving forecast for 2025-04-15T20:00:00+00:00
[2025-04-13T15:02:03.587+0000] {logging_mixin.py:190} INFO - 🌤️ Saved forecast: gs://gooutside-raw/weather_forecast/bamberg/2025-04-15T2000.json
[2025-04-13T15:02:03.588+0000] {weather_forecast_ingestion_dag.py:56} INFO - 💾 Saving forecast for 2025-04-16T06:00:00+00:00
[2025-04-13T15:02:04.027+0000] {logging_mixin.py:190} INFO - 🌤️ Saved forecast: gs://gooutside-raw/weather_forecast/bamberg/2025-04-16T0600.json
[2025-04-13T15:02:04.028+0000] {weather_forecast_ingestion_dag.py:56} INFO - 💾 Saving forecast for 2025-04-16T07:00:00+00:00
[2025-04-13T15:02:04.413+0000] {logging_mixin.py:190} INFO - 🌤️ Saved forecast: gs://gooutside-raw/weather_forecast/bamberg/2025-04-16T0700.json
[2025-04-13T15:02:04.415+0000] {weather_forecast_ingestion_dag.py:56} INFO - 💾 Saving forecast for 2025-04-16T08:00:00+00:00
[2025-04-13T15:02:04.784+0000] {logging_mixin.py:190} INFO - 🌤️ Saved forecast: gs://gooutside-raw/weather_forecast/bamberg/2025-04-16T0800.json
[2025-04-13T15:02:04.785+0000] {weather_forecast_ingestion_dag.py:56} INFO - 💾 Saving forecast for 2025-04-16T09:00:00+00:00
[2025-04-13T15:02:05.134+0000] {logging_mixin.py:190} INFO - 🌤️ Saved forecast: gs://gooutside-raw/weather_forecast/bamberg/2025-04-16T0900.json
[2025-04-13T15:02:05.136+0000] {weather_forecast_ingestion_dag.py:56} INFO - 💾 Saving forecast for 2025-04-16T10:00:00+00:00
[2025-04-13T15:02:05.543+0000] {logging_mixin.py:190} INFO - 🌤️ Saved forecast: gs://gooutside-raw/weather_forecast/bamberg/2025-04-16T1000.json
[2025-04-13T15:02:05.544+0000] {weather_forecast_ingestion_dag.py:56} INFO - 💾 Saving forecast for 2025-04-16T11:00:00+00:00
[2025-04-13T15:02:05.889+0000] {logging_mixin.py:190} INFO - 🌤️ Saved forecast: gs://gooutside-raw/weather_forecast/bamberg/2025-04-16T1100.json
[2025-04-13T15:02:05.889+0000] {weather_forecast_ingestion_dag.py:56} INFO - 💾 Saving forecast for 2025-04-16T12:00:00+00:00
[2025-04-13T15:02:06.250+0000] {logging_mixin.py:190} INFO - 🌤️ Saved forecast: gs://gooutside-raw/weather_forecast/bamberg/2025-04-16T1200.json
[2025-04-13T15:02:06.250+0000] {weather_forecast_ingestion_dag.py:56} INFO - 💾 Saving forecast for 2025-04-16T13:00:00+00:00
[2025-04-13T15:02:06.581+0000] {logging_mixin.py:190} INFO - 🌤️ Saved forecast: gs://gooutside-raw/weather_forecast/bamberg/2025-04-16T1300.json
[2025-04-13T15:02:06.582+0000] {weather_forecast_ingestion_dag.py:56} INFO - 💾 Saving forecast for 2025-04-16T14:00:00+00:00
[2025-04-13T15:02:06.946+0000] {logging_mixin.py:190} INFO - 🌤️ Saved forecast: gs://gooutside-raw/weather_forecast/bamberg/2025-04-16T1400.json
[2025-04-13T15:02:06.946+0000] {weather_forecast_ingestion_dag.py:56} INFO - 💾 Saving forecast for 2025-04-16T15:00:00+00:00
[2025-04-13T15:02:07.332+0000] {logging_mixin.py:190} INFO - 🌤️ Saved forecast: gs://gooutside-raw/weather_forecast/bamberg/2025-04-16T1500.json
[2025-04-13T15:02:07.332+0000] {weather_forecast_ingestion_dag.py:56} INFO - 💾 Saving forecast for 2025-04-16T16:00:00+00:00
[2025-04-13T15:02:07.740+0000] {logging_mixin.py:190} INFO - 🌤️ Saved forecast: gs://gooutside-raw/weather_forecast/bamberg/2025-04-16T1600.json
[2025-04-13T15:02:07.741+0000] {weather_forecast_ingestion_dag.py:56} INFO - 💾 Saving forecast for 2025-04-16T17:00:00+00:00
[2025-04-13T15:02:08.095+0000] {logging_mixin.py:190} INFO - 🌤️ Saved forecast: gs://gooutside-raw/weather_forecast/bamberg/2025-04-16T1700.json
[2025-04-13T15:02:08.097+0000] {weather_forecast_ingestion_dag.py:56} INFO - 💾 Saving forecast for 2025-04-16T18:00:00+00:00
[2025-04-13T15:02:08.483+0000] {logging_mixin.py:190} INFO - 🌤️ Saved forecast: gs://gooutside-raw/weather_forecast/bamberg/2025-04-16T1800.json
[2025-04-13T15:02:08.484+0000] {weather_forecast_ingestion_dag.py:56} INFO - 💾 Saving forecast for 2025-04-16T19:00:00+00:00
[2025-04-13T15:02:08.852+0000] {logging_mixin.py:190} INFO - 🌤️ Saved forecast: gs://gooutside-raw/weather_forecast/bamberg/2025-04-16T1900.json
[2025-04-13T15:02:08.852+0000] {weather_forecast_ingestion_dag.py:56} INFO - 💾 Saving forecast for 2025-04-16T20:00:00+00:00
[2025-04-13T15:02:09.195+0000] {logging_mixin.py:190} INFO - 🌤️ Saved forecast: gs://gooutside-raw/weather_forecast/bamberg/2025-04-16T2000.json
[2025-04-13T15:02:09.196+0000] {weather_forecast_ingestion_dag.py:56} INFO - 💾 Saving forecast for 2025-04-17T06:00:00+00:00
[2025-04-13T15:02:09.583+0000] {logging_mixin.py:190} INFO - 🌤️ Saved forecast: gs://gooutside-raw/weather_forecast/bamberg/2025-04-17T0600.json
[2025-04-13T15:02:09.585+0000] {weather_forecast_ingestion_dag.py:56} INFO - 💾 Saving forecast for 2025-04-17T07:00:00+00:00
[2025-04-13T15:02:09.965+0000] {logging_mixin.py:190} INFO - 🌤️ Saved forecast: gs://gooutside-raw/weather_forecast/bamberg/2025-04-17T0700.json
[2025-04-13T15:02:09.966+0000] {weather_forecast_ingestion_dag.py:56} INFO - 💾 Saving forecast for 2025-04-17T08:00:00+00:00
[2025-04-13T15:02:10.315+0000] {logging_mixin.py:190} INFO - 🌤️ Saved forecast: gs://gooutside-raw/weather_forecast/bamberg/2025-04-17T0800.json
[2025-04-13T15:02:10.316+0000] {weather_forecast_ingestion_dag.py:56} INFO - 💾 Saving forecast for 2025-04-17T09:00:00+00:00
[2025-04-13T15:02:10.695+0000] {logging_mixin.py:190} INFO - 🌤️ Saved forecast: gs://gooutside-raw/weather_forecast/bamberg/2025-04-17T0900.json
[2025-04-13T15:02:10.695+0000] {weather_forecast_ingestion_dag.py:56} INFO - 💾 Saving forecast for 2025-04-17T10:00:00+00:00
[2025-04-13T15:02:11.040+0000] {logging_mixin.py:190} INFO - 🌤️ Saved forecast: gs://gooutside-raw/weather_forecast/bamberg/2025-04-17T1000.json
[2025-04-13T15:02:11.041+0000] {weather_forecast_ingestion_dag.py:56} INFO - 💾 Saving forecast for 2025-04-17T11:00:00+00:00
[2025-04-13T15:02:11.383+0000] {logging_mixin.py:190} INFO - 🌤️ Saved forecast: gs://gooutside-raw/weather_forecast/bamberg/2025-04-17T1100.json
[2025-04-13T15:02:11.384+0000] {weather_forecast_ingestion_dag.py:56} INFO - 💾 Saving forecast for 2025-04-17T12:00:00+00:00
[2025-04-13T15:02:11.741+0000] {logging_mixin.py:190} INFO - 🌤️ Saved forecast: gs://gooutside-raw/weather_forecast/bamberg/2025-04-17T1200.json
[2025-04-13T15:02:11.742+0000] {weather_forecast_ingestion_dag.py:56} INFO - 💾 Saving forecast for 2025-04-17T13:00:00+00:00
[2025-04-13T15:02:12.118+0000] {logging_mixin.py:190} INFO - 🌤️ Saved forecast: gs://gooutside-raw/weather_forecast/bamberg/2025-04-17T1300.json
[2025-04-13T15:02:12.120+0000] {weather_forecast_ingestion_dag.py:56} INFO - 💾 Saving forecast for 2025-04-17T14:00:00+00:00
[2025-04-13T15:02:12.522+0000] {logging_mixin.py:190} INFO - 🌤️ Saved forecast: gs://gooutside-raw/weather_forecast/bamberg/2025-04-17T1400.json
[2025-04-13T15:02:12.523+0000] {weather_forecast_ingestion_dag.py:56} INFO - 💾 Saving forecast for 2025-04-17T15:00:00+00:00
[2025-04-13T15:02:12.889+0000] {logging_mixin.py:190} INFO - 🌤️ Saved forecast: gs://gooutside-raw/weather_forecast/bamberg/2025-04-17T1500.json
[2025-04-13T15:02:12.890+0000] {weather_forecast_ingestion_dag.py:56} INFO - 💾 Saving forecast for 2025-04-17T16:00:00+00:00
[2025-04-13T15:02:13.354+0000] {logging_mixin.py:190} INFO - 🌤️ Saved forecast: gs://gooutside-raw/weather_forecast/bamberg/2025-04-17T1600.json
[2025-04-13T15:02:13.356+0000] {weather_forecast_ingestion_dag.py:56} INFO - 💾 Saving forecast for 2025-04-17T17:00:00+00:00
[2025-04-13T15:02:13.744+0000] {logging_mixin.py:190} INFO - 🌤️ Saved forecast: gs://gooutside-raw/weather_forecast/bamberg/2025-04-17T1700.json
[2025-04-13T15:02:13.744+0000] {weather_forecast_ingestion_dag.py:56} INFO - 💾 Saving forecast for 2025-04-17T18:00:00+00:00
[2025-04-13T15:02:14.128+0000] {logging_mixin.py:190} INFO - 🌤️ Saved forecast: gs://gooutside-raw/weather_forecast/bamberg/2025-04-17T1800.json
[2025-04-13T15:02:14.129+0000] {weather_forecast_ingestion_dag.py:56} INFO - 💾 Saving forecast for 2025-04-17T19:00:00+00:00
[2025-04-13T15:02:14.509+0000] {logging_mixin.py:190} INFO - 🌤️ Saved forecast: gs://gooutside-raw/weather_forecast/bamberg/2025-04-17T1900.json
[2025-04-13T15:02:14.510+0000] {weather_forecast_ingestion_dag.py:56} INFO - 💾 Saving forecast for 2025-04-17T20:00:00+00:00
[2025-04-13T15:02:14.868+0000] {logging_mixin.py:190} INFO - 🌤️ Saved forecast: gs://gooutside-raw/weather_forecast/bamberg/2025-04-17T2000.json
[2025-04-13T15:02:14.868+0000] {weather_forecast_ingestion_dag.py:56} INFO - 💾 Saving forecast for 2025-04-18T06:00:00+00:00
[2025-04-13T15:02:15.250+0000] {logging_mixin.py:190} INFO - 🌤️ Saved forecast: gs://gooutside-raw/weather_forecast/bamberg/2025-04-18T0600.json
[2025-04-13T15:02:15.251+0000] {weather_forecast_ingestion_dag.py:56} INFO - 💾 Saving forecast for 2025-04-18T07:00:00+00:00
[2025-04-13T15:02:15.632+0000] {logging_mixin.py:190} INFO - 🌤️ Saved forecast: gs://gooutside-raw/weather_forecast/bamberg/2025-04-18T0700.json
[2025-04-13T15:02:15.634+0000] {weather_forecast_ingestion_dag.py:56} INFO - 💾 Saving forecast for 2025-04-18T08:00:00+00:00
[2025-04-13T15:02:16.014+0000] {logging_mixin.py:190} INFO - 🌤️ Saved forecast: gs://gooutside-raw/weather_forecast/bamberg/2025-04-18T0800.json
[2025-04-13T15:02:16.015+0000] {weather_forecast_ingestion_dag.py:56} INFO - 💾 Saving forecast for 2025-04-18T09:00:00+00:00
[2025-04-13T15:02:16.375+0000] {logging_mixin.py:190} INFO - 🌤️ Saved forecast: gs://gooutside-raw/weather_forecast/bamberg/2025-04-18T0900.json
[2025-04-13T15:02:16.376+0000] {weather_forecast_ingestion_dag.py:56} INFO - 💾 Saving forecast for 2025-04-18T10:00:00+00:00
[2025-04-13T15:02:16.752+0000] {logging_mixin.py:190} INFO - 🌤️ Saved forecast: gs://gooutside-raw/weather_forecast/bamberg/2025-04-18T1000.json
[2025-04-13T15:02:16.752+0000] {weather_forecast_ingestion_dag.py:56} INFO - 💾 Saving forecast for 2025-04-18T11:00:00+00:00
[2025-04-13T15:02:17.100+0000] {logging_mixin.py:190} INFO - 🌤️ Saved forecast: gs://gooutside-raw/weather_forecast/bamberg/2025-04-18T1100.json
[2025-04-13T15:02:17.101+0000] {weather_forecast_ingestion_dag.py:56} INFO - 💾 Saving forecast for 2025-04-18T12:00:00+00:00
[2025-04-13T15:02:17.458+0000] {logging_mixin.py:190} INFO - 🌤️ Saved forecast: gs://gooutside-raw/weather_forecast/bamberg/2025-04-18T1200.json
[2025-04-13T15:02:17.459+0000] {weather_forecast_ingestion_dag.py:56} INFO - 💾 Saving forecast for 2025-04-18T13:00:00+00:00
[2025-04-13T15:02:17.818+0000] {logging_mixin.py:190} INFO - 🌤️ Saved forecast: gs://gooutside-raw/weather_forecast/bamberg/2025-04-18T1300.json
[2025-04-13T15:02:17.819+0000] {weather_forecast_ingestion_dag.py:56} INFO - 💾 Saving forecast for 2025-04-18T14:00:00+00:00
[2025-04-13T15:02:18.171+0000] {logging_mixin.py:190} INFO - 🌤️ Saved forecast: gs://gooutside-raw/weather_forecast/bamberg/2025-04-18T1400.json
[2025-04-13T15:02:18.171+0000] {weather_forecast_ingestion_dag.py:56} INFO - 💾 Saving forecast for 2025-04-18T15:00:00+00:00
[2025-04-13T15:02:18.522+0000] {logging_mixin.py:190} INFO - 🌤️ Saved forecast: gs://gooutside-raw/weather_forecast/bamberg/2025-04-18T1500.json
[2025-04-13T15:02:18.523+0000] {weather_forecast_ingestion_dag.py:56} INFO - 💾 Saving forecast for 2025-04-18T16:00:00+00:00
[2025-04-13T15:02:18.910+0000] {logging_mixin.py:190} INFO - 🌤️ Saved forecast: gs://gooutside-raw/weather_forecast/bamberg/2025-04-18T1600.json
[2025-04-13T15:02:18.910+0000] {weather_forecast_ingestion_dag.py:56} INFO - 💾 Saving forecast for 2025-04-18T17:00:00+00:00
[2025-04-13T15:02:19.273+0000] {logging_mixin.py:190} INFO - 🌤️ Saved forecast: gs://gooutside-raw/weather_forecast/bamberg/2025-04-18T1700.json
[2025-04-13T15:02:19.274+0000] {weather_forecast_ingestion_dag.py:56} INFO - 💾 Saving forecast for 2025-04-18T18:00:00+00:00
[2025-04-13T15:02:19.623+0000] {logging_mixin.py:190} INFO - 🌤️ Saved forecast: gs://gooutside-raw/weather_forecast/bamberg/2025-04-18T1800.json
[2025-04-13T15:02:19.624+0000] {weather_forecast_ingestion_dag.py:56} INFO - 💾 Saving forecast for 2025-04-18T19:00:00+00:00
[2025-04-13T15:02:19.991+0000] {logging_mixin.py:190} INFO - 🌤️ Saved forecast: gs://gooutside-raw/weather_forecast/bamberg/2025-04-18T1900.json
[2025-04-13T15:02:19.992+0000] {weather_forecast_ingestion_dag.py:56} INFO - 💾 Saving forecast for 2025-04-18T20:00:00+00:00
[2025-04-13T15:02:20.341+0000] {logging_mixin.py:190} INFO - 🌤️ Saved forecast: gs://gooutside-raw/weather_forecast/bamberg/2025-04-18T2000.json
[2025-04-13T15:02:20.341+0000] {weather_forecast_ingestion_dag.py:56} INFO - 💾 Saving forecast for 2025-04-19T06:00:00+00:00
[2025-04-13T15:02:20.731+0000] {logging_mixin.py:190} INFO - 🌤️ Saved forecast: gs://gooutside-raw/weather_forecast/bamberg/2025-04-19T0600.json
[2025-04-13T15:02:20.732+0000] {weather_forecast_ingestion_dag.py:56} INFO - 💾 Saving forecast for 2025-04-19T07:00:00+00:00
[2025-04-13T15:02:21.100+0000] {logging_mixin.py:190} INFO - 🌤️ Saved forecast: gs://gooutside-raw/weather_forecast/bamberg/2025-04-19T0700.json
[2025-04-13T15:02:21.100+0000] {weather_forecast_ingestion_dag.py:56} INFO - 💾 Saving forecast for 2025-04-19T08:00:00+00:00
[2025-04-13T15:02:21.457+0000] {logging_mixin.py:190} INFO - 🌤️ Saved forecast: gs://gooutside-raw/weather_forecast/bamberg/2025-04-19T0800.json
[2025-04-13T15:02:21.458+0000] {weather_forecast_ingestion_dag.py:56} INFO - 💾 Saving forecast for 2025-04-19T09:00:00+00:00
[2025-04-13T15:02:21.812+0000] {logging_mixin.py:190} INFO - 🌤️ Saved forecast: gs://gooutside-raw/weather_forecast/bamberg/2025-04-19T0900.json
[2025-04-13T15:02:21.814+0000] {weather_forecast_ingestion_dag.py:56} INFO - 💾 Saving forecast for 2025-04-19T10:00:00+00:00
[2025-04-13T15:02:22.181+0000] {logging_mixin.py:190} INFO - 🌤️ Saved forecast: gs://gooutside-raw/weather_forecast/bamberg/2025-04-19T1000.json
[2025-04-13T15:02:22.182+0000] {weather_forecast_ingestion_dag.py:56} INFO - 💾 Saving forecast for 2025-04-19T11:00:00+00:00
[2025-04-13T15:02:22.562+0000] {logging_mixin.py:190} INFO - 🌤️ Saved forecast: gs://gooutside-raw/weather_forecast/bamberg/2025-04-19T1100.json
[2025-04-13T15:02:22.563+0000] {weather_forecast_ingestion_dag.py:56} INFO - 💾 Saving forecast for 2025-04-19T12:00:00+00:00
[2025-04-13T15:02:22.973+0000] {logging_mixin.py:190} INFO - 🌤️ Saved forecast: gs://gooutside-raw/weather_forecast/bamberg/2025-04-19T1200.json
[2025-04-13T15:02:22.974+0000] {weather_forecast_ingestion_dag.py:56} INFO - 💾 Saving forecast for 2025-04-19T13:00:00+00:00
[2025-04-13T15:02:23.346+0000] {logging_mixin.py:190} INFO - 🌤️ Saved forecast: gs://gooutside-raw/weather_forecast/bamberg/2025-04-19T1300.json
[2025-04-13T15:02:23.347+0000] {weather_forecast_ingestion_dag.py:56} INFO - 💾 Saving forecast for 2025-04-19T14:00:00+00:00
[2025-04-13T15:02:23.712+0000] {logging_mixin.py:190} INFO - 🌤️ Saved forecast: gs://gooutside-raw/weather_forecast/bamberg/2025-04-19T1400.json
[2025-04-13T15:02:23.714+0000] {weather_forecast_ingestion_dag.py:56} INFO - 💾 Saving forecast for 2025-04-19T15:00:00+00:00
[2025-04-13T15:02:39.357+0000] {taskinstance.py:3313} ERROR - Task failed with exception
Traceback (most recent call last):
  File "/home/airflow/.local/lib/python3.12/site-packages/urllib3/connectionpool.py", line 787, in urlopen
    response = self._make_request(
               ^^^^^^^^^^^^^^^^^^^
  File "/home/airflow/.local/lib/python3.12/site-packages/urllib3/connectionpool.py", line 534, in _make_request
    response = conn.getresponse()
               ^^^^^^^^^^^^^^^^^^
  File "/home/airflow/.local/lib/python3.12/site-packages/urllib3/connection.py", line 516, in getresponse
    httplib_response = super().getresponse()
                       ^^^^^^^^^^^^^^^^^^^^^
  File "/usr/local/lib/python3.12/http/client.py", line 1430, in getresponse
    response.begin()
  File "/usr/local/lib/python3.12/http/client.py", line 331, in begin
    version, status, reason = self._read_status()
                              ^^^^^^^^^^^^^^^^^^^
  File "/usr/local/lib/python3.12/http/client.py", line 300, in _read_status
    raise RemoteDisconnected("Remote end closed connection without"
http.client.RemoteDisconnected: Remote end closed connection without response

During handling of the above exception, another exception occurred:

Traceback (most recent call last):
  File "/home/airflow/.local/lib/python3.12/site-packages/requests/adapters.py", line 667, in send
    resp = conn.urlopen(
           ^^^^^^^^^^^^^
  File "/home/airflow/.local/lib/python3.12/site-packages/urllib3/connectionpool.py", line 841, in urlopen
    retries = retries.increment(
              ^^^^^^^^^^^^^^^^^^
  File "/home/airflow/.local/lib/python3.12/site-packages/urllib3/util/retry.py", line 474, in increment
    raise reraise(type(error), error, _stacktrace)
          ^^^^^^^^^^^^^^^^^^^^^^^^^^^^^^^^^^^^^^^^
  File "/home/airflow/.local/lib/python3.12/site-packages/urllib3/util/util.py", line 38, in reraise
    raise value.with_traceback(tb)
  File "/home/airflow/.local/lib/python3.12/site-packages/urllib3/connectionpool.py", line 787, in urlopen
    response = self._make_request(
               ^^^^^^^^^^^^^^^^^^^
  File "/home/airflow/.local/lib/python3.12/site-packages/urllib3/connectionpool.py", line 534, in _make_request
    response = conn.getresponse()
               ^^^^^^^^^^^^^^^^^^
  File "/home/airflow/.local/lib/python3.12/site-packages/urllib3/connection.py", line 516, in getresponse
    httplib_response = super().getresponse()
                       ^^^^^^^^^^^^^^^^^^^^^
  File "/usr/local/lib/python3.12/http/client.py", line 1430, in getresponse
    response.begin()
  File "/usr/local/lib/python3.12/http/client.py", line 331, in begin
    version, status, reason = self._read_status()
                              ^^^^^^^^^^^^^^^^^^^
  File "/usr/local/lib/python3.12/http/client.py", line 300, in _read_status
    raise RemoteDisconnected("Remote end closed connection without"
urllib3.exceptions.ProtocolError: ('Connection aborted.', RemoteDisconnected('Remote end closed connection without response'))

During handling of the above exception, another exception occurred:

Traceback (most recent call last):
  File "/home/airflow/.local/lib/python3.12/site-packages/airflow/models/taskinstance.py", line 768, in _execute_task
    result = _execute_callable(context=context, **execute_callable_kwargs)
             ^^^^^^^^^^^^^^^^^^^^^^^^^^^^^^^^^^^^^^^^^^^^^^^^^^^^^^^^^^^^^
  File "/home/airflow/.local/lib/python3.12/site-packages/airflow/models/taskinstance.py", line 734, in _execute_callable
    return ExecutionCallableRunner(
           ^^^^^^^^^^^^^^^^^^^^^^^^
  File "/home/airflow/.local/lib/python3.12/site-packages/airflow/utils/operator_helpers.py", line 252, in run
    return self.func(*args, **kwargs)
           ^^^^^^^^^^^^^^^^^^^^^^^^^^
  File "/home/airflow/.local/lib/python3.12/site-packages/airflow/models/baseoperator.py", line 424, in wrapper
    return func(self, *args, **kwargs)
           ^^^^^^^^^^^^^^^^^^^^^^^^^^^
  File "/home/airflow/.local/lib/python3.12/site-packages/airflow/decorators/base.py", line 266, in execute
    return_value = super().execute(context)
                   ^^^^^^^^^^^^^^^^^^^^^^^^
  File "/home/airflow/.local/lib/python3.12/site-packages/airflow/models/baseoperator.py", line 424, in wrapper
    return func(self, *args, **kwargs)
           ^^^^^^^^^^^^^^^^^^^^^^^^^^^
  File "/home/airflow/.local/lib/python3.12/site-packages/airflow/operators/python.py", line 238, in execute
    return_value = self.execute_callable()
                   ^^^^^^^^^^^^^^^^^^^^^^^
  File "/home/airflow/.local/lib/python3.12/site-packages/airflow/operators/python.py", line 256, in execute_callable
    return runner.run(*self.op_args, **self.op_kwargs)
           ^^^^^^^^^^^^^^^^^^^^^^^^^^^^^^^^^^^^^^^^^^^
  File "/home/airflow/.local/lib/python3.12/site-packages/airflow/utils/operator_helpers.py", line 252, in run
    return self.func(*args, **kwargs)
           ^^^^^^^^^^^^^^^^^^^^^^^^^^
  File "/opt/airflow/dags/weather_forecast_ingestion_dag.py", line 57, in ingest
    save_weather_forecast_to_gcs(entry)
  File "/opt/airflow/app/ingestion/weather_forecast.py", line 84, in save_weather_forecast_to_gcs
    blob.upload_from_string(
  File "/usr/local/lib/python3.12/contextlib.py", line 81, in inner
    return func(*args, **kwds)
           ^^^^^^^^^^^^^^^^^^^
  File "/home/airflow/.local/lib/python3.12/site-packages/google/cloud/storage/blob.py", line 3128, in upload_from_string
    self.upload_from_file(
  File "/usr/local/lib/python3.12/contextlib.py", line 81, in inner
    return func(*args, **kwds)
           ^^^^^^^^^^^^^^^^^^^
  File "/home/airflow/.local/lib/python3.12/site-packages/google/cloud/storage/blob.py", line 2851, in upload_from_file
    self._prep_and_do_upload(
  File "/home/airflow/.local/lib/python3.12/site-packages/google/cloud/storage/blob.py", line 2700, in _prep_and_do_upload
    created_json = self._do_upload(
                   ^^^^^^^^^^^^^^^^
  File "/home/airflow/.local/lib/python3.12/site-packages/google/cloud/storage/blob.py", line 2506, in _do_upload
    response = self._do_multipart_upload(
               ^^^^^^^^^^^^^^^^^^^^^^^^^^
  File "/home/airflow/.local/lib/python3.12/site-packages/google/cloud/storage/blob.py", line 2007, in _do_multipart_upload
    response = upload.transmit(
               ^^^^^^^^^^^^^^^^
  File "/home/airflow/.local/lib/python3.12/site-packages/google/resumable_media/requests/upload.py", line 153, in transmit
    return _request_helpers.wait_and_retry(
           ^^^^^^^^^^^^^^^^^^^^^^^^^^^^^^^^
  File "/home/airflow/.local/lib/python3.12/site-packages/google/resumable_media/requests/_request_helpers.py", line 178, in wait_and_retry
    raise error
  File "/home/airflow/.local/lib/python3.12/site-packages/google/resumable_media/requests/_request_helpers.py", line 155, in wait_and_retry
    response = func()
               ^^^^^^
  File "/home/airflow/.local/lib/python3.12/site-packages/google/resumable_media/requests/upload.py", line 145, in retriable_request
    result = transport.request(
             ^^^^^^^^^^^^^^^^^^
  File "/home/airflow/.local/lib/python3.12/site-packages/google/auth/transport/requests.py", line 537, in request
    response = super(AuthorizedSession, self).request(
               ^^^^^^^^^^^^^^^^^^^^^^^^^^^^^^^^^^^^^^^
  File "/home/airflow/.local/lib/python3.12/site-packages/requests/sessions.py", line 589, in request
    resp = self.send(prep, **send_kwargs)
           ^^^^^^^^^^^^^^^^^^^^^^^^^^^^^^
  File "/home/airflow/.local/lib/python3.12/site-packages/requests/sessions.py", line 703, in send
    r = adapter.send(request, **kwargs)
        ^^^^^^^^^^^^^^^^^^^^^^^^^^^^^^^
  File "/home/airflow/.local/lib/python3.12/site-packages/requests/adapters.py", line 682, in send
    raise ConnectionError(err, request=request)
requests.exceptions.ConnectionError: ('Connection aborted.', RemoteDisconnected('Remote end closed connection without response'))
[2025-04-13T15:02:39.391+0000] {taskinstance.py:1226} INFO - Marking task as UP_FOR_RETRY. dag_id=weather_forecast_ingestion_dag, task_id=ingest, run_id=scheduled__2025-04-13T14:00:00+00:00, execution_date=20250413T140000, start_date=20250413T150147, end_date=20250413T150239
[2025-04-13T15:02:39.420+0000] {taskinstance.py:341} INFO - ::group::Post task execution logs
[2025-04-13T15:02:39.421+0000] {standard_task_runner.py:124} ERROR - Failed to execute job 919 for task ingest (('Connection aborted.', RemoteDisconnected('Remote end closed connection without response')); 505)
Traceback (most recent call last):
  File "/home/airflow/.local/lib/python3.12/site-packages/urllib3/connectionpool.py", line 787, in urlopen
    response = self._make_request(
               ^^^^^^^^^^^^^^^^^^^
  File "/home/airflow/.local/lib/python3.12/site-packages/urllib3/connectionpool.py", line 534, in _make_request
    response = conn.getresponse()
               ^^^^^^^^^^^^^^^^^^
  File "/home/airflow/.local/lib/python3.12/site-packages/urllib3/connection.py", line 516, in getresponse
    httplib_response = super().getresponse()
                       ^^^^^^^^^^^^^^^^^^^^^
  File "/usr/local/lib/python3.12/http/client.py", line 1430, in getresponse
    response.begin()
  File "/usr/local/lib/python3.12/http/client.py", line 331, in begin
    version, status, reason = self._read_status()
                              ^^^^^^^^^^^^^^^^^^^
  File "/usr/local/lib/python3.12/http/client.py", line 300, in _read_status
    raise RemoteDisconnected("Remote end closed connection without"
http.client.RemoteDisconnected: Remote end closed connection without response

During handling of the above exception, another exception occurred:

Traceback (most recent call last):
  File "/home/airflow/.local/lib/python3.12/site-packages/requests/adapters.py", line 667, in send
    resp = conn.urlopen(
           ^^^^^^^^^^^^^
  File "/home/airflow/.local/lib/python3.12/site-packages/urllib3/connectionpool.py", line 841, in urlopen
    retries = retries.increment(
              ^^^^^^^^^^^^^^^^^^
  File "/home/airflow/.local/lib/python3.12/site-packages/urllib3/util/retry.py", line 474, in increment
    raise reraise(type(error), error, _stacktrace)
          ^^^^^^^^^^^^^^^^^^^^^^^^^^^^^^^^^^^^^^^^
  File "/home/airflow/.local/lib/python3.12/site-packages/urllib3/util/util.py", line 38, in reraise
    raise value.with_traceback(tb)
  File "/home/airflow/.local/lib/python3.12/site-packages/urllib3/connectionpool.py", line 787, in urlopen
    response = self._make_request(
               ^^^^^^^^^^^^^^^^^^^
  File "/home/airflow/.local/lib/python3.12/site-packages/urllib3/connectionpool.py", line 534, in _make_request
    response = conn.getresponse()
               ^^^^^^^^^^^^^^^^^^
  File "/home/airflow/.local/lib/python3.12/site-packages/urllib3/connection.py", line 516, in getresponse
    httplib_response = super().getresponse()
                       ^^^^^^^^^^^^^^^^^^^^^
  File "/usr/local/lib/python3.12/http/client.py", line 1430, in getresponse
    response.begin()
  File "/usr/local/lib/python3.12/http/client.py", line 331, in begin
    version, status, reason = self._read_status()
                              ^^^^^^^^^^^^^^^^^^^
  File "/usr/local/lib/python3.12/http/client.py", line 300, in _read_status
    raise RemoteDisconnected("Remote end closed connection without"
urllib3.exceptions.ProtocolError: ('Connection aborted.', RemoteDisconnected('Remote end closed connection without response'))

During handling of the above exception, another exception occurred:

Traceback (most recent call last):
  File "/home/airflow/.local/lib/python3.12/site-packages/airflow/task/task_runner/standard_task_runner.py", line 117, in _start_by_fork
    ret = args.func(args, dag=self.dag)
          ^^^^^^^^^^^^^^^^^^^^^^^^^^^^^
  File "/home/airflow/.local/lib/python3.12/site-packages/airflow/cli/cli_config.py", line 49, in command
    return func(*args, **kwargs)
           ^^^^^^^^^^^^^^^^^^^^^
  File "/home/airflow/.local/lib/python3.12/site-packages/airflow/utils/cli.py", line 116, in wrapper
    return f(*args, **kwargs)
           ^^^^^^^^^^^^^^^^^^
  File "/home/airflow/.local/lib/python3.12/site-packages/airflow/cli/commands/task_command.py", line 483, in task_run
    task_return_code = _run_task_by_selected_method(args, _dag, ti)
                       ^^^^^^^^^^^^^^^^^^^^^^^^^^^^^^^^^^^^^^^^^^^^
  File "/home/airflow/.local/lib/python3.12/site-packages/airflow/cli/commands/task_command.py", line 256, in _run_task_by_selected_method
    return _run_raw_task(args, ti)
           ^^^^^^^^^^^^^^^^^^^^^^^
  File "/home/airflow/.local/lib/python3.12/site-packages/airflow/cli/commands/task_command.py", line 341, in _run_raw_task
    return ti._run_raw_task(
           ^^^^^^^^^^^^^^^^^
  File "/home/airflow/.local/lib/python3.12/site-packages/airflow/utils/session.py", line 97, in wrapper
    return func(*args, session=session, **kwargs)
           ^^^^^^^^^^^^^^^^^^^^^^^^^^^^^^^^^^^^^^
  File "/home/airflow/.local/lib/python3.12/site-packages/airflow/models/taskinstance.py", line 3006, in _run_raw_task
    return _run_raw_task(
           ^^^^^^^^^^^^^^
  File "/home/airflow/.local/lib/python3.12/site-packages/airflow/models/taskinstance.py", line 274, in _run_raw_task
    TaskInstance._execute_task_with_callbacks(
  File "/home/airflow/.local/lib/python3.12/site-packages/airflow/models/taskinstance.py", line 3161, in _execute_task_with_callbacks
    result = self._execute_task(context, task_orig)
             ^^^^^^^^^^^^^^^^^^^^^^^^^^^^^^^^^^^^^^
  File "/home/airflow/.local/lib/python3.12/site-packages/airflow/models/taskinstance.py", line 3185, in _execute_task
    return _execute_task(self, context, task_orig)
           ^^^^^^^^^^^^^^^^^^^^^^^^^^^^^^^^^^^^^^^
  File "/home/airflow/.local/lib/python3.12/site-packages/airflow/models/taskinstance.py", line 768, in _execute_task
    result = _execute_callable(context=context, **execute_callable_kwargs)
             ^^^^^^^^^^^^^^^^^^^^^^^^^^^^^^^^^^^^^^^^^^^^^^^^^^^^^^^^^^^^^
  File "/home/airflow/.local/lib/python3.12/site-packages/airflow/models/taskinstance.py", line 734, in _execute_callable
    return ExecutionCallableRunner(
           ^^^^^^^^^^^^^^^^^^^^^^^^
  File "/home/airflow/.local/lib/python3.12/site-packages/airflow/utils/operator_helpers.py", line 252, in run
    return self.func(*args, **kwargs)
           ^^^^^^^^^^^^^^^^^^^^^^^^^^
  File "/home/airflow/.local/lib/python3.12/site-packages/airflow/models/baseoperator.py", line 424, in wrapper
    return func(self, *args, **kwargs)
           ^^^^^^^^^^^^^^^^^^^^^^^^^^^
  File "/home/airflow/.local/lib/python3.12/site-packages/airflow/decorators/base.py", line 266, in execute
    return_value = super().execute(context)
                   ^^^^^^^^^^^^^^^^^^^^^^^^
  File "/home/airflow/.local/lib/python3.12/site-packages/airflow/models/baseoperator.py", line 424, in wrapper
    return func(self, *args, **kwargs)
           ^^^^^^^^^^^^^^^^^^^^^^^^^^^
  File "/home/airflow/.local/lib/python3.12/site-packages/airflow/operators/python.py", line 238, in execute
    return_value = self.execute_callable()
                   ^^^^^^^^^^^^^^^^^^^^^^^
  File "/home/airflow/.local/lib/python3.12/site-packages/airflow/operators/python.py", line 256, in execute_callable
    return runner.run(*self.op_args, **self.op_kwargs)
           ^^^^^^^^^^^^^^^^^^^^^^^^^^^^^^^^^^^^^^^^^^^
  File "/home/airflow/.local/lib/python3.12/site-packages/airflow/utils/operator_helpers.py", line 252, in run
    return self.func(*args, **kwargs)
           ^^^^^^^^^^^^^^^^^^^^^^^^^^
  File "/opt/airflow/dags/weather_forecast_ingestion_dag.py", line 57, in ingest
    save_weather_forecast_to_gcs(entry)
  File "/opt/airflow/app/ingestion/weather_forecast.py", line 84, in save_weather_forecast_to_gcs
    blob.upload_from_string(
  File "/usr/local/lib/python3.12/contextlib.py", line 81, in inner
    return func(*args, **kwds)
           ^^^^^^^^^^^^^^^^^^^
  File "/home/airflow/.local/lib/python3.12/site-packages/google/cloud/storage/blob.py", line 3128, in upload_from_string
    self.upload_from_file(
  File "/usr/local/lib/python3.12/contextlib.py", line 81, in inner
    return func(*args, **kwds)
           ^^^^^^^^^^^^^^^^^^^
  File "/home/airflow/.local/lib/python3.12/site-packages/google/cloud/storage/blob.py", line 2851, in upload_from_file
    self._prep_and_do_upload(
  File "/home/airflow/.local/lib/python3.12/site-packages/google/cloud/storage/blob.py", line 2700, in _prep_and_do_upload
    created_json = self._do_upload(
                   ^^^^^^^^^^^^^^^^
  File "/home/airflow/.local/lib/python3.12/site-packages/google/cloud/storage/blob.py", line 2506, in _do_upload
    response = self._do_multipart_upload(
               ^^^^^^^^^^^^^^^^^^^^^^^^^^
  File "/home/airflow/.local/lib/python3.12/site-packages/google/cloud/storage/blob.py", line 2007, in _do_multipart_upload
    response = upload.transmit(
               ^^^^^^^^^^^^^^^^
  File "/home/airflow/.local/lib/python3.12/site-packages/google/resumable_media/requests/upload.py", line 153, in transmit
    return _request_helpers.wait_and_retry(
           ^^^^^^^^^^^^^^^^^^^^^^^^^^^^^^^^
  File "/home/airflow/.local/lib/python3.12/site-packages/google/resumable_media/requests/_request_helpers.py", line 178, in wait_and_retry
    raise error
  File "/home/airflow/.local/lib/python3.12/site-packages/google/resumable_media/requests/_request_helpers.py", line 155, in wait_and_retry
    response = func()
               ^^^^^^
  File "/home/airflow/.local/lib/python3.12/site-packages/google/resumable_media/requests/upload.py", line 145, in retriable_request
    result = transport.request(
             ^^^^^^^^^^^^^^^^^^
  File "/home/airflow/.local/lib/python3.12/site-packages/google/auth/transport/requests.py", line 537, in request
    response = super(AuthorizedSession, self).request(
               ^^^^^^^^^^^^^^^^^^^^^^^^^^^^^^^^^^^^^^^
  File "/home/airflow/.local/lib/python3.12/site-packages/requests/sessions.py", line 589, in request
    resp = self.send(prep, **send_kwargs)
           ^^^^^^^^^^^^^^^^^^^^^^^^^^^^^^
  File "/home/airflow/.local/lib/python3.12/site-packages/requests/sessions.py", line 703, in send
    r = adapter.send(request, **kwargs)
        ^^^^^^^^^^^^^^^^^^^^^^^^^^^^^^^
  File "/home/airflow/.local/lib/python3.12/site-packages/requests/adapters.py", line 682, in send
    raise ConnectionError(err, request=request)
requests.exceptions.ConnectionError: ('Connection aborted.', RemoteDisconnected('Remote end closed connection without response'))
[2025-04-13T15:02:39.439+0000] {local_task_job_runner.py:266} INFO - Task exited with return code 1
[2025-04-13T15:02:39.452+0000] {taskinstance.py:3901} INFO - 0 downstream tasks scheduled from follow-on schedule check
[2025-04-13T15:02:39.453+0000] {local_task_job_runner.py:245} INFO - ::endgroup::
