[2025-04-12T13:11:33.581+0000] {local_task_job_runner.py:123} INFO - ::group::Pre task execution logs
[2025-04-12T13:11:33.603+0000] {taskinstance.py:2614} INFO - Dependencies all met for dep_context=non-requeueable deps ti=<TaskInstance: weather_forecast_ingestion_dag.ingest scheduled__2025-04-12T12:00:00+00:00 [queued]>
[2025-04-12T13:11:33.614+0000] {taskinstance.py:2614} INFO - Dependencies all met for dep_context=requeueable deps ti=<TaskInstance: weather_forecast_ingestion_dag.ingest scheduled__2025-04-12T12:00:00+00:00 [queued]>
[2025-04-12T13:11:33.614+0000] {taskinstance.py:2867} INFO - Starting attempt 1 of 2
[2025-04-12T13:11:33.624+0000] {taskinstance.py:2890} INFO - Executing <Task(_PythonDecoratedOperator): ingest> on 2025-04-12 12:00:00+00:00
[2025-04-12T13:11:33.630+0000] {warnings.py:112} WARNING - /home/***/.local/lib/python3.12/site-packages/***/task/task_runner/standard_task_runner.py:70: DeprecationWarning: This process (pid=166) is multi-threaded, use of fork() may lead to deadlocks in the child.
  pid = os.fork()

[2025-04-12T13:11:33.631+0000] {standard_task_runner.py:104} INFO - Running: ['***', 'tasks', 'run', 'weather_forecast_ingestion_dag', 'ingest', 'scheduled__2025-04-12T12:00:00+00:00', '--job-id', '805', '--raw', '--subdir', 'DAGS_FOLDER/weather_forecast_ingestion_dag.py', '--cfg-path', '/tmp/tmp46j9bzun']
[2025-04-12T13:11:33.634+0000] {standard_task_runner.py:72} INFO - Started process 169 to run task
[2025-04-12T13:11:33.634+0000] {standard_task_runner.py:105} INFO - Job 805: Subtask ingest
[2025-04-12T13:11:33.716+0000] {task_command.py:467} INFO - Running <TaskInstance: weather_forecast_ingestion_dag.ingest scheduled__2025-04-12T12:00:00+00:00 [running]> on host caedfbfc7792
[2025-04-12T13:11:33.824+0000] {taskinstance.py:3134} INFO - Exporting env vars: AIRFLOW_CTX_DAG_OWNER='beni' AIRFLOW_CTX_DAG_ID='weather_forecast_ingestion_dag' AIRFLOW_CTX_TASK_ID='ingest' AIRFLOW_CTX_EXECUTION_DATE='2025-04-12T12:00:00+00:00' AIRFLOW_CTX_TRY_NUMBER='1' AIRFLOW_CTX_DAG_RUN_ID='scheduled__2025-04-12T12:00:00+00:00'
[2025-04-12T13:11:33.826+0000] {taskinstance.py:732} INFO - ::endgroup::
[2025-04-12T13:11:33.828+0000] {weather_forecast_ingestion_dag.py:37} INFO - ğŸŒ¤ï¸ Fetching forecast from 2025-04-12 to 2025-04-20
[2025-04-12T13:11:33.995+0000] {weather_forecast_ingestion_dag.py:53} INFO - ğŸ“¦ Filtered 112 future forecast entries
[2025-04-12T13:11:33.996+0000] {weather_forecast_ingestion_dag.py:56} INFO - ğŸ’¾ Saving forecast for 2025-04-12T14:00:00+00:00
[2025-04-12T13:11:34.456+0000] {logging_mixin.py:190} INFO - ğŸŒ¤ï¸ Saved forecast: gs://gooutside-raw/weather_forecast/bamberg/2025-04-12T1400.json
[2025-04-12T13:11:34.457+0000] {weather_forecast_ingestion_dag.py:56} INFO - ğŸ’¾ Saving forecast for 2025-04-12T15:00:00+00:00
[2025-04-12T13:11:34.848+0000] {logging_mixin.py:190} INFO - ğŸŒ¤ï¸ Saved forecast: gs://gooutside-raw/weather_forecast/bamberg/2025-04-12T1500.json
[2025-04-12T13:11:34.849+0000] {weather_forecast_ingestion_dag.py:56} INFO - ğŸ’¾ Saving forecast for 2025-04-12T16:00:00+00:00
[2025-04-12T13:11:35.244+0000] {logging_mixin.py:190} INFO - ğŸŒ¤ï¸ Saved forecast: gs://gooutside-raw/weather_forecast/bamberg/2025-04-12T1600.json
[2025-04-12T13:11:35.246+0000] {weather_forecast_ingestion_dag.py:56} INFO - ğŸ’¾ Saving forecast for 2025-04-12T17:00:00+00:00
[2025-04-12T13:11:35.650+0000] {logging_mixin.py:190} INFO - ğŸŒ¤ï¸ Saved forecast: gs://gooutside-raw/weather_forecast/bamberg/2025-04-12T1700.json
[2025-04-12T13:11:35.651+0000] {weather_forecast_ingestion_dag.py:56} INFO - ğŸ’¾ Saving forecast for 2025-04-12T18:00:00+00:00
[2025-04-12T13:11:36.033+0000] {logging_mixin.py:190} INFO - ğŸŒ¤ï¸ Saved forecast: gs://gooutside-raw/weather_forecast/bamberg/2025-04-12T1800.json
[2025-04-12T13:11:36.035+0000] {weather_forecast_ingestion_dag.py:56} INFO - ğŸ’¾ Saving forecast for 2025-04-12T19:00:00+00:00
[2025-04-12T13:11:36.434+0000] {logging_mixin.py:190} INFO - ğŸŒ¤ï¸ Saved forecast: gs://gooutside-raw/weather_forecast/bamberg/2025-04-12T1900.json
[2025-04-12T13:11:36.434+0000] {weather_forecast_ingestion_dag.py:56} INFO - ğŸ’¾ Saving forecast for 2025-04-12T20:00:00+00:00
[2025-04-12T13:11:36.818+0000] {logging_mixin.py:190} INFO - ğŸŒ¤ï¸ Saved forecast: gs://gooutside-raw/weather_forecast/bamberg/2025-04-12T2000.json
[2025-04-12T13:11:36.818+0000] {weather_forecast_ingestion_dag.py:56} INFO - ğŸ’¾ Saving forecast for 2025-04-13T06:00:00+00:00
[2025-04-12T13:11:37.199+0000] {logging_mixin.py:190} INFO - ğŸŒ¤ï¸ Saved forecast: gs://gooutside-raw/weather_forecast/bamberg/2025-04-13T0600.json
[2025-04-12T13:11:37.199+0000] {weather_forecast_ingestion_dag.py:56} INFO - ğŸ’¾ Saving forecast for 2025-04-13T07:00:00+00:00
[2025-04-12T13:11:37.578+0000] {logging_mixin.py:190} INFO - ğŸŒ¤ï¸ Saved forecast: gs://gooutside-raw/weather_forecast/bamberg/2025-04-13T0700.json
[2025-04-12T13:11:37.580+0000] {weather_forecast_ingestion_dag.py:56} INFO - ğŸ’¾ Saving forecast for 2025-04-13T08:00:00+00:00
[2025-04-12T13:11:37.973+0000] {logging_mixin.py:190} INFO - ğŸŒ¤ï¸ Saved forecast: gs://gooutside-raw/weather_forecast/bamberg/2025-04-13T0800.json
[2025-04-12T13:11:37.974+0000] {weather_forecast_ingestion_dag.py:56} INFO - ğŸ’¾ Saving forecast for 2025-04-13T09:00:00+00:00
[2025-04-12T13:11:38.375+0000] {logging_mixin.py:190} INFO - ğŸŒ¤ï¸ Saved forecast: gs://gooutside-raw/weather_forecast/bamberg/2025-04-13T0900.json
[2025-04-12T13:11:38.376+0000] {weather_forecast_ingestion_dag.py:56} INFO - ğŸ’¾ Saving forecast for 2025-04-13T10:00:00+00:00
[2025-04-12T13:11:39.402+0000] {logging_mixin.py:190} INFO - ğŸŒ¤ï¸ Saved forecast: gs://gooutside-raw/weather_forecast/bamberg/2025-04-13T1000.json
[2025-04-12T13:11:39.404+0000] {weather_forecast_ingestion_dag.py:56} INFO - ğŸ’¾ Saving forecast for 2025-04-13T11:00:00+00:00
[2025-04-12T13:11:40.388+0000] {logging_mixin.py:190} INFO - ğŸŒ¤ï¸ Saved forecast: gs://gooutside-raw/weather_forecast/bamberg/2025-04-13T1100.json
[2025-04-12T13:11:40.390+0000] {weather_forecast_ingestion_dag.py:56} INFO - ğŸ’¾ Saving forecast for 2025-04-13T12:00:00+00:00
[2025-04-12T13:11:41.536+0000] {logging_mixin.py:190} INFO - ğŸŒ¤ï¸ Saved forecast: gs://gooutside-raw/weather_forecast/bamberg/2025-04-13T1200.json
[2025-04-12T13:11:41.537+0000] {weather_forecast_ingestion_dag.py:56} INFO - ğŸ’¾ Saving forecast for 2025-04-13T13:00:00+00:00
[2025-04-12T13:11:42.380+0000] {logging_mixin.py:190} INFO - ğŸŒ¤ï¸ Saved forecast: gs://gooutside-raw/weather_forecast/bamberg/2025-04-13T1300.json
[2025-04-12T13:11:42.381+0000] {weather_forecast_ingestion_dag.py:56} INFO - ğŸ’¾ Saving forecast for 2025-04-13T14:00:00+00:00
[2025-04-12T13:11:43.429+0000] {logging_mixin.py:190} INFO - ğŸŒ¤ï¸ Saved forecast: gs://gooutside-raw/weather_forecast/bamberg/2025-04-13T1400.json
[2025-04-12T13:11:43.430+0000] {weather_forecast_ingestion_dag.py:56} INFO - ğŸ’¾ Saving forecast for 2025-04-13T15:00:00+00:00
[2025-04-12T13:11:43.809+0000] {logging_mixin.py:190} INFO - ğŸŒ¤ï¸ Saved forecast: gs://gooutside-raw/weather_forecast/bamberg/2025-04-13T1500.json
[2025-04-12T13:11:43.810+0000] {weather_forecast_ingestion_dag.py:56} INFO - ğŸ’¾ Saving forecast for 2025-04-13T16:00:00+00:00
[2025-04-12T13:11:44.177+0000] {logging_mixin.py:190} INFO - ğŸŒ¤ï¸ Saved forecast: gs://gooutside-raw/weather_forecast/bamberg/2025-04-13T1600.json
[2025-04-12T13:11:44.177+0000] {weather_forecast_ingestion_dag.py:56} INFO - ğŸ’¾ Saving forecast for 2025-04-13T17:00:00+00:00
[2025-04-12T13:11:44.545+0000] {logging_mixin.py:190} INFO - ğŸŒ¤ï¸ Saved forecast: gs://gooutside-raw/weather_forecast/bamberg/2025-04-13T1700.json
[2025-04-12T13:11:44.547+0000] {weather_forecast_ingestion_dag.py:56} INFO - ğŸ’¾ Saving forecast for 2025-04-13T18:00:00+00:00
[2025-04-12T13:11:44.943+0000] {logging_mixin.py:190} INFO - ğŸŒ¤ï¸ Saved forecast: gs://gooutside-raw/weather_forecast/bamberg/2025-04-13T1800.json
[2025-04-12T13:11:44.945+0000] {weather_forecast_ingestion_dag.py:56} INFO - ğŸ’¾ Saving forecast for 2025-04-13T19:00:00+00:00
[2025-04-12T13:11:45.335+0000] {logging_mixin.py:190} INFO - ğŸŒ¤ï¸ Saved forecast: gs://gooutside-raw/weather_forecast/bamberg/2025-04-13T1900.json
[2025-04-12T13:11:45.336+0000] {weather_forecast_ingestion_dag.py:56} INFO - ğŸ’¾ Saving forecast for 2025-04-13T20:00:00+00:00
[2025-04-12T13:11:45.706+0000] {logging_mixin.py:190} INFO - ğŸŒ¤ï¸ Saved forecast: gs://gooutside-raw/weather_forecast/bamberg/2025-04-13T2000.json
[2025-04-12T13:11:45.707+0000] {weather_forecast_ingestion_dag.py:56} INFO - ğŸ’¾ Saving forecast for 2025-04-14T06:00:00+00:00
[2025-04-12T13:11:46.091+0000] {logging_mixin.py:190} INFO - ğŸŒ¤ï¸ Saved forecast: gs://gooutside-raw/weather_forecast/bamberg/2025-04-14T0600.json
[2025-04-12T13:11:46.092+0000] {weather_forecast_ingestion_dag.py:56} INFO - ğŸ’¾ Saving forecast for 2025-04-14T07:00:00+00:00
[2025-04-12T13:11:46.487+0000] {logging_mixin.py:190} INFO - ğŸŒ¤ï¸ Saved forecast: gs://gooutside-raw/weather_forecast/bamberg/2025-04-14T0700.json
[2025-04-12T13:11:46.488+0000] {weather_forecast_ingestion_dag.py:56} INFO - ğŸ’¾ Saving forecast for 2025-04-14T08:00:00+00:00
[2025-04-12T13:11:46.879+0000] {logging_mixin.py:190} INFO - ğŸŒ¤ï¸ Saved forecast: gs://gooutside-raw/weather_forecast/bamberg/2025-04-14T0800.json
[2025-04-12T13:11:46.879+0000] {weather_forecast_ingestion_dag.py:56} INFO - ğŸ’¾ Saving forecast for 2025-04-14T09:00:00+00:00
[2025-04-12T13:11:47.230+0000] {logging_mixin.py:190} INFO - ğŸŒ¤ï¸ Saved forecast: gs://gooutside-raw/weather_forecast/bamberg/2025-04-14T0900.json
[2025-04-12T13:11:47.231+0000] {weather_forecast_ingestion_dag.py:56} INFO - ğŸ’¾ Saving forecast for 2025-04-14T10:00:00+00:00
[2025-04-12T13:11:47.654+0000] {logging_mixin.py:190} INFO - ğŸŒ¤ï¸ Saved forecast: gs://gooutside-raw/weather_forecast/bamberg/2025-04-14T1000.json
[2025-04-12T13:11:47.655+0000] {weather_forecast_ingestion_dag.py:56} INFO - ğŸ’¾ Saving forecast for 2025-04-14T11:00:00+00:00
[2025-04-12T13:11:48.042+0000] {logging_mixin.py:190} INFO - ğŸŒ¤ï¸ Saved forecast: gs://gooutside-raw/weather_forecast/bamberg/2025-04-14T1100.json
[2025-04-12T13:11:48.043+0000] {weather_forecast_ingestion_dag.py:56} INFO - ğŸ’¾ Saving forecast for 2025-04-14T12:00:00+00:00
[2025-04-12T13:11:48.448+0000] {logging_mixin.py:190} INFO - ğŸŒ¤ï¸ Saved forecast: gs://gooutside-raw/weather_forecast/bamberg/2025-04-14T1200.json
[2025-04-12T13:11:48.448+0000] {weather_forecast_ingestion_dag.py:56} INFO - ğŸ’¾ Saving forecast for 2025-04-14T13:00:00+00:00
[2025-04-12T13:11:48.862+0000] {logging_mixin.py:190} INFO - ğŸŒ¤ï¸ Saved forecast: gs://gooutside-raw/weather_forecast/bamberg/2025-04-14T1300.json
[2025-04-12T13:11:48.862+0000] {weather_forecast_ingestion_dag.py:56} INFO - ğŸ’¾ Saving forecast for 2025-04-14T14:00:00+00:00
[2025-04-12T13:11:49.250+0000] {logging_mixin.py:190} INFO - ğŸŒ¤ï¸ Saved forecast: gs://gooutside-raw/weather_forecast/bamberg/2025-04-14T1400.json
[2025-04-12T13:11:49.250+0000] {weather_forecast_ingestion_dag.py:56} INFO - ğŸ’¾ Saving forecast for 2025-04-14T15:00:00+00:00
[2025-04-12T13:11:49.628+0000] {logging_mixin.py:190} INFO - ğŸŒ¤ï¸ Saved forecast: gs://gooutside-raw/weather_forecast/bamberg/2025-04-14T1500.json
[2025-04-12T13:11:49.629+0000] {weather_forecast_ingestion_dag.py:56} INFO - ğŸ’¾ Saving forecast for 2025-04-14T16:00:00+00:00
[2025-04-12T13:11:50.001+0000] {logging_mixin.py:190} INFO - ğŸŒ¤ï¸ Saved forecast: gs://gooutside-raw/weather_forecast/bamberg/2025-04-14T1600.json
[2025-04-12T13:11:50.001+0000] {weather_forecast_ingestion_dag.py:56} INFO - ğŸ’¾ Saving forecast for 2025-04-14T17:00:00+00:00
[2025-04-12T13:11:50.363+0000] {logging_mixin.py:190} INFO - ğŸŒ¤ï¸ Saved forecast: gs://gooutside-raw/weather_forecast/bamberg/2025-04-14T1700.json
[2025-04-12T13:11:50.364+0000] {weather_forecast_ingestion_dag.py:56} INFO - ğŸ’¾ Saving forecast for 2025-04-14T18:00:00+00:00
[2025-04-12T13:11:50.737+0000] {logging_mixin.py:190} INFO - ğŸŒ¤ï¸ Saved forecast: gs://gooutside-raw/weather_forecast/bamberg/2025-04-14T1800.json
[2025-04-12T13:11:50.738+0000] {weather_forecast_ingestion_dag.py:56} INFO - ğŸ’¾ Saving forecast for 2025-04-14T19:00:00+00:00
[2025-04-12T13:11:51.137+0000] {logging_mixin.py:190} INFO - ğŸŒ¤ï¸ Saved forecast: gs://gooutside-raw/weather_forecast/bamberg/2025-04-14T1900.json
[2025-04-12T13:11:51.138+0000] {weather_forecast_ingestion_dag.py:56} INFO - ğŸ’¾ Saving forecast for 2025-04-14T20:00:00+00:00
[2025-04-12T13:11:51.519+0000] {logging_mixin.py:190} INFO - ğŸŒ¤ï¸ Saved forecast: gs://gooutside-raw/weather_forecast/bamberg/2025-04-14T2000.json
[2025-04-12T13:11:51.520+0000] {weather_forecast_ingestion_dag.py:56} INFO - ğŸ’¾ Saving forecast for 2025-04-15T06:00:00+00:00
[2025-04-12T13:11:51.913+0000] {logging_mixin.py:190} INFO - ğŸŒ¤ï¸ Saved forecast: gs://gooutside-raw/weather_forecast/bamberg/2025-04-15T0600.json
[2025-04-12T13:11:51.914+0000] {weather_forecast_ingestion_dag.py:56} INFO - ğŸ’¾ Saving forecast for 2025-04-15T07:00:00+00:00
[2025-04-12T13:11:52.304+0000] {logging_mixin.py:190} INFO - ğŸŒ¤ï¸ Saved forecast: gs://gooutside-raw/weather_forecast/bamberg/2025-04-15T0700.json
[2025-04-12T13:11:52.304+0000] {weather_forecast_ingestion_dag.py:56} INFO - ğŸ’¾ Saving forecast for 2025-04-15T08:00:00+00:00
[2025-04-12T13:11:52.693+0000] {logging_mixin.py:190} INFO - ğŸŒ¤ï¸ Saved forecast: gs://gooutside-raw/weather_forecast/bamberg/2025-04-15T0800.json
[2025-04-12T13:11:52.695+0000] {weather_forecast_ingestion_dag.py:56} INFO - ğŸ’¾ Saving forecast for 2025-04-15T09:00:00+00:00
[2025-04-12T13:11:53.081+0000] {logging_mixin.py:190} INFO - ğŸŒ¤ï¸ Saved forecast: gs://gooutside-raw/weather_forecast/bamberg/2025-04-15T0900.json
[2025-04-12T13:11:53.082+0000] {weather_forecast_ingestion_dag.py:56} INFO - ğŸ’¾ Saving forecast for 2025-04-15T10:00:00+00:00
[2025-04-12T13:11:53.467+0000] {logging_mixin.py:190} INFO - ğŸŒ¤ï¸ Saved forecast: gs://gooutside-raw/weather_forecast/bamberg/2025-04-15T1000.json
[2025-04-12T13:11:53.468+0000] {weather_forecast_ingestion_dag.py:56} INFO - ğŸ’¾ Saving forecast for 2025-04-15T11:00:00+00:00
[2025-04-12T13:11:53.852+0000] {logging_mixin.py:190} INFO - ğŸŒ¤ï¸ Saved forecast: gs://gooutside-raw/weather_forecast/bamberg/2025-04-15T1100.json
[2025-04-12T13:11:53.852+0000] {weather_forecast_ingestion_dag.py:56} INFO - ğŸ’¾ Saving forecast for 2025-04-15T12:00:00+00:00
[2025-04-12T13:11:54.213+0000] {logging_mixin.py:190} INFO - ğŸŒ¤ï¸ Saved forecast: gs://gooutside-raw/weather_forecast/bamberg/2025-04-15T1200.json
[2025-04-12T13:11:54.214+0000] {weather_forecast_ingestion_dag.py:56} INFO - ğŸ’¾ Saving forecast for 2025-04-15T13:00:00+00:00
[2025-04-12T13:11:54.600+0000] {logging_mixin.py:190} INFO - ğŸŒ¤ï¸ Saved forecast: gs://gooutside-raw/weather_forecast/bamberg/2025-04-15T1300.json
[2025-04-12T13:11:54.602+0000] {weather_forecast_ingestion_dag.py:56} INFO - ğŸ’¾ Saving forecast for 2025-04-15T14:00:00+00:00
[2025-04-12T13:11:54.986+0000] {logging_mixin.py:190} INFO - ğŸŒ¤ï¸ Saved forecast: gs://gooutside-raw/weather_forecast/bamberg/2025-04-15T1400.json
[2025-04-12T13:11:54.987+0000] {weather_forecast_ingestion_dag.py:56} INFO - ğŸ’¾ Saving forecast for 2025-04-15T15:00:00+00:00
[2025-04-12T13:11:55.377+0000] {logging_mixin.py:190} INFO - ğŸŒ¤ï¸ Saved forecast: gs://gooutside-raw/weather_forecast/bamberg/2025-04-15T1500.json
[2025-04-12T13:11:55.379+0000] {weather_forecast_ingestion_dag.py:56} INFO - ğŸ’¾ Saving forecast for 2025-04-15T16:00:00+00:00
[2025-04-12T13:11:55.766+0000] {logging_mixin.py:190} INFO - ğŸŒ¤ï¸ Saved forecast: gs://gooutside-raw/weather_forecast/bamberg/2025-04-15T1600.json
[2025-04-12T13:11:55.767+0000] {weather_forecast_ingestion_dag.py:56} INFO - ğŸ’¾ Saving forecast for 2025-04-15T17:00:00+00:00
[2025-04-12T13:11:56.147+0000] {logging_mixin.py:190} INFO - ğŸŒ¤ï¸ Saved forecast: gs://gooutside-raw/weather_forecast/bamberg/2025-04-15T1700.json
[2025-04-12T13:11:56.149+0000] {weather_forecast_ingestion_dag.py:56} INFO - ğŸ’¾ Saving forecast for 2025-04-15T18:00:00+00:00
[2025-04-12T13:11:56.537+0000] {logging_mixin.py:190} INFO - ğŸŒ¤ï¸ Saved forecast: gs://gooutside-raw/weather_forecast/bamberg/2025-04-15T1800.json
[2025-04-12T13:11:56.538+0000] {weather_forecast_ingestion_dag.py:56} INFO - ğŸ’¾ Saving forecast for 2025-04-15T19:00:00+00:00
[2025-04-12T13:11:56.932+0000] {logging_mixin.py:190} INFO - ğŸŒ¤ï¸ Saved forecast: gs://gooutside-raw/weather_forecast/bamberg/2025-04-15T1900.json
[2025-04-12T13:11:56.932+0000] {weather_forecast_ingestion_dag.py:56} INFO - ğŸ’¾ Saving forecast for 2025-04-15T20:00:00+00:00
[2025-04-12T13:11:57.290+0000] {logging_mixin.py:190} INFO - ğŸŒ¤ï¸ Saved forecast: gs://gooutside-raw/weather_forecast/bamberg/2025-04-15T2000.json
[2025-04-12T13:11:57.291+0000] {weather_forecast_ingestion_dag.py:56} INFO - ğŸ’¾ Saving forecast for 2025-04-16T06:00:00+00:00
[2025-04-12T13:11:57.675+0000] {logging_mixin.py:190} INFO - ğŸŒ¤ï¸ Saved forecast: gs://gooutside-raw/weather_forecast/bamberg/2025-04-16T0600.json
[2025-04-12T13:11:57.676+0000] {weather_forecast_ingestion_dag.py:56} INFO - ğŸ’¾ Saving forecast for 2025-04-16T07:00:00+00:00
[2025-04-12T13:11:58.063+0000] {logging_mixin.py:190} INFO - ğŸŒ¤ï¸ Saved forecast: gs://gooutside-raw/weather_forecast/bamberg/2025-04-16T0700.json
[2025-04-12T13:11:58.065+0000] {weather_forecast_ingestion_dag.py:56} INFO - ğŸ’¾ Saving forecast for 2025-04-16T08:00:00+00:00
[2025-04-12T13:11:58.462+0000] {logging_mixin.py:190} INFO - ğŸŒ¤ï¸ Saved forecast: gs://gooutside-raw/weather_forecast/bamberg/2025-04-16T0800.json
[2025-04-12T13:11:58.463+0000] {weather_forecast_ingestion_dag.py:56} INFO - ğŸ’¾ Saving forecast for 2025-04-16T09:00:00+00:00
[2025-04-12T13:11:58.845+0000] {logging_mixin.py:190} INFO - ğŸŒ¤ï¸ Saved forecast: gs://gooutside-raw/weather_forecast/bamberg/2025-04-16T0900.json
[2025-04-12T13:11:58.846+0000] {weather_forecast_ingestion_dag.py:56} INFO - ğŸ’¾ Saving forecast for 2025-04-16T10:00:00+00:00
[2025-04-12T13:11:59.241+0000] {logging_mixin.py:190} INFO - ğŸŒ¤ï¸ Saved forecast: gs://gooutside-raw/weather_forecast/bamberg/2025-04-16T1000.json
[2025-04-12T13:11:59.242+0000] {weather_forecast_ingestion_dag.py:56} INFO - ğŸ’¾ Saving forecast for 2025-04-16T11:00:00+00:00
[2025-04-12T13:11:59.633+0000] {logging_mixin.py:190} INFO - ğŸŒ¤ï¸ Saved forecast: gs://gooutside-raw/weather_forecast/bamberg/2025-04-16T1100.json
[2025-04-12T13:11:59.634+0000] {weather_forecast_ingestion_dag.py:56} INFO - ğŸ’¾ Saving forecast for 2025-04-16T12:00:00+00:00
[2025-04-12T13:12:00.011+0000] {logging_mixin.py:190} INFO - ğŸŒ¤ï¸ Saved forecast: gs://gooutside-raw/weather_forecast/bamberg/2025-04-16T1200.json
[2025-04-12T13:12:00.012+0000] {weather_forecast_ingestion_dag.py:56} INFO - ğŸ’¾ Saving forecast for 2025-04-16T13:00:00+00:00
[2025-04-12T13:12:00.394+0000] {logging_mixin.py:190} INFO - ğŸŒ¤ï¸ Saved forecast: gs://gooutside-raw/weather_forecast/bamberg/2025-04-16T1300.json
[2025-04-12T13:12:00.395+0000] {weather_forecast_ingestion_dag.py:56} INFO - ğŸ’¾ Saving forecast for 2025-04-16T14:00:00+00:00
[2025-04-12T13:12:00.793+0000] {logging_mixin.py:190} INFO - ğŸŒ¤ï¸ Saved forecast: gs://gooutside-raw/weather_forecast/bamberg/2025-04-16T1400.json
[2025-04-12T13:12:00.795+0000] {weather_forecast_ingestion_dag.py:56} INFO - ğŸ’¾ Saving forecast for 2025-04-16T15:00:00+00:00
[2025-04-12T13:12:01.202+0000] {logging_mixin.py:190} INFO - ğŸŒ¤ï¸ Saved forecast: gs://gooutside-raw/weather_forecast/bamberg/2025-04-16T1500.json
[2025-04-12T13:12:01.203+0000] {weather_forecast_ingestion_dag.py:56} INFO - ğŸ’¾ Saving forecast for 2025-04-16T16:00:00+00:00
[2025-04-12T13:12:01.598+0000] {logging_mixin.py:190} INFO - ğŸŒ¤ï¸ Saved forecast: gs://gooutside-raw/weather_forecast/bamberg/2025-04-16T1600.json
[2025-04-12T13:12:01.599+0000] {weather_forecast_ingestion_dag.py:56} INFO - ğŸ’¾ Saving forecast for 2025-04-16T17:00:00+00:00
[2025-04-12T13:12:01.997+0000] {logging_mixin.py:190} INFO - ğŸŒ¤ï¸ Saved forecast: gs://gooutside-raw/weather_forecast/bamberg/2025-04-16T1700.json
[2025-04-12T13:12:01.999+0000] {weather_forecast_ingestion_dag.py:56} INFO - ğŸ’¾ Saving forecast for 2025-04-16T18:00:00+00:00
[2025-04-12T13:12:02.386+0000] {logging_mixin.py:190} INFO - ğŸŒ¤ï¸ Saved forecast: gs://gooutside-raw/weather_forecast/bamberg/2025-04-16T1800.json
[2025-04-12T13:12:02.387+0000] {weather_forecast_ingestion_dag.py:56} INFO - ğŸ’¾ Saving forecast for 2025-04-16T19:00:00+00:00
[2025-04-12T13:12:02.776+0000] {logging_mixin.py:190} INFO - ğŸŒ¤ï¸ Saved forecast: gs://gooutside-raw/weather_forecast/bamberg/2025-04-16T1900.json
[2025-04-12T13:12:02.777+0000] {weather_forecast_ingestion_dag.py:56} INFO - ğŸ’¾ Saving forecast for 2025-04-16T20:00:00+00:00
[2025-04-12T13:12:03.159+0000] {logging_mixin.py:190} INFO - ğŸŒ¤ï¸ Saved forecast: gs://gooutside-raw/weather_forecast/bamberg/2025-04-16T2000.json
[2025-04-12T13:12:03.160+0000] {weather_forecast_ingestion_dag.py:56} INFO - ğŸ’¾ Saving forecast for 2025-04-17T06:00:00+00:00
[2025-04-12T13:12:03.549+0000] {logging_mixin.py:190} INFO - ğŸŒ¤ï¸ Saved forecast: gs://gooutside-raw/weather_forecast/bamberg/2025-04-17T0600.json
[2025-04-12T13:12:03.549+0000] {weather_forecast_ingestion_dag.py:56} INFO - ğŸ’¾ Saving forecast for 2025-04-17T07:00:00+00:00
[2025-04-12T13:12:03.927+0000] {logging_mixin.py:190} INFO - ğŸŒ¤ï¸ Saved forecast: gs://gooutside-raw/weather_forecast/bamberg/2025-04-17T0700.json
[2025-04-12T13:12:03.927+0000] {weather_forecast_ingestion_dag.py:56} INFO - ğŸ’¾ Saving forecast for 2025-04-17T08:00:00+00:00
[2025-04-12T13:12:04.292+0000] {logging_mixin.py:190} INFO - ğŸŒ¤ï¸ Saved forecast: gs://gooutside-raw/weather_forecast/bamberg/2025-04-17T0800.json
[2025-04-12T13:12:04.292+0000] {weather_forecast_ingestion_dag.py:56} INFO - ğŸ’¾ Saving forecast for 2025-04-17T09:00:00+00:00
[2025-04-12T13:12:04.673+0000] {logging_mixin.py:190} INFO - ğŸŒ¤ï¸ Saved forecast: gs://gooutside-raw/weather_forecast/bamberg/2025-04-17T0900.json
[2025-04-12T13:12:04.674+0000] {weather_forecast_ingestion_dag.py:56} INFO - ğŸ’¾ Saving forecast for 2025-04-17T10:00:00+00:00
[2025-04-12T13:12:05.015+0000] {logging_mixin.py:190} INFO - ğŸŒ¤ï¸ Saved forecast: gs://gooutside-raw/weather_forecast/bamberg/2025-04-17T1000.json
[2025-04-12T13:12:05.015+0000] {weather_forecast_ingestion_dag.py:56} INFO - ğŸ’¾ Saving forecast for 2025-04-17T11:00:00+00:00
[2025-04-12T13:12:05.367+0000] {logging_mixin.py:190} INFO - ğŸŒ¤ï¸ Saved forecast: gs://gooutside-raw/weather_forecast/bamberg/2025-04-17T1100.json
[2025-04-12T13:12:05.368+0000] {weather_forecast_ingestion_dag.py:56} INFO - ğŸ’¾ Saving forecast for 2025-04-17T12:00:00+00:00
[2025-04-12T13:12:06.801+0000] {taskinstance.py:3313} ERROR - Task failed with exception
Traceback (most recent call last):
  File "/home/airflow/.local/lib/python3.12/site-packages/urllib3/connectionpool.py", line 787, in urlopen
    response = self._make_request(
               ^^^^^^^^^^^^^^^^^^^
  File "/home/airflow/.local/lib/python3.12/site-packages/urllib3/connectionpool.py", line 534, in _make_request
    response = conn.getresponse()
               ^^^^^^^^^^^^^^^^^^
  File "/home/airflow/.local/lib/python3.12/site-packages/urllib3/connection.py", line 516, in getresponse
    httplib_response = super().getresponse()
                       ^^^^^^^^^^^^^^^^^^^^^
  File "/usr/local/lib/python3.12/http/client.py", line 1430, in getresponse
    response.begin()
  File "/usr/local/lib/python3.12/http/client.py", line 331, in begin
    version, status, reason = self._read_status()
                              ^^^^^^^^^^^^^^^^^^^
  File "/usr/local/lib/python3.12/http/client.py", line 300, in _read_status
    raise RemoteDisconnected("Remote end closed connection without"
http.client.RemoteDisconnected: Remote end closed connection without response

During handling of the above exception, another exception occurred:

Traceback (most recent call last):
  File "/home/airflow/.local/lib/python3.12/site-packages/requests/adapters.py", line 667, in send
    resp = conn.urlopen(
           ^^^^^^^^^^^^^
  File "/home/airflow/.local/lib/python3.12/site-packages/urllib3/connectionpool.py", line 841, in urlopen
    retries = retries.increment(
              ^^^^^^^^^^^^^^^^^^
  File "/home/airflow/.local/lib/python3.12/site-packages/urllib3/util/retry.py", line 474, in increment
    raise reraise(type(error), error, _stacktrace)
          ^^^^^^^^^^^^^^^^^^^^^^^^^^^^^^^^^^^^^^^^
  File "/home/airflow/.local/lib/python3.12/site-packages/urllib3/util/util.py", line 38, in reraise
    raise value.with_traceback(tb)
  File "/home/airflow/.local/lib/python3.12/site-packages/urllib3/connectionpool.py", line 787, in urlopen
    response = self._make_request(
               ^^^^^^^^^^^^^^^^^^^
  File "/home/airflow/.local/lib/python3.12/site-packages/urllib3/connectionpool.py", line 534, in _make_request
    response = conn.getresponse()
               ^^^^^^^^^^^^^^^^^^
  File "/home/airflow/.local/lib/python3.12/site-packages/urllib3/connection.py", line 516, in getresponse
    httplib_response = super().getresponse()
                       ^^^^^^^^^^^^^^^^^^^^^
  File "/usr/local/lib/python3.12/http/client.py", line 1430, in getresponse
    response.begin()
  File "/usr/local/lib/python3.12/http/client.py", line 331, in begin
    version, status, reason = self._read_status()
                              ^^^^^^^^^^^^^^^^^^^
  File "/usr/local/lib/python3.12/http/client.py", line 300, in _read_status
    raise RemoteDisconnected("Remote end closed connection without"
urllib3.exceptions.ProtocolError: ('Connection aborted.', RemoteDisconnected('Remote end closed connection without response'))

During handling of the above exception, another exception occurred:

Traceback (most recent call last):
  File "/home/airflow/.local/lib/python3.12/site-packages/google/auth/transport/requests.py", line 186, in __call__
    response = self.session.request(
               ^^^^^^^^^^^^^^^^^^^^^
  File "/home/airflow/.local/lib/python3.12/site-packages/requests/sessions.py", line 589, in request
    resp = self.send(prep, **send_kwargs)
           ^^^^^^^^^^^^^^^^^^^^^^^^^^^^^^
  File "/home/airflow/.local/lib/python3.12/site-packages/requests/sessions.py", line 703, in send
    r = adapter.send(request, **kwargs)
        ^^^^^^^^^^^^^^^^^^^^^^^^^^^^^^^
  File "/home/airflow/.local/lib/python3.12/site-packages/requests/adapters.py", line 682, in send
    raise ConnectionError(err, request=request)
requests.exceptions.ConnectionError: ('Connection aborted.', RemoteDisconnected('Remote end closed connection without response'))

The above exception was the direct cause of the following exception:

Traceback (most recent call last):
  File "/home/airflow/.local/lib/python3.12/site-packages/airflow/models/taskinstance.py", line 768, in _execute_task
    result = _execute_callable(context=context, **execute_callable_kwargs)
             ^^^^^^^^^^^^^^^^^^^^^^^^^^^^^^^^^^^^^^^^^^^^^^^^^^^^^^^^^^^^^
  File "/home/airflow/.local/lib/python3.12/site-packages/airflow/models/taskinstance.py", line 734, in _execute_callable
    return ExecutionCallableRunner(
           ^^^^^^^^^^^^^^^^^^^^^^^^
  File "/home/airflow/.local/lib/python3.12/site-packages/airflow/utils/operator_helpers.py", line 252, in run
    return self.func(*args, **kwargs)
           ^^^^^^^^^^^^^^^^^^^^^^^^^^
  File "/home/airflow/.local/lib/python3.12/site-packages/airflow/models/baseoperator.py", line 424, in wrapper
    return func(self, *args, **kwargs)
           ^^^^^^^^^^^^^^^^^^^^^^^^^^^
  File "/home/airflow/.local/lib/python3.12/site-packages/airflow/decorators/base.py", line 266, in execute
    return_value = super().execute(context)
                   ^^^^^^^^^^^^^^^^^^^^^^^^
  File "/home/airflow/.local/lib/python3.12/site-packages/airflow/models/baseoperator.py", line 424, in wrapper
    return func(self, *args, **kwargs)
           ^^^^^^^^^^^^^^^^^^^^^^^^^^^
  File "/home/airflow/.local/lib/python3.12/site-packages/airflow/operators/python.py", line 238, in execute
    return_value = self.execute_callable()
                   ^^^^^^^^^^^^^^^^^^^^^^^
  File "/home/airflow/.local/lib/python3.12/site-packages/airflow/operators/python.py", line 256, in execute_callable
    return runner.run(*self.op_args, **self.op_kwargs)
           ^^^^^^^^^^^^^^^^^^^^^^^^^^^^^^^^^^^^^^^^^^^
  File "/home/airflow/.local/lib/python3.12/site-packages/airflow/utils/operator_helpers.py", line 252, in run
    return self.func(*args, **kwargs)
           ^^^^^^^^^^^^^^^^^^^^^^^^^^
  File "/opt/airflow/dags/weather_forecast_ingestion_dag.py", line 57, in ingest
    save_weather_forecast_to_gcs(entry)
  File "/opt/airflow/app/ingestion/weather_forecast.py", line 84, in save_weather_forecast_to_gcs
    blob.upload_from_string(
  File "/usr/local/lib/python3.12/contextlib.py", line 81, in inner
    return func(*args, **kwds)
           ^^^^^^^^^^^^^^^^^^^
  File "/home/airflow/.local/lib/python3.12/site-packages/google/cloud/storage/blob.py", line 3128, in upload_from_string
    self.upload_from_file(
  File "/usr/local/lib/python3.12/contextlib.py", line 81, in inner
    return func(*args, **kwds)
           ^^^^^^^^^^^^^^^^^^^
  File "/home/airflow/.local/lib/python3.12/site-packages/google/cloud/storage/blob.py", line 2851, in upload_from_file
    self._prep_and_do_upload(
  File "/home/airflow/.local/lib/python3.12/site-packages/google/cloud/storage/blob.py", line 2700, in _prep_and_do_upload
    created_json = self._do_upload(
                   ^^^^^^^^^^^^^^^^
  File "/home/airflow/.local/lib/python3.12/site-packages/google/cloud/storage/blob.py", line 2506, in _do_upload
    response = self._do_multipart_upload(
               ^^^^^^^^^^^^^^^^^^^^^^^^^^
  File "/home/airflow/.local/lib/python3.12/site-packages/google/cloud/storage/blob.py", line 2007, in _do_multipart_upload
    response = upload.transmit(
               ^^^^^^^^^^^^^^^^
  File "/home/airflow/.local/lib/python3.12/site-packages/google/resumable_media/requests/upload.py", line 153, in transmit
    return _request_helpers.wait_and_retry(
           ^^^^^^^^^^^^^^^^^^^^^^^^^^^^^^^^
  File "/home/airflow/.local/lib/python3.12/site-packages/google/resumable_media/requests/_request_helpers.py", line 155, in wait_and_retry
    response = func()
               ^^^^^^
  File "/home/airflow/.local/lib/python3.12/site-packages/google/resumable_media/requests/upload.py", line 145, in retriable_request
    result = transport.request(
             ^^^^^^^^^^^^^^^^^^
  File "/home/airflow/.local/lib/python3.12/site-packages/google/auth/transport/requests.py", line 533, in request
    self.credentials.before_request(auth_request, method, url, request_headers)
  File "/home/airflow/.local/lib/python3.12/site-packages/google/auth/credentials.py", line 239, in before_request
    self._blocking_refresh(request)
  File "/home/airflow/.local/lib/python3.12/site-packages/google/auth/credentials.py", line 202, in _blocking_refresh
    self.refresh(request)
  File "/home/airflow/.local/lib/python3.12/site-packages/google/oauth2/service_account.py", line 448, in refresh
    access_token, expiry, _ = _client.jwt_grant(
                              ^^^^^^^^^^^^^^^^^^
  File "/home/airflow/.local/lib/python3.12/site-packages/google/oauth2/_client.py", line 299, in jwt_grant
    response_data = _token_endpoint_request(
                    ^^^^^^^^^^^^^^^^^^^^^^^^
  File "/home/airflow/.local/lib/python3.12/site-packages/google/oauth2/_client.py", line 259, in _token_endpoint_request
    response_status_ok, response_data, retryable_error = _token_endpoint_request_no_throw(
                                                         ^^^^^^^^^^^^^^^^^^^^^^^^^^^^^^^^^
  File "/home/airflow/.local/lib/python3.12/site-packages/google/oauth2/_client.py", line 192, in _token_endpoint_request_no_throw
    response = request(
               ^^^^^^^^
  File "/home/airflow/.local/lib/python3.12/site-packages/google/auth/transport/requests.py", line 192, in __call__
    raise new_exc from caught_exc
google.auth.exceptions.TransportError: ('Connection aborted.', RemoteDisconnected('Remote end closed connection without response'))
[2025-04-12T13:12:06.845+0000] {taskinstance.py:1226} INFO - Marking task as UP_FOR_RETRY. dag_id=weather_forecast_ingestion_dag, task_id=ingest, run_id=scheduled__2025-04-12T12:00:00+00:00, execution_date=20250412T120000, start_date=20250412T131133, end_date=20250412T131206
[2025-04-12T13:12:06.879+0000] {taskinstance.py:341} INFO - ::group::Post task execution logs
[2025-04-12T13:12:06.879+0000] {standard_task_runner.py:124} ERROR - Failed to execute job 805 for task ingest (('Connection aborted.', RemoteDisconnected('Remote end closed connection without response')); 169)
Traceback (most recent call last):
  File "/home/airflow/.local/lib/python3.12/site-packages/urllib3/connectionpool.py", line 787, in urlopen
    response = self._make_request(
               ^^^^^^^^^^^^^^^^^^^
  File "/home/airflow/.local/lib/python3.12/site-packages/urllib3/connectionpool.py", line 534, in _make_request
    response = conn.getresponse()
               ^^^^^^^^^^^^^^^^^^
  File "/home/airflow/.local/lib/python3.12/site-packages/urllib3/connection.py", line 516, in getresponse
    httplib_response = super().getresponse()
                       ^^^^^^^^^^^^^^^^^^^^^
  File "/usr/local/lib/python3.12/http/client.py", line 1430, in getresponse
    response.begin()
  File "/usr/local/lib/python3.12/http/client.py", line 331, in begin
    version, status, reason = self._read_status()
                              ^^^^^^^^^^^^^^^^^^^
  File "/usr/local/lib/python3.12/http/client.py", line 300, in _read_status
    raise RemoteDisconnected("Remote end closed connection without"
http.client.RemoteDisconnected: Remote end closed connection without response

During handling of the above exception, another exception occurred:

Traceback (most recent call last):
  File "/home/airflow/.local/lib/python3.12/site-packages/requests/adapters.py", line 667, in send
    resp = conn.urlopen(
           ^^^^^^^^^^^^^
  File "/home/airflow/.local/lib/python3.12/site-packages/urllib3/connectionpool.py", line 841, in urlopen
    retries = retries.increment(
              ^^^^^^^^^^^^^^^^^^
  File "/home/airflow/.local/lib/python3.12/site-packages/urllib3/util/retry.py", line 474, in increment
    raise reraise(type(error), error, _stacktrace)
          ^^^^^^^^^^^^^^^^^^^^^^^^^^^^^^^^^^^^^^^^
  File "/home/airflow/.local/lib/python3.12/site-packages/urllib3/util/util.py", line 38, in reraise
    raise value.with_traceback(tb)
  File "/home/airflow/.local/lib/python3.12/site-packages/urllib3/connectionpool.py", line 787, in urlopen
    response = self._make_request(
               ^^^^^^^^^^^^^^^^^^^
  File "/home/airflow/.local/lib/python3.12/site-packages/urllib3/connectionpool.py", line 534, in _make_request
    response = conn.getresponse()
               ^^^^^^^^^^^^^^^^^^
  File "/home/airflow/.local/lib/python3.12/site-packages/urllib3/connection.py", line 516, in getresponse
    httplib_response = super().getresponse()
                       ^^^^^^^^^^^^^^^^^^^^^
  File "/usr/local/lib/python3.12/http/client.py", line 1430, in getresponse
    response.begin()
  File "/usr/local/lib/python3.12/http/client.py", line 331, in begin
    version, status, reason = self._read_status()
                              ^^^^^^^^^^^^^^^^^^^
  File "/usr/local/lib/python3.12/http/client.py", line 300, in _read_status
    raise RemoteDisconnected("Remote end closed connection without"
urllib3.exceptions.ProtocolError: ('Connection aborted.', RemoteDisconnected('Remote end closed connection without response'))

During handling of the above exception, another exception occurred:

Traceback (most recent call last):
  File "/home/airflow/.local/lib/python3.12/site-packages/google/auth/transport/requests.py", line 186, in __call__
    response = self.session.request(
               ^^^^^^^^^^^^^^^^^^^^^
  File "/home/airflow/.local/lib/python3.12/site-packages/requests/sessions.py", line 589, in request
    resp = self.send(prep, **send_kwargs)
           ^^^^^^^^^^^^^^^^^^^^^^^^^^^^^^
  File "/home/airflow/.local/lib/python3.12/site-packages/requests/sessions.py", line 703, in send
    r = adapter.send(request, **kwargs)
        ^^^^^^^^^^^^^^^^^^^^^^^^^^^^^^^
  File "/home/airflow/.local/lib/python3.12/site-packages/requests/adapters.py", line 682, in send
    raise ConnectionError(err, request=request)
requests.exceptions.ConnectionError: ('Connection aborted.', RemoteDisconnected('Remote end closed connection without response'))

The above exception was the direct cause of the following exception:

Traceback (most recent call last):
  File "/home/airflow/.local/lib/python3.12/site-packages/airflow/task/task_runner/standard_task_runner.py", line 117, in _start_by_fork
    ret = args.func(args, dag=self.dag)
          ^^^^^^^^^^^^^^^^^^^^^^^^^^^^^
  File "/home/airflow/.local/lib/python3.12/site-packages/airflow/cli/cli_config.py", line 49, in command
    return func(*args, **kwargs)
           ^^^^^^^^^^^^^^^^^^^^^
  File "/home/airflow/.local/lib/python3.12/site-packages/airflow/utils/cli.py", line 116, in wrapper
    return f(*args, **kwargs)
           ^^^^^^^^^^^^^^^^^^
  File "/home/airflow/.local/lib/python3.12/site-packages/airflow/cli/commands/task_command.py", line 483, in task_run
    task_return_code = _run_task_by_selected_method(args, _dag, ti)
                       ^^^^^^^^^^^^^^^^^^^^^^^^^^^^^^^^^^^^^^^^^^^^
  File "/home/airflow/.local/lib/python3.12/site-packages/airflow/cli/commands/task_command.py", line 256, in _run_task_by_selected_method
    return _run_raw_task(args, ti)
           ^^^^^^^^^^^^^^^^^^^^^^^
  File "/home/airflow/.local/lib/python3.12/site-packages/airflow/cli/commands/task_command.py", line 341, in _run_raw_task
    return ti._run_raw_task(
           ^^^^^^^^^^^^^^^^^
  File "/home/airflow/.local/lib/python3.12/site-packages/airflow/utils/session.py", line 97, in wrapper
    return func(*args, session=session, **kwargs)
           ^^^^^^^^^^^^^^^^^^^^^^^^^^^^^^^^^^^^^^
  File "/home/airflow/.local/lib/python3.12/site-packages/airflow/models/taskinstance.py", line 3006, in _run_raw_task
    return _run_raw_task(
           ^^^^^^^^^^^^^^
  File "/home/airflow/.local/lib/python3.12/site-packages/airflow/models/taskinstance.py", line 274, in _run_raw_task
    TaskInstance._execute_task_with_callbacks(
  File "/home/airflow/.local/lib/python3.12/site-packages/airflow/models/taskinstance.py", line 3161, in _execute_task_with_callbacks
    result = self._execute_task(context, task_orig)
             ^^^^^^^^^^^^^^^^^^^^^^^^^^^^^^^^^^^^^^
  File "/home/airflow/.local/lib/python3.12/site-packages/airflow/models/taskinstance.py", line 3185, in _execute_task
    return _execute_task(self, context, task_orig)
           ^^^^^^^^^^^^^^^^^^^^^^^^^^^^^^^^^^^^^^^
  File "/home/airflow/.local/lib/python3.12/site-packages/airflow/models/taskinstance.py", line 768, in _execute_task
    result = _execute_callable(context=context, **execute_callable_kwargs)
             ^^^^^^^^^^^^^^^^^^^^^^^^^^^^^^^^^^^^^^^^^^^^^^^^^^^^^^^^^^^^^
  File "/home/airflow/.local/lib/python3.12/site-packages/airflow/models/taskinstance.py", line 734, in _execute_callable
    return ExecutionCallableRunner(
           ^^^^^^^^^^^^^^^^^^^^^^^^
  File "/home/airflow/.local/lib/python3.12/site-packages/airflow/utils/operator_helpers.py", line 252, in run
    return self.func(*args, **kwargs)
           ^^^^^^^^^^^^^^^^^^^^^^^^^^
  File "/home/airflow/.local/lib/python3.12/site-packages/airflow/models/baseoperator.py", line 424, in wrapper
    return func(self, *args, **kwargs)
           ^^^^^^^^^^^^^^^^^^^^^^^^^^^
  File "/home/airflow/.local/lib/python3.12/site-packages/airflow/decorators/base.py", line 266, in execute
    return_value = super().execute(context)
                   ^^^^^^^^^^^^^^^^^^^^^^^^
  File "/home/airflow/.local/lib/python3.12/site-packages/airflow/models/baseoperator.py", line 424, in wrapper
    return func(self, *args, **kwargs)
           ^^^^^^^^^^^^^^^^^^^^^^^^^^^
  File "/home/airflow/.local/lib/python3.12/site-packages/airflow/operators/python.py", line 238, in execute
    return_value = self.execute_callable()
                   ^^^^^^^^^^^^^^^^^^^^^^^
  File "/home/airflow/.local/lib/python3.12/site-packages/airflow/operators/python.py", line 256, in execute_callable
    return runner.run(*self.op_args, **self.op_kwargs)
           ^^^^^^^^^^^^^^^^^^^^^^^^^^^^^^^^^^^^^^^^^^^
  File "/home/airflow/.local/lib/python3.12/site-packages/airflow/utils/operator_helpers.py", line 252, in run
    return self.func(*args, **kwargs)
           ^^^^^^^^^^^^^^^^^^^^^^^^^^
  File "/opt/airflow/dags/weather_forecast_ingestion_dag.py", line 57, in ingest
    save_weather_forecast_to_gcs(entry)
  File "/opt/airflow/app/ingestion/weather_forecast.py", line 84, in save_weather_forecast_to_gcs
    blob.upload_from_string(
  File "/usr/local/lib/python3.12/contextlib.py", line 81, in inner
    return func(*args, **kwds)
           ^^^^^^^^^^^^^^^^^^^
  File "/home/airflow/.local/lib/python3.12/site-packages/google/cloud/storage/blob.py", line 3128, in upload_from_string
    self.upload_from_file(
  File "/usr/local/lib/python3.12/contextlib.py", line 81, in inner
    return func(*args, **kwds)
           ^^^^^^^^^^^^^^^^^^^
  File "/home/airflow/.local/lib/python3.12/site-packages/google/cloud/storage/blob.py", line 2851, in upload_from_file
    self._prep_and_do_upload(
  File "/home/airflow/.local/lib/python3.12/site-packages/google/cloud/storage/blob.py", line 2700, in _prep_and_do_upload
    created_json = self._do_upload(
                   ^^^^^^^^^^^^^^^^
  File "/home/airflow/.local/lib/python3.12/site-packages/google/cloud/storage/blob.py", line 2506, in _do_upload
    response = self._do_multipart_upload(
               ^^^^^^^^^^^^^^^^^^^^^^^^^^
  File "/home/airflow/.local/lib/python3.12/site-packages/google/cloud/storage/blob.py", line 2007, in _do_multipart_upload
    response = upload.transmit(
               ^^^^^^^^^^^^^^^^
  File "/home/airflow/.local/lib/python3.12/site-packages/google/resumable_media/requests/upload.py", line 153, in transmit
    return _request_helpers.wait_and_retry(
           ^^^^^^^^^^^^^^^^^^^^^^^^^^^^^^^^
  File "/home/airflow/.local/lib/python3.12/site-packages/google/resumable_media/requests/_request_helpers.py", line 155, in wait_and_retry
    response = func()
               ^^^^^^
  File "/home/airflow/.local/lib/python3.12/site-packages/google/resumable_media/requests/upload.py", line 145, in retriable_request
    result = transport.request(
             ^^^^^^^^^^^^^^^^^^
  File "/home/airflow/.local/lib/python3.12/site-packages/google/auth/transport/requests.py", line 533, in request
    self.credentials.before_request(auth_request, method, url, request_headers)
  File "/home/airflow/.local/lib/python3.12/site-packages/google/auth/credentials.py", line 239, in before_request
    self._blocking_refresh(request)
  File "/home/airflow/.local/lib/python3.12/site-packages/google/auth/credentials.py", line 202, in _blocking_refresh
    self.refresh(request)
  File "/home/airflow/.local/lib/python3.12/site-packages/google/oauth2/service_account.py", line 448, in refresh
    access_token, expiry, _ = _client.jwt_grant(
                              ^^^^^^^^^^^^^^^^^^
  File "/home/airflow/.local/lib/python3.12/site-packages/google/oauth2/_client.py", line 299, in jwt_grant
    response_data = _token_endpoint_request(
                    ^^^^^^^^^^^^^^^^^^^^^^^^
  File "/home/airflow/.local/lib/python3.12/site-packages/google/oauth2/_client.py", line 259, in _token_endpoint_request
    response_status_ok, response_data, retryable_error = _token_endpoint_request_no_throw(
                                                         ^^^^^^^^^^^^^^^^^^^^^^^^^^^^^^^^^
  File "/home/airflow/.local/lib/python3.12/site-packages/google/oauth2/_client.py", line 192, in _token_endpoint_request_no_throw
    response = request(
               ^^^^^^^^
  File "/home/airflow/.local/lib/python3.12/site-packages/google/auth/transport/requests.py", line 192, in __call__
    raise new_exc from caught_exc
google.auth.exceptions.TransportError: ('Connection aborted.', RemoteDisconnected('Remote end closed connection without response'))
[2025-04-12T13:12:06.929+0000] {local_task_job_runner.py:266} INFO - Task exited with return code 1
[2025-04-12T13:12:06.962+0000] {taskinstance.py:3901} INFO - 0 downstream tasks scheduled from follow-on schedule check
[2025-04-12T13:12:06.963+0000] {local_task_job_runner.py:245} INFO - ::endgroup::
