[2025-04-13T01:07:30.408+0000] {local_task_job_runner.py:123} INFO - ::group::Pre task execution logs
[2025-04-13T01:07:30.424+0000] {taskinstance.py:2614} INFO - Dependencies all met for dep_context=non-requeueable deps ti=<TaskInstance: weather_forecast_ingestion_dag.ingest scheduled__2025-04-13T00:00:00+00:00 [queued]>
[2025-04-13T01:07:30.432+0000] {taskinstance.py:2614} INFO - Dependencies all met for dep_context=requeueable deps ti=<TaskInstance: weather_forecast_ingestion_dag.ingest scheduled__2025-04-13T00:00:00+00:00 [queued]>
[2025-04-13T01:07:30.433+0000] {taskinstance.py:2867} INFO - Starting attempt 1 of 2
[2025-04-13T01:07:30.442+0000] {taskinstance.py:2890} INFO - Executing <Task(_PythonDecoratedOperator): ingest> on 2025-04-13 00:00:00+00:00
[2025-04-13T01:07:30.449+0000] {warnings.py:112} WARNING - /home/***/.local/lib/python3.12/site-packages/***/task/task_runner/standard_task_runner.py:70: DeprecationWarning: This process (pid=315) is multi-threaded, use of fork() may lead to deadlocks in the child.
  pid = os.fork()

[2025-04-13T01:07:30.457+0000] {standard_task_runner.py:104} INFO - Running: ['***', 'tasks', 'run', 'weather_forecast_ingestion_dag', 'ingest', 'scheduled__2025-04-13T00:00:00+00:00', '--job-id', '856', '--raw', '--subdir', 'DAGS_FOLDER/weather_forecast_ingestion_dag.py', '--cfg-path', '/tmp/tmpj61_z_ta']
[2025-04-13T01:07:30.459+0000] {standard_task_runner.py:72} INFO - Started process 318 to run task
[2025-04-13T01:07:30.459+0000] {standard_task_runner.py:105} INFO - Job 856: Subtask ingest
[2025-04-13T01:07:30.513+0000] {task_command.py:467} INFO - Running <TaskInstance: weather_forecast_ingestion_dag.ingest scheduled__2025-04-13T00:00:00+00:00 [running]> on host caedfbfc7792
[2025-04-13T01:07:30.576+0000] {taskinstance.py:3134} INFO - Exporting env vars: AIRFLOW_CTX_DAG_OWNER='beni' AIRFLOW_CTX_DAG_ID='weather_forecast_ingestion_dag' AIRFLOW_CTX_TASK_ID='ingest' AIRFLOW_CTX_EXECUTION_DATE='2025-04-13T00:00:00+00:00' AIRFLOW_CTX_TRY_NUMBER='1' AIRFLOW_CTX_DAG_RUN_ID='scheduled__2025-04-13T00:00:00+00:00'
[2025-04-13T01:07:30.577+0000] {taskinstance.py:732} INFO - ::endgroup::
[2025-04-13T01:07:30.578+0000] {weather_forecast_ingestion_dag.py:37} INFO - ğŸŒ¤ï¸ Fetching forecast from 2025-04-13 to 2025-04-21
[2025-04-13T01:07:30.733+0000] {weather_forecast_ingestion_dag.py:53} INFO - ğŸ“¦ Filtered 120 future forecast entries
[2025-04-13T01:07:30.735+0000] {weather_forecast_ingestion_dag.py:56} INFO - ğŸ’¾ Saving forecast for 2025-04-13T06:00:00+00:00
[2025-04-13T01:07:31.152+0000] {logging_mixin.py:190} INFO - ğŸŒ¤ï¸ Saved forecast: gs://gooutside-raw/weather_forecast/bamberg/2025-04-13T0600.json
[2025-04-13T01:07:31.152+0000] {weather_forecast_ingestion_dag.py:56} INFO - ğŸ’¾ Saving forecast for 2025-04-13T07:00:00+00:00
[2025-04-13T01:07:31.500+0000] {logging_mixin.py:190} INFO - ğŸŒ¤ï¸ Saved forecast: gs://gooutside-raw/weather_forecast/bamberg/2025-04-13T0700.json
[2025-04-13T01:07:31.501+0000] {weather_forecast_ingestion_dag.py:56} INFO - ğŸ’¾ Saving forecast for 2025-04-13T08:00:00+00:00
[2025-04-13T01:07:31.906+0000] {logging_mixin.py:190} INFO - ğŸŒ¤ï¸ Saved forecast: gs://gooutside-raw/weather_forecast/bamberg/2025-04-13T0800.json
[2025-04-13T01:07:31.908+0000] {weather_forecast_ingestion_dag.py:56} INFO - ğŸ’¾ Saving forecast for 2025-04-13T09:00:00+00:00
[2025-04-13T01:07:32.286+0000] {logging_mixin.py:190} INFO - ğŸŒ¤ï¸ Saved forecast: gs://gooutside-raw/weather_forecast/bamberg/2025-04-13T0900.json
[2025-04-13T01:07:32.286+0000] {weather_forecast_ingestion_dag.py:56} INFO - ğŸ’¾ Saving forecast for 2025-04-13T10:00:00+00:00
[2025-04-13T01:07:32.634+0000] {logging_mixin.py:190} INFO - ğŸŒ¤ï¸ Saved forecast: gs://gooutside-raw/weather_forecast/bamberg/2025-04-13T1000.json
[2025-04-13T01:07:32.635+0000] {weather_forecast_ingestion_dag.py:56} INFO - ğŸ’¾ Saving forecast for 2025-04-13T11:00:00+00:00
[2025-04-13T01:07:32.995+0000] {logging_mixin.py:190} INFO - ğŸŒ¤ï¸ Saved forecast: gs://gooutside-raw/weather_forecast/bamberg/2025-04-13T1100.json
[2025-04-13T01:07:32.996+0000] {weather_forecast_ingestion_dag.py:56} INFO - ğŸ’¾ Saving forecast for 2025-04-13T12:00:00+00:00
[2025-04-13T01:07:33.366+0000] {logging_mixin.py:190} INFO - ğŸŒ¤ï¸ Saved forecast: gs://gooutside-raw/weather_forecast/bamberg/2025-04-13T1200.json
[2025-04-13T01:07:33.366+0000] {weather_forecast_ingestion_dag.py:56} INFO - ğŸ’¾ Saving forecast for 2025-04-13T13:00:00+00:00
[2025-04-13T01:07:33.717+0000] {logging_mixin.py:190} INFO - ğŸŒ¤ï¸ Saved forecast: gs://gooutside-raw/weather_forecast/bamberg/2025-04-13T1300.json
[2025-04-13T01:07:33.718+0000] {weather_forecast_ingestion_dag.py:56} INFO - ğŸ’¾ Saving forecast for 2025-04-13T14:00:00+00:00
[2025-04-13T01:07:34.101+0000] {logging_mixin.py:190} INFO - ğŸŒ¤ï¸ Saved forecast: gs://gooutside-raw/weather_forecast/bamberg/2025-04-13T1400.json
[2025-04-13T01:07:34.101+0000] {weather_forecast_ingestion_dag.py:56} INFO - ğŸ’¾ Saving forecast for 2025-04-13T15:00:00+00:00
[2025-04-13T01:07:34.466+0000] {logging_mixin.py:190} INFO - ğŸŒ¤ï¸ Saved forecast: gs://gooutside-raw/weather_forecast/bamberg/2025-04-13T1500.json
[2025-04-13T01:07:34.467+0000] {weather_forecast_ingestion_dag.py:56} INFO - ğŸ’¾ Saving forecast for 2025-04-13T16:00:00+00:00
[2025-04-13T01:07:34.814+0000] {logging_mixin.py:190} INFO - ğŸŒ¤ï¸ Saved forecast: gs://gooutside-raw/weather_forecast/bamberg/2025-04-13T1600.json
[2025-04-13T01:07:34.815+0000] {weather_forecast_ingestion_dag.py:56} INFO - ğŸ’¾ Saving forecast for 2025-04-13T17:00:00+00:00
[2025-04-13T01:07:35.169+0000] {logging_mixin.py:190} INFO - ğŸŒ¤ï¸ Saved forecast: gs://gooutside-raw/weather_forecast/bamberg/2025-04-13T1700.json
[2025-04-13T01:07:35.170+0000] {weather_forecast_ingestion_dag.py:56} INFO - ğŸ’¾ Saving forecast for 2025-04-13T18:00:00+00:00
[2025-04-13T01:07:35.540+0000] {logging_mixin.py:190} INFO - ğŸŒ¤ï¸ Saved forecast: gs://gooutside-raw/weather_forecast/bamberg/2025-04-13T1800.json
[2025-04-13T01:07:35.541+0000] {weather_forecast_ingestion_dag.py:56} INFO - ğŸ’¾ Saving forecast for 2025-04-13T19:00:00+00:00
[2025-04-13T01:07:35.904+0000] {logging_mixin.py:190} INFO - ğŸŒ¤ï¸ Saved forecast: gs://gooutside-raw/weather_forecast/bamberg/2025-04-13T1900.json
[2025-04-13T01:07:35.905+0000] {weather_forecast_ingestion_dag.py:56} INFO - ğŸ’¾ Saving forecast for 2025-04-13T20:00:00+00:00
[2025-04-13T01:07:36.284+0000] {logging_mixin.py:190} INFO - ğŸŒ¤ï¸ Saved forecast: gs://gooutside-raw/weather_forecast/bamberg/2025-04-13T2000.json
[2025-04-13T01:07:36.285+0000] {weather_forecast_ingestion_dag.py:56} INFO - ğŸ’¾ Saving forecast for 2025-04-14T06:00:00+00:00
[2025-04-13T01:07:36.633+0000] {logging_mixin.py:190} INFO - ğŸŒ¤ï¸ Saved forecast: gs://gooutside-raw/weather_forecast/bamberg/2025-04-14T0600.json
[2025-04-13T01:07:36.634+0000] {weather_forecast_ingestion_dag.py:56} INFO - ğŸ’¾ Saving forecast for 2025-04-14T07:00:00+00:00
[2025-04-13T01:07:36.970+0000] {logging_mixin.py:190} INFO - ğŸŒ¤ï¸ Saved forecast: gs://gooutside-raw/weather_forecast/bamberg/2025-04-14T0700.json
[2025-04-13T01:07:36.970+0000] {weather_forecast_ingestion_dag.py:56} INFO - ğŸ’¾ Saving forecast for 2025-04-14T08:00:00+00:00
[2025-04-13T01:07:37.321+0000] {logging_mixin.py:190} INFO - ğŸŒ¤ï¸ Saved forecast: gs://gooutside-raw/weather_forecast/bamberg/2025-04-14T0800.json
[2025-04-13T01:07:37.322+0000] {weather_forecast_ingestion_dag.py:56} INFO - ğŸ’¾ Saving forecast for 2025-04-14T09:00:00+00:00
[2025-04-13T01:07:37.667+0000] {logging_mixin.py:190} INFO - ğŸŒ¤ï¸ Saved forecast: gs://gooutside-raw/weather_forecast/bamberg/2025-04-14T0900.json
[2025-04-13T01:07:37.669+0000] {weather_forecast_ingestion_dag.py:56} INFO - ğŸ’¾ Saving forecast for 2025-04-14T10:00:00+00:00
[2025-04-13T01:07:38.042+0000] {logging_mixin.py:190} INFO - ğŸŒ¤ï¸ Saved forecast: gs://gooutside-raw/weather_forecast/bamberg/2025-04-14T1000.json
[2025-04-13T01:07:38.044+0000] {weather_forecast_ingestion_dag.py:56} INFO - ğŸ’¾ Saving forecast for 2025-04-14T11:00:00+00:00
[2025-04-13T01:07:38.410+0000] {logging_mixin.py:190} INFO - ğŸŒ¤ï¸ Saved forecast: gs://gooutside-raw/weather_forecast/bamberg/2025-04-14T1100.json
[2025-04-13T01:07:38.411+0000] {weather_forecast_ingestion_dag.py:56} INFO - ğŸ’¾ Saving forecast for 2025-04-14T12:00:00+00:00
[2025-04-13T01:07:38.786+0000] {logging_mixin.py:190} INFO - ğŸŒ¤ï¸ Saved forecast: gs://gooutside-raw/weather_forecast/bamberg/2025-04-14T1200.json
[2025-04-13T01:07:38.787+0000] {weather_forecast_ingestion_dag.py:56} INFO - ğŸ’¾ Saving forecast for 2025-04-14T13:00:00+00:00
[2025-04-13T01:07:39.167+0000] {logging_mixin.py:190} INFO - ğŸŒ¤ï¸ Saved forecast: gs://gooutside-raw/weather_forecast/bamberg/2025-04-14T1300.json
[2025-04-13T01:07:39.167+0000] {weather_forecast_ingestion_dag.py:56} INFO - ğŸ’¾ Saving forecast for 2025-04-14T14:00:00+00:00
[2025-04-13T01:07:39.531+0000] {logging_mixin.py:190} INFO - ğŸŒ¤ï¸ Saved forecast: gs://gooutside-raw/weather_forecast/bamberg/2025-04-14T1400.json
[2025-04-13T01:07:39.532+0000] {weather_forecast_ingestion_dag.py:56} INFO - ğŸ’¾ Saving forecast for 2025-04-14T15:00:00+00:00
[2025-04-13T01:07:39.901+0000] {logging_mixin.py:190} INFO - ğŸŒ¤ï¸ Saved forecast: gs://gooutside-raw/weather_forecast/bamberg/2025-04-14T1500.json
[2025-04-13T01:07:39.903+0000] {weather_forecast_ingestion_dag.py:56} INFO - ğŸ’¾ Saving forecast for 2025-04-14T16:00:00+00:00
[2025-04-13T01:07:40.268+0000] {logging_mixin.py:190} INFO - ğŸŒ¤ï¸ Saved forecast: gs://gooutside-raw/weather_forecast/bamberg/2025-04-14T1600.json
[2025-04-13T01:07:40.269+0000] {weather_forecast_ingestion_dag.py:56} INFO - ğŸ’¾ Saving forecast for 2025-04-14T17:00:00+00:00
[2025-04-13T01:07:40.644+0000] {logging_mixin.py:190} INFO - ğŸŒ¤ï¸ Saved forecast: gs://gooutside-raw/weather_forecast/bamberg/2025-04-14T1700.json
[2025-04-13T01:07:40.645+0000] {weather_forecast_ingestion_dag.py:56} INFO - ğŸ’¾ Saving forecast for 2025-04-14T18:00:00+00:00
[2025-04-13T01:07:41.034+0000] {logging_mixin.py:190} INFO - ğŸŒ¤ï¸ Saved forecast: gs://gooutside-raw/weather_forecast/bamberg/2025-04-14T1800.json
[2025-04-13T01:07:41.036+0000] {weather_forecast_ingestion_dag.py:56} INFO - ğŸ’¾ Saving forecast for 2025-04-14T19:00:00+00:00
[2025-04-13T01:07:41.396+0000] {logging_mixin.py:190} INFO - ğŸŒ¤ï¸ Saved forecast: gs://gooutside-raw/weather_forecast/bamberg/2025-04-14T1900.json
[2025-04-13T01:07:41.396+0000] {weather_forecast_ingestion_dag.py:56} INFO - ğŸ’¾ Saving forecast for 2025-04-14T20:00:00+00:00
[2025-04-13T01:07:41.737+0000] {logging_mixin.py:190} INFO - ğŸŒ¤ï¸ Saved forecast: gs://gooutside-raw/weather_forecast/bamberg/2025-04-14T2000.json
[2025-04-13T01:07:41.739+0000] {weather_forecast_ingestion_dag.py:56} INFO - ğŸ’¾ Saving forecast for 2025-04-15T06:00:00+00:00
[2025-04-13T01:07:42.106+0000] {logging_mixin.py:190} INFO - ğŸŒ¤ï¸ Saved forecast: gs://gooutside-raw/weather_forecast/bamberg/2025-04-15T0600.json
[2025-04-13T01:07:42.107+0000] {weather_forecast_ingestion_dag.py:56} INFO - ğŸ’¾ Saving forecast for 2025-04-15T07:00:00+00:00
[2025-04-13T01:07:42.457+0000] {logging_mixin.py:190} INFO - ğŸŒ¤ï¸ Saved forecast: gs://gooutside-raw/weather_forecast/bamberg/2025-04-15T0700.json
[2025-04-13T01:07:42.458+0000] {weather_forecast_ingestion_dag.py:56} INFO - ğŸ’¾ Saving forecast for 2025-04-15T08:00:00+00:00
[2025-04-13T01:07:42.801+0000] {logging_mixin.py:190} INFO - ğŸŒ¤ï¸ Saved forecast: gs://gooutside-raw/weather_forecast/bamberg/2025-04-15T0800.json
[2025-04-13T01:07:42.802+0000] {weather_forecast_ingestion_dag.py:56} INFO - ğŸ’¾ Saving forecast for 2025-04-15T09:00:00+00:00
[2025-04-13T01:07:43.177+0000] {logging_mixin.py:190} INFO - ğŸŒ¤ï¸ Saved forecast: gs://gooutside-raw/weather_forecast/bamberg/2025-04-15T0900.json
[2025-04-13T01:07:43.178+0000] {weather_forecast_ingestion_dag.py:56} INFO - ğŸ’¾ Saving forecast for 2025-04-15T10:00:00+00:00
[2025-04-13T01:07:43.551+0000] {logging_mixin.py:190} INFO - ğŸŒ¤ï¸ Saved forecast: gs://gooutside-raw/weather_forecast/bamberg/2025-04-15T1000.json
[2025-04-13T01:07:43.552+0000] {weather_forecast_ingestion_dag.py:56} INFO - ğŸ’¾ Saving forecast for 2025-04-15T11:00:00+00:00
[2025-04-13T01:07:43.913+0000] {logging_mixin.py:190} INFO - ğŸŒ¤ï¸ Saved forecast: gs://gooutside-raw/weather_forecast/bamberg/2025-04-15T1100.json
[2025-04-13T01:07:43.914+0000] {weather_forecast_ingestion_dag.py:56} INFO - ğŸ’¾ Saving forecast for 2025-04-15T12:00:00+00:00
[2025-04-13T01:07:44.262+0000] {logging_mixin.py:190} INFO - ğŸŒ¤ï¸ Saved forecast: gs://gooutside-raw/weather_forecast/bamberg/2025-04-15T1200.json
[2025-04-13T01:07:44.263+0000] {weather_forecast_ingestion_dag.py:56} INFO - ğŸ’¾ Saving forecast for 2025-04-15T13:00:00+00:00
[2025-04-13T01:07:44.638+0000] {logging_mixin.py:190} INFO - ğŸŒ¤ï¸ Saved forecast: gs://gooutside-raw/weather_forecast/bamberg/2025-04-15T1300.json
[2025-04-13T01:07:44.638+0000] {weather_forecast_ingestion_dag.py:56} INFO - ğŸ’¾ Saving forecast for 2025-04-15T14:00:00+00:00
[2025-04-13T01:07:44.977+0000] {logging_mixin.py:190} INFO - ğŸŒ¤ï¸ Saved forecast: gs://gooutside-raw/weather_forecast/bamberg/2025-04-15T1400.json
[2025-04-13T01:07:44.979+0000] {weather_forecast_ingestion_dag.py:56} INFO - ğŸ’¾ Saving forecast for 2025-04-15T15:00:00+00:00
[2025-04-13T01:07:45.372+0000] {logging_mixin.py:190} INFO - ğŸŒ¤ï¸ Saved forecast: gs://gooutside-raw/weather_forecast/bamberg/2025-04-15T1500.json
[2025-04-13T01:07:45.374+0000] {weather_forecast_ingestion_dag.py:56} INFO - ğŸ’¾ Saving forecast for 2025-04-15T16:00:00+00:00
[2025-04-13T01:07:45.744+0000] {logging_mixin.py:190} INFO - ğŸŒ¤ï¸ Saved forecast: gs://gooutside-raw/weather_forecast/bamberg/2025-04-15T1600.json
[2025-04-13T01:07:45.744+0000] {weather_forecast_ingestion_dag.py:56} INFO - ğŸ’¾ Saving forecast for 2025-04-15T17:00:00+00:00
[2025-04-13T01:07:46.089+0000] {logging_mixin.py:190} INFO - ğŸŒ¤ï¸ Saved forecast: gs://gooutside-raw/weather_forecast/bamberg/2025-04-15T1700.json
[2025-04-13T01:07:46.090+0000] {weather_forecast_ingestion_dag.py:56} INFO - ğŸ’¾ Saving forecast for 2025-04-15T18:00:00+00:00
[2025-04-13T01:07:47.181+0000] {logging_mixin.py:190} INFO - ğŸŒ¤ï¸ Saved forecast: gs://gooutside-raw/weather_forecast/bamberg/2025-04-15T1800.json
[2025-04-13T01:07:47.181+0000] {weather_forecast_ingestion_dag.py:56} INFO - ğŸ’¾ Saving forecast for 2025-04-15T19:00:00+00:00
[2025-04-13T01:07:48.100+0000] {logging_mixin.py:190} INFO - ğŸŒ¤ï¸ Saved forecast: gs://gooutside-raw/weather_forecast/bamberg/2025-04-15T1900.json
[2025-04-13T01:07:48.100+0000] {weather_forecast_ingestion_dag.py:56} INFO - ğŸ’¾ Saving forecast for 2025-04-15T20:00:00+00:00
[2025-04-13T01:07:49.147+0000] {logging_mixin.py:190} INFO - ğŸŒ¤ï¸ Saved forecast: gs://gooutside-raw/weather_forecast/bamberg/2025-04-15T2000.json
[2025-04-13T01:07:49.148+0000] {weather_forecast_ingestion_dag.py:56} INFO - ğŸ’¾ Saving forecast for 2025-04-16T06:00:00+00:00
[2025-04-13T01:07:49.985+0000] {logging_mixin.py:190} INFO - ğŸŒ¤ï¸ Saved forecast: gs://gooutside-raw/weather_forecast/bamberg/2025-04-16T0600.json
[2025-04-13T01:07:49.986+0000] {weather_forecast_ingestion_dag.py:56} INFO - ğŸ’¾ Saving forecast for 2025-04-16T07:00:00+00:00
[2025-04-13T01:07:50.990+0000] {logging_mixin.py:190} INFO - ğŸŒ¤ï¸ Saved forecast: gs://gooutside-raw/weather_forecast/bamberg/2025-04-16T0700.json
[2025-04-13T01:07:50.992+0000] {weather_forecast_ingestion_dag.py:56} INFO - ğŸ’¾ Saving forecast for 2025-04-16T08:00:00+00:00
[2025-04-13T01:07:51.410+0000] {logging_mixin.py:190} INFO - ğŸŒ¤ï¸ Saved forecast: gs://gooutside-raw/weather_forecast/bamberg/2025-04-16T0800.json
[2025-04-13T01:07:51.411+0000] {weather_forecast_ingestion_dag.py:56} INFO - ğŸ’¾ Saving forecast for 2025-04-16T09:00:00+00:00
[2025-04-13T01:07:51.750+0000] {logging_mixin.py:190} INFO - ğŸŒ¤ï¸ Saved forecast: gs://gooutside-raw/weather_forecast/bamberg/2025-04-16T0900.json
[2025-04-13T01:07:51.751+0000] {weather_forecast_ingestion_dag.py:56} INFO - ğŸ’¾ Saving forecast for 2025-04-16T10:00:00+00:00
[2025-04-13T01:07:52.112+0000] {logging_mixin.py:190} INFO - ğŸŒ¤ï¸ Saved forecast: gs://gooutside-raw/weather_forecast/bamberg/2025-04-16T1000.json
[2025-04-13T01:07:52.113+0000] {weather_forecast_ingestion_dag.py:56} INFO - ğŸ’¾ Saving forecast for 2025-04-16T11:00:00+00:00
[2025-04-13T01:07:52.481+0000] {logging_mixin.py:190} INFO - ğŸŒ¤ï¸ Saved forecast: gs://gooutside-raw/weather_forecast/bamberg/2025-04-16T1100.json
[2025-04-13T01:07:52.482+0000] {weather_forecast_ingestion_dag.py:56} INFO - ğŸ’¾ Saving forecast for 2025-04-16T12:00:00+00:00
[2025-04-13T01:07:52.826+0000] {logging_mixin.py:190} INFO - ğŸŒ¤ï¸ Saved forecast: gs://gooutside-raw/weather_forecast/bamberg/2025-04-16T1200.json
[2025-04-13T01:07:52.827+0000] {weather_forecast_ingestion_dag.py:56} INFO - ğŸ’¾ Saving forecast for 2025-04-16T13:00:00+00:00
[2025-04-13T01:07:53.195+0000] {logging_mixin.py:190} INFO - ğŸŒ¤ï¸ Saved forecast: gs://gooutside-raw/weather_forecast/bamberg/2025-04-16T1300.json
[2025-04-13T01:07:53.196+0000] {weather_forecast_ingestion_dag.py:56} INFO - ğŸ’¾ Saving forecast for 2025-04-16T14:00:00+00:00
[2025-04-13T01:07:53.546+0000] {logging_mixin.py:190} INFO - ğŸŒ¤ï¸ Saved forecast: gs://gooutside-raw/weather_forecast/bamberg/2025-04-16T1400.json
[2025-04-13T01:07:53.546+0000] {weather_forecast_ingestion_dag.py:56} INFO - ğŸ’¾ Saving forecast for 2025-04-16T15:00:00+00:00
[2025-04-13T01:07:53.878+0000] {logging_mixin.py:190} INFO - ğŸŒ¤ï¸ Saved forecast: gs://gooutside-raw/weather_forecast/bamberg/2025-04-16T1500.json
[2025-04-13T01:07:53.879+0000] {weather_forecast_ingestion_dag.py:56} INFO - ğŸ’¾ Saving forecast for 2025-04-16T16:00:00+00:00
[2025-04-13T01:07:54.249+0000] {logging_mixin.py:190} INFO - ğŸŒ¤ï¸ Saved forecast: gs://gooutside-raw/weather_forecast/bamberg/2025-04-16T1600.json
[2025-04-13T01:07:54.250+0000] {weather_forecast_ingestion_dag.py:56} INFO - ğŸ’¾ Saving forecast for 2025-04-16T17:00:00+00:00
[2025-04-13T01:07:54.637+0000] {logging_mixin.py:190} INFO - ğŸŒ¤ï¸ Saved forecast: gs://gooutside-raw/weather_forecast/bamberg/2025-04-16T1700.json
[2025-04-13T01:07:54.637+0000] {weather_forecast_ingestion_dag.py:56} INFO - ğŸ’¾ Saving forecast for 2025-04-16T18:00:00+00:00
[2025-04-13T01:07:54.968+0000] {logging_mixin.py:190} INFO - ğŸŒ¤ï¸ Saved forecast: gs://gooutside-raw/weather_forecast/bamberg/2025-04-16T1800.json
[2025-04-13T01:07:54.968+0000] {weather_forecast_ingestion_dag.py:56} INFO - ğŸ’¾ Saving forecast for 2025-04-16T19:00:00+00:00
[2025-04-13T01:07:55.321+0000] {logging_mixin.py:190} INFO - ğŸŒ¤ï¸ Saved forecast: gs://gooutside-raw/weather_forecast/bamberg/2025-04-16T1900.json
[2025-04-13T01:07:55.322+0000] {weather_forecast_ingestion_dag.py:56} INFO - ğŸ’¾ Saving forecast for 2025-04-16T20:00:00+00:00
[2025-04-13T01:07:55.699+0000] {logging_mixin.py:190} INFO - ğŸŒ¤ï¸ Saved forecast: gs://gooutside-raw/weather_forecast/bamberg/2025-04-16T2000.json
[2025-04-13T01:07:55.700+0000] {weather_forecast_ingestion_dag.py:56} INFO - ğŸ’¾ Saving forecast for 2025-04-17T06:00:00+00:00
[2025-04-13T01:07:56.064+0000] {logging_mixin.py:190} INFO - ğŸŒ¤ï¸ Saved forecast: gs://gooutside-raw/weather_forecast/bamberg/2025-04-17T0600.json
[2025-04-13T01:07:56.066+0000] {weather_forecast_ingestion_dag.py:56} INFO - ğŸ’¾ Saving forecast for 2025-04-17T07:00:00+00:00
[2025-04-13T01:07:56.438+0000] {logging_mixin.py:190} INFO - ğŸŒ¤ï¸ Saved forecast: gs://gooutside-raw/weather_forecast/bamberg/2025-04-17T0700.json
[2025-04-13T01:07:56.439+0000] {weather_forecast_ingestion_dag.py:56} INFO - ğŸ’¾ Saving forecast for 2025-04-17T08:00:00+00:00
[2025-04-13T01:07:56.802+0000] {logging_mixin.py:190} INFO - ğŸŒ¤ï¸ Saved forecast: gs://gooutside-raw/weather_forecast/bamberg/2025-04-17T0800.json
[2025-04-13T01:07:56.802+0000] {weather_forecast_ingestion_dag.py:56} INFO - ğŸ’¾ Saving forecast for 2025-04-17T09:00:00+00:00
[2025-04-13T01:07:57.175+0000] {logging_mixin.py:190} INFO - ğŸŒ¤ï¸ Saved forecast: gs://gooutside-raw/weather_forecast/bamberg/2025-04-17T0900.json
[2025-04-13T01:07:57.176+0000] {weather_forecast_ingestion_dag.py:56} INFO - ğŸ’¾ Saving forecast for 2025-04-17T10:00:00+00:00
[2025-04-13T01:07:57.515+0000] {logging_mixin.py:190} INFO - ğŸŒ¤ï¸ Saved forecast: gs://gooutside-raw/weather_forecast/bamberg/2025-04-17T1000.json
[2025-04-13T01:07:57.517+0000] {weather_forecast_ingestion_dag.py:56} INFO - ğŸ’¾ Saving forecast for 2025-04-17T11:00:00+00:00
[2025-04-13T01:07:57.889+0000] {logging_mixin.py:190} INFO - ğŸŒ¤ï¸ Saved forecast: gs://gooutside-raw/weather_forecast/bamberg/2025-04-17T1100.json
[2025-04-13T01:07:57.890+0000] {weather_forecast_ingestion_dag.py:56} INFO - ğŸ’¾ Saving forecast for 2025-04-17T12:00:00+00:00
[2025-04-13T01:07:58.253+0000] {logging_mixin.py:190} INFO - ğŸŒ¤ï¸ Saved forecast: gs://gooutside-raw/weather_forecast/bamberg/2025-04-17T1200.json
[2025-04-13T01:07:58.254+0000] {weather_forecast_ingestion_dag.py:56} INFO - ğŸ’¾ Saving forecast for 2025-04-17T13:00:00+00:00
[2025-04-13T01:07:58.590+0000] {logging_mixin.py:190} INFO - ğŸŒ¤ï¸ Saved forecast: gs://gooutside-raw/weather_forecast/bamberg/2025-04-17T1300.json
[2025-04-13T01:07:58.590+0000] {weather_forecast_ingestion_dag.py:56} INFO - ğŸ’¾ Saving forecast for 2025-04-17T14:00:00+00:00
[2025-04-13T01:07:58.915+0000] {logging_mixin.py:190} INFO - ğŸŒ¤ï¸ Saved forecast: gs://gooutside-raw/weather_forecast/bamberg/2025-04-17T1400.json
[2025-04-13T01:07:58.915+0000] {weather_forecast_ingestion_dag.py:56} INFO - ğŸ’¾ Saving forecast for 2025-04-17T15:00:00+00:00
[2025-04-13T01:07:59.272+0000] {logging_mixin.py:190} INFO - ğŸŒ¤ï¸ Saved forecast: gs://gooutside-raw/weather_forecast/bamberg/2025-04-17T1500.json
[2025-04-13T01:07:59.272+0000] {weather_forecast_ingestion_dag.py:56} INFO - ğŸ’¾ Saving forecast for 2025-04-17T16:00:00+00:00
[2025-04-13T01:07:59.606+0000] {logging_mixin.py:190} INFO - ğŸŒ¤ï¸ Saved forecast: gs://gooutside-raw/weather_forecast/bamberg/2025-04-17T1600.json
[2025-04-13T01:07:59.608+0000] {weather_forecast_ingestion_dag.py:56} INFO - ğŸ’¾ Saving forecast for 2025-04-17T17:00:00+00:00
[2025-04-13T01:07:59.989+0000] {logging_mixin.py:190} INFO - ğŸŒ¤ï¸ Saved forecast: gs://gooutside-raw/weather_forecast/bamberg/2025-04-17T1700.json
[2025-04-13T01:07:59.990+0000] {weather_forecast_ingestion_dag.py:56} INFO - ğŸ’¾ Saving forecast for 2025-04-17T18:00:00+00:00
[2025-04-13T01:08:00.372+0000] {logging_mixin.py:190} INFO - ğŸŒ¤ï¸ Saved forecast: gs://gooutside-raw/weather_forecast/bamberg/2025-04-17T1800.json
[2025-04-13T01:08:00.373+0000] {weather_forecast_ingestion_dag.py:56} INFO - ğŸ’¾ Saving forecast for 2025-04-17T19:00:00+00:00
[2025-04-13T01:08:00.691+0000] {logging_mixin.py:190} INFO - ğŸŒ¤ï¸ Saved forecast: gs://gooutside-raw/weather_forecast/bamberg/2025-04-17T1900.json
[2025-04-13T01:08:00.692+0000] {weather_forecast_ingestion_dag.py:56} INFO - ğŸ’¾ Saving forecast for 2025-04-17T20:00:00+00:00
[2025-04-13T01:08:01.036+0000] {logging_mixin.py:190} INFO - ğŸŒ¤ï¸ Saved forecast: gs://gooutside-raw/weather_forecast/bamberg/2025-04-17T2000.json
[2025-04-13T01:08:01.037+0000] {weather_forecast_ingestion_dag.py:56} INFO - ğŸ’¾ Saving forecast for 2025-04-18T06:00:00+00:00
[2025-04-13T01:08:01.400+0000] {logging_mixin.py:190} INFO - ğŸŒ¤ï¸ Saved forecast: gs://gooutside-raw/weather_forecast/bamberg/2025-04-18T0600.json
[2025-04-13T01:08:01.400+0000] {weather_forecast_ingestion_dag.py:56} INFO - ğŸ’¾ Saving forecast for 2025-04-18T07:00:00+00:00
[2025-04-13T01:08:01.780+0000] {logging_mixin.py:190} INFO - ğŸŒ¤ï¸ Saved forecast: gs://gooutside-raw/weather_forecast/bamberg/2025-04-18T0700.json
[2025-04-13T01:08:01.781+0000] {weather_forecast_ingestion_dag.py:56} INFO - ğŸ’¾ Saving forecast for 2025-04-18T08:00:00+00:00
[2025-04-13T01:08:02.154+0000] {logging_mixin.py:190} INFO - ğŸŒ¤ï¸ Saved forecast: gs://gooutside-raw/weather_forecast/bamberg/2025-04-18T0800.json
[2025-04-13T01:08:02.155+0000] {weather_forecast_ingestion_dag.py:56} INFO - ğŸ’¾ Saving forecast for 2025-04-18T09:00:00+00:00
[2025-04-13T01:08:02.537+0000] {logging_mixin.py:190} INFO - ğŸŒ¤ï¸ Saved forecast: gs://gooutside-raw/weather_forecast/bamberg/2025-04-18T0900.json
[2025-04-13T01:08:02.539+0000] {weather_forecast_ingestion_dag.py:56} INFO - ğŸ’¾ Saving forecast for 2025-04-18T10:00:00+00:00
[2025-04-13T01:08:02.902+0000] {logging_mixin.py:190} INFO - ğŸŒ¤ï¸ Saved forecast: gs://gooutside-raw/weather_forecast/bamberg/2025-04-18T1000.json
[2025-04-13T01:08:02.903+0000] {weather_forecast_ingestion_dag.py:56} INFO - ğŸ’¾ Saving forecast for 2025-04-18T11:00:00+00:00
[2025-04-13T01:08:03.272+0000] {logging_mixin.py:190} INFO - ğŸŒ¤ï¸ Saved forecast: gs://gooutside-raw/weather_forecast/bamberg/2025-04-18T1100.json
[2025-04-13T01:08:03.273+0000] {weather_forecast_ingestion_dag.py:56} INFO - ğŸ’¾ Saving forecast for 2025-04-18T12:00:00+00:00
[2025-04-13T01:08:03.622+0000] {logging_mixin.py:190} INFO - ğŸŒ¤ï¸ Saved forecast: gs://gooutside-raw/weather_forecast/bamberg/2025-04-18T1200.json
[2025-04-13T01:08:03.622+0000] {weather_forecast_ingestion_dag.py:56} INFO - ğŸ’¾ Saving forecast for 2025-04-18T13:00:00+00:00
[2025-04-13T01:08:03.960+0000] {logging_mixin.py:190} INFO - ğŸŒ¤ï¸ Saved forecast: gs://gooutside-raw/weather_forecast/bamberg/2025-04-18T1300.json
[2025-04-13T01:08:03.961+0000] {weather_forecast_ingestion_dag.py:56} INFO - ğŸ’¾ Saving forecast for 2025-04-18T14:00:00+00:00
[2025-04-13T01:08:04.322+0000] {logging_mixin.py:190} INFO - ğŸŒ¤ï¸ Saved forecast: gs://gooutside-raw/weather_forecast/bamberg/2025-04-18T1400.json
[2025-04-13T01:08:04.323+0000] {weather_forecast_ingestion_dag.py:56} INFO - ğŸ’¾ Saving forecast for 2025-04-18T15:00:00+00:00
[2025-04-13T01:08:04.671+0000] {logging_mixin.py:190} INFO - ğŸŒ¤ï¸ Saved forecast: gs://gooutside-raw/weather_forecast/bamberg/2025-04-18T1500.json
[2025-04-13T01:08:04.672+0000] {weather_forecast_ingestion_dag.py:56} INFO - ğŸ’¾ Saving forecast for 2025-04-18T16:00:00+00:00
[2025-04-13T01:08:05.016+0000] {logging_mixin.py:190} INFO - ğŸŒ¤ï¸ Saved forecast: gs://gooutside-raw/weather_forecast/bamberg/2025-04-18T1600.json
[2025-04-13T01:08:05.016+0000] {weather_forecast_ingestion_dag.py:56} INFO - ğŸ’¾ Saving forecast for 2025-04-18T17:00:00+00:00
[2025-04-13T01:08:05.401+0000] {logging_mixin.py:190} INFO - ğŸŒ¤ï¸ Saved forecast: gs://gooutside-raw/weather_forecast/bamberg/2025-04-18T1700.json
[2025-04-13T01:08:05.403+0000] {weather_forecast_ingestion_dag.py:56} INFO - ğŸ’¾ Saving forecast for 2025-04-18T18:00:00+00:00
[2025-04-13T01:08:05.749+0000] {logging_mixin.py:190} INFO - ğŸŒ¤ï¸ Saved forecast: gs://gooutside-raw/weather_forecast/bamberg/2025-04-18T1800.json
[2025-04-13T01:08:05.749+0000] {weather_forecast_ingestion_dag.py:56} INFO - ğŸ’¾ Saving forecast for 2025-04-18T19:00:00+00:00
[2025-04-13T01:08:06.090+0000] {logging_mixin.py:190} INFO - ğŸŒ¤ï¸ Saved forecast: gs://gooutside-raw/weather_forecast/bamberg/2025-04-18T1900.json
[2025-04-13T01:08:06.092+0000] {weather_forecast_ingestion_dag.py:56} INFO - ğŸ’¾ Saving forecast for 2025-04-18T20:00:00+00:00
[2025-04-13T01:08:06.475+0000] {logging_mixin.py:190} INFO - ğŸŒ¤ï¸ Saved forecast: gs://gooutside-raw/weather_forecast/bamberg/2025-04-18T2000.json
[2025-04-13T01:08:06.478+0000] {weather_forecast_ingestion_dag.py:56} INFO - ğŸ’¾ Saving forecast for 2025-04-19T06:00:00+00:00
[2025-04-13T01:08:06.857+0000] {logging_mixin.py:190} INFO - ğŸŒ¤ï¸ Saved forecast: gs://gooutside-raw/weather_forecast/bamberg/2025-04-19T0600.json
[2025-04-13T01:08:06.858+0000] {weather_forecast_ingestion_dag.py:56} INFO - ğŸ’¾ Saving forecast for 2025-04-19T07:00:00+00:00
[2025-04-13T01:08:07.189+0000] {logging_mixin.py:190} INFO - ğŸŒ¤ï¸ Saved forecast: gs://gooutside-raw/weather_forecast/bamberg/2025-04-19T0700.json
[2025-04-13T01:08:07.189+0000] {weather_forecast_ingestion_dag.py:56} INFO - ğŸ’¾ Saving forecast for 2025-04-19T08:00:00+00:00
[2025-04-13T01:08:07.535+0000] {logging_mixin.py:190} INFO - ğŸŒ¤ï¸ Saved forecast: gs://gooutside-raw/weather_forecast/bamberg/2025-04-19T0800.json
[2025-04-13T01:08:07.536+0000] {weather_forecast_ingestion_dag.py:56} INFO - ğŸ’¾ Saving forecast for 2025-04-19T09:00:00+00:00
[2025-04-13T01:08:07.885+0000] {logging_mixin.py:190} INFO - ğŸŒ¤ï¸ Saved forecast: gs://gooutside-raw/weather_forecast/bamberg/2025-04-19T0900.json
[2025-04-13T01:08:07.885+0000] {weather_forecast_ingestion_dag.py:56} INFO - ğŸ’¾ Saving forecast for 2025-04-19T10:00:00+00:00
[2025-04-13T01:08:08.213+0000] {logging_mixin.py:190} INFO - ğŸŒ¤ï¸ Saved forecast: gs://gooutside-raw/weather_forecast/bamberg/2025-04-19T1000.json
[2025-04-13T01:08:08.214+0000] {weather_forecast_ingestion_dag.py:56} INFO - ğŸ’¾ Saving forecast for 2025-04-19T11:00:00+00:00
[2025-04-13T01:08:08.592+0000] {logging_mixin.py:190} INFO - ğŸŒ¤ï¸ Saved forecast: gs://gooutside-raw/weather_forecast/bamberg/2025-04-19T1100.json
[2025-04-13T01:08:08.592+0000] {weather_forecast_ingestion_dag.py:56} INFO - ğŸ’¾ Saving forecast for 2025-04-19T12:00:00+00:00
[2025-04-13T01:08:08.960+0000] {logging_mixin.py:190} INFO - ğŸŒ¤ï¸ Saved forecast: gs://gooutside-raw/weather_forecast/bamberg/2025-04-19T1200.json
[2025-04-13T01:08:08.961+0000] {weather_forecast_ingestion_dag.py:56} INFO - ğŸ’¾ Saving forecast for 2025-04-19T13:00:00+00:00
[2025-04-13T01:08:09.317+0000] {logging_mixin.py:190} INFO - ğŸŒ¤ï¸ Saved forecast: gs://gooutside-raw/weather_forecast/bamberg/2025-04-19T1300.json
[2025-04-13T01:08:09.319+0000] {weather_forecast_ingestion_dag.py:56} INFO - ğŸ’¾ Saving forecast for 2025-04-19T14:00:00+00:00
[2025-04-13T01:08:09.638+0000] {logging_mixin.py:190} INFO - ğŸŒ¤ï¸ Saved forecast: gs://gooutside-raw/weather_forecast/bamberg/2025-04-19T1400.json
[2025-04-13T01:08:09.639+0000] {weather_forecast_ingestion_dag.py:56} INFO - ğŸ’¾ Saving forecast for 2025-04-19T15:00:00+00:00
[2025-04-13T01:08:09.978+0000] {logging_mixin.py:190} INFO - ğŸŒ¤ï¸ Saved forecast: gs://gooutside-raw/weather_forecast/bamberg/2025-04-19T1500.json
[2025-04-13T01:08:09.979+0000] {weather_forecast_ingestion_dag.py:56} INFO - ğŸ’¾ Saving forecast for 2025-04-19T16:00:00+00:00
[2025-04-13T01:08:10.363+0000] {logging_mixin.py:190} INFO - ğŸŒ¤ï¸ Saved forecast: gs://gooutside-raw/weather_forecast/bamberg/2025-04-19T1600.json
[2025-04-13T01:08:10.364+0000] {weather_forecast_ingestion_dag.py:56} INFO - ğŸ’¾ Saving forecast for 2025-04-19T17:00:00+00:00
[2025-04-13T01:08:10.746+0000] {logging_mixin.py:190} INFO - ğŸŒ¤ï¸ Saved forecast: gs://gooutside-raw/weather_forecast/bamberg/2025-04-19T1700.json
[2025-04-13T01:08:10.747+0000] {weather_forecast_ingestion_dag.py:56} INFO - ğŸ’¾ Saving forecast for 2025-04-19T18:00:00+00:00
[2025-04-13T01:08:11.136+0000] {logging_mixin.py:190} INFO - ğŸŒ¤ï¸ Saved forecast: gs://gooutside-raw/weather_forecast/bamberg/2025-04-19T1800.json
[2025-04-13T01:08:11.137+0000] {weather_forecast_ingestion_dag.py:56} INFO - ğŸ’¾ Saving forecast for 2025-04-19T19:00:00+00:00
[2025-04-13T01:08:11.488+0000] {logging_mixin.py:190} INFO - ğŸŒ¤ï¸ Saved forecast: gs://gooutside-raw/weather_forecast/bamberg/2025-04-19T1900.json
[2025-04-13T01:08:11.489+0000] {weather_forecast_ingestion_dag.py:56} INFO - ğŸ’¾ Saving forecast for 2025-04-19T20:00:00+00:00
[2025-04-13T01:08:11.825+0000] {logging_mixin.py:190} INFO - ğŸŒ¤ï¸ Saved forecast: gs://gooutside-raw/weather_forecast/bamberg/2025-04-19T2000.json
[2025-04-13T01:08:11.827+0000] {weather_forecast_ingestion_dag.py:56} INFO - ğŸ’¾ Saving forecast for 2025-04-20T06:00:00+00:00
[2025-04-13T01:08:13.308+0000] {taskinstance.py:3313} ERROR - Task failed with exception
Traceback (most recent call last):
  File "/home/airflow/.local/lib/python3.12/site-packages/urllib3/connectionpool.py", line 464, in _make_request
    self._validate_conn(conn)
  File "/home/airflow/.local/lib/python3.12/site-packages/urllib3/connectionpool.py", line 1093, in _validate_conn
    conn.connect()
  File "/home/airflow/.local/lib/python3.12/site-packages/urllib3/connection.py", line 741, in connect
    sock_and_verified = _ssl_wrap_socket_and_match_hostname(
                        ^^^^^^^^^^^^^^^^^^^^^^^^^^^^^^^^^^^^
  File "/home/airflow/.local/lib/python3.12/site-packages/urllib3/connection.py", line 920, in _ssl_wrap_socket_and_match_hostname
    ssl_sock = ssl_wrap_socket(
               ^^^^^^^^^^^^^^^^
  File "/home/airflow/.local/lib/python3.12/site-packages/urllib3/util/ssl_.py", line 460, in ssl_wrap_socket
    ssl_sock = _ssl_wrap_socket_impl(sock, context, tls_in_tls, server_hostname)
               ^^^^^^^^^^^^^^^^^^^^^^^^^^^^^^^^^^^^^^^^^^^^^^^^^^^^^^^^^^^^^^^^^
  File "/home/airflow/.local/lib/python3.12/site-packages/urllib3/util/ssl_.py", line 504, in _ssl_wrap_socket_impl
    return ssl_context.wrap_socket(sock, server_hostname=server_hostname)
           ^^^^^^^^^^^^^^^^^^^^^^^^^^^^^^^^^^^^^^^^^^^^^^^^^^^^^^^^^^^^^^
  File "/usr/local/lib/python3.12/ssl.py", line 455, in wrap_socket
    return self.sslsocket_class._create(
           ^^^^^^^^^^^^^^^^^^^^^^^^^^^^^
  File "/usr/local/lib/python3.12/ssl.py", line 1041, in _create
    self.do_handshake()
  File "/usr/local/lib/python3.12/ssl.py", line 1319, in do_handshake
    self._sslobj.do_handshake()
ssl.SSLEOFError: [SSL: UNEXPECTED_EOF_WHILE_READING] EOF occurred in violation of protocol (_ssl.c:1010)

During handling of the above exception, another exception occurred:

Traceback (most recent call last):
  File "/home/airflow/.local/lib/python3.12/site-packages/urllib3/connectionpool.py", line 787, in urlopen
    response = self._make_request(
               ^^^^^^^^^^^^^^^^^^^
  File "/home/airflow/.local/lib/python3.12/site-packages/urllib3/connectionpool.py", line 488, in _make_request
    raise new_e
urllib3.exceptions.SSLError: [SSL: UNEXPECTED_EOF_WHILE_READING] EOF occurred in violation of protocol (_ssl.c:1010)

The above exception was the direct cause of the following exception:

Traceback (most recent call last):
  File "/home/airflow/.local/lib/python3.12/site-packages/requests/adapters.py", line 667, in send
    resp = conn.urlopen(
           ^^^^^^^^^^^^^
  File "/home/airflow/.local/lib/python3.12/site-packages/urllib3/connectionpool.py", line 841, in urlopen
    retries = retries.increment(
              ^^^^^^^^^^^^^^^^^^
  File "/home/airflow/.local/lib/python3.12/site-packages/urllib3/util/retry.py", line 519, in increment
    raise MaxRetryError(_pool, url, reason) from reason  # type: ignore[arg-type]
    ^^^^^^^^^^^^^^^^^^^^^^^^^^^^^^^^^^^^^^^^^^^^^^^^^^^
urllib3.exceptions.MaxRetryError: HTTPSConnectionPool(host='storage.googleapis.com', port=443): Max retries exceeded with url: /upload/storage/v1/b/gooutside-raw/o?uploadType=multipart (Caused by SSLError(SSLEOFError(8, '[SSL: UNEXPECTED_EOF_WHILE_READING] EOF occurred in violation of protocol (_ssl.c:1010)')))

During handling of the above exception, another exception occurred:

Traceback (most recent call last):
  File "/home/airflow/.local/lib/python3.12/site-packages/airflow/models/taskinstance.py", line 768, in _execute_task
    result = _execute_callable(context=context, **execute_callable_kwargs)
             ^^^^^^^^^^^^^^^^^^^^^^^^^^^^^^^^^^^^^^^^^^^^^^^^^^^^^^^^^^^^^
  File "/home/airflow/.local/lib/python3.12/site-packages/airflow/models/taskinstance.py", line 734, in _execute_callable
    return ExecutionCallableRunner(
           ^^^^^^^^^^^^^^^^^^^^^^^^
  File "/home/airflow/.local/lib/python3.12/site-packages/airflow/utils/operator_helpers.py", line 252, in run
    return self.func(*args, **kwargs)
           ^^^^^^^^^^^^^^^^^^^^^^^^^^
  File "/home/airflow/.local/lib/python3.12/site-packages/airflow/models/baseoperator.py", line 424, in wrapper
    return func(self, *args, **kwargs)
           ^^^^^^^^^^^^^^^^^^^^^^^^^^^
  File "/home/airflow/.local/lib/python3.12/site-packages/airflow/decorators/base.py", line 266, in execute
    return_value = super().execute(context)
                   ^^^^^^^^^^^^^^^^^^^^^^^^
  File "/home/airflow/.local/lib/python3.12/site-packages/airflow/models/baseoperator.py", line 424, in wrapper
    return func(self, *args, **kwargs)
           ^^^^^^^^^^^^^^^^^^^^^^^^^^^
  File "/home/airflow/.local/lib/python3.12/site-packages/airflow/operators/python.py", line 238, in execute
    return_value = self.execute_callable()
                   ^^^^^^^^^^^^^^^^^^^^^^^
  File "/home/airflow/.local/lib/python3.12/site-packages/airflow/operators/python.py", line 256, in execute_callable
    return runner.run(*self.op_args, **self.op_kwargs)
           ^^^^^^^^^^^^^^^^^^^^^^^^^^^^^^^^^^^^^^^^^^^
  File "/home/airflow/.local/lib/python3.12/site-packages/airflow/utils/operator_helpers.py", line 252, in run
    return self.func(*args, **kwargs)
           ^^^^^^^^^^^^^^^^^^^^^^^^^^
  File "/opt/airflow/dags/weather_forecast_ingestion_dag.py", line 57, in ingest
    save_weather_forecast_to_gcs(entry)
  File "/opt/airflow/app/ingestion/weather_forecast.py", line 84, in save_weather_forecast_to_gcs
    blob.upload_from_string(
  File "/usr/local/lib/python3.12/contextlib.py", line 81, in inner
    return func(*args, **kwds)
           ^^^^^^^^^^^^^^^^^^^
  File "/home/airflow/.local/lib/python3.12/site-packages/google/cloud/storage/blob.py", line 3128, in upload_from_string
    self.upload_from_file(
  File "/usr/local/lib/python3.12/contextlib.py", line 81, in inner
    return func(*args, **kwds)
           ^^^^^^^^^^^^^^^^^^^
  File "/home/airflow/.local/lib/python3.12/site-packages/google/cloud/storage/blob.py", line 2851, in upload_from_file
    self._prep_and_do_upload(
  File "/home/airflow/.local/lib/python3.12/site-packages/google/cloud/storage/blob.py", line 2700, in _prep_and_do_upload
    created_json = self._do_upload(
                   ^^^^^^^^^^^^^^^^
  File "/home/airflow/.local/lib/python3.12/site-packages/google/cloud/storage/blob.py", line 2506, in _do_upload
    response = self._do_multipart_upload(
               ^^^^^^^^^^^^^^^^^^^^^^^^^^
  File "/home/airflow/.local/lib/python3.12/site-packages/google/cloud/storage/blob.py", line 2007, in _do_multipart_upload
    response = upload.transmit(
               ^^^^^^^^^^^^^^^^
  File "/home/airflow/.local/lib/python3.12/site-packages/google/resumable_media/requests/upload.py", line 153, in transmit
    return _request_helpers.wait_and_retry(
           ^^^^^^^^^^^^^^^^^^^^^^^^^^^^^^^^
  File "/home/airflow/.local/lib/python3.12/site-packages/google/resumable_media/requests/_request_helpers.py", line 178, in wait_and_retry
    raise error
  File "/home/airflow/.local/lib/python3.12/site-packages/google/resumable_media/requests/_request_helpers.py", line 155, in wait_and_retry
    response = func()
               ^^^^^^
  File "/home/airflow/.local/lib/python3.12/site-packages/google/resumable_media/requests/upload.py", line 145, in retriable_request
    result = transport.request(
             ^^^^^^^^^^^^^^^^^^
  File "/home/airflow/.local/lib/python3.12/site-packages/google/auth/transport/requests.py", line 537, in request
    response = super(AuthorizedSession, self).request(
               ^^^^^^^^^^^^^^^^^^^^^^^^^^^^^^^^^^^^^^^
  File "/home/airflow/.local/lib/python3.12/site-packages/requests/sessions.py", line 589, in request
    resp = self.send(prep, **send_kwargs)
           ^^^^^^^^^^^^^^^^^^^^^^^^^^^^^^
  File "/home/airflow/.local/lib/python3.12/site-packages/requests/sessions.py", line 703, in send
    r = adapter.send(request, **kwargs)
        ^^^^^^^^^^^^^^^^^^^^^^^^^^^^^^^
  File "/home/airflow/.local/lib/python3.12/site-packages/requests/adapters.py", line 698, in send
    raise SSLError(e, request=request)
requests.exceptions.SSLError: HTTPSConnectionPool(host='storage.googleapis.com', port=443): Max retries exceeded with url: /upload/storage/v1/b/gooutside-raw/o?uploadType=multipart (Caused by SSLError(SSLEOFError(8, '[SSL: UNEXPECTED_EOF_WHILE_READING] EOF occurred in violation of protocol (_ssl.c:1010)')))
[2025-04-13T01:08:13.336+0000] {taskinstance.py:1226} INFO - Marking task as UP_FOR_RETRY. dag_id=weather_forecast_ingestion_dag, task_id=ingest, run_id=scheduled__2025-04-13T00:00:00+00:00, execution_date=20250413T000000, start_date=20250413T010730, end_date=20250413T010813
[2025-04-13T01:08:13.362+0000] {taskinstance.py:341} INFO - ::group::Post task execution logs
[2025-04-13T01:08:13.362+0000] {standard_task_runner.py:124} ERROR - Failed to execute job 856 for task ingest (HTTPSConnectionPool(host='storage.googleapis.com', port=443): Max retries exceeded with url: /upload/storage/v1/b/gooutside-raw/o?uploadType=multipart (Caused by SSLError(SSLEOFError(8, '[SSL: UNEXPECTED_EOF_WHILE_READING] EOF occurred in violation of protocol (_ssl.c:1010)'))); 318)
Traceback (most recent call last):
  File "/home/airflow/.local/lib/python3.12/site-packages/urllib3/connectionpool.py", line 464, in _make_request
    self._validate_conn(conn)
  File "/home/airflow/.local/lib/python3.12/site-packages/urllib3/connectionpool.py", line 1093, in _validate_conn
    conn.connect()
  File "/home/airflow/.local/lib/python3.12/site-packages/urllib3/connection.py", line 741, in connect
    sock_and_verified = _ssl_wrap_socket_and_match_hostname(
                        ^^^^^^^^^^^^^^^^^^^^^^^^^^^^^^^^^^^^
  File "/home/airflow/.local/lib/python3.12/site-packages/urllib3/connection.py", line 920, in _ssl_wrap_socket_and_match_hostname
    ssl_sock = ssl_wrap_socket(
               ^^^^^^^^^^^^^^^^
  File "/home/airflow/.local/lib/python3.12/site-packages/urllib3/util/ssl_.py", line 460, in ssl_wrap_socket
    ssl_sock = _ssl_wrap_socket_impl(sock, context, tls_in_tls, server_hostname)
               ^^^^^^^^^^^^^^^^^^^^^^^^^^^^^^^^^^^^^^^^^^^^^^^^^^^^^^^^^^^^^^^^^
  File "/home/airflow/.local/lib/python3.12/site-packages/urllib3/util/ssl_.py", line 504, in _ssl_wrap_socket_impl
    return ssl_context.wrap_socket(sock, server_hostname=server_hostname)
           ^^^^^^^^^^^^^^^^^^^^^^^^^^^^^^^^^^^^^^^^^^^^^^^^^^^^^^^^^^^^^^
  File "/usr/local/lib/python3.12/ssl.py", line 455, in wrap_socket
    return self.sslsocket_class._create(
           ^^^^^^^^^^^^^^^^^^^^^^^^^^^^^
  File "/usr/local/lib/python3.12/ssl.py", line 1041, in _create
    self.do_handshake()
  File "/usr/local/lib/python3.12/ssl.py", line 1319, in do_handshake
    self._sslobj.do_handshake()
ssl.SSLEOFError: [SSL: UNEXPECTED_EOF_WHILE_READING] EOF occurred in violation of protocol (_ssl.c:1010)

During handling of the above exception, another exception occurred:

Traceback (most recent call last):
  File "/home/airflow/.local/lib/python3.12/site-packages/urllib3/connectionpool.py", line 787, in urlopen
    response = self._make_request(
               ^^^^^^^^^^^^^^^^^^^
  File "/home/airflow/.local/lib/python3.12/site-packages/urllib3/connectionpool.py", line 488, in _make_request
    raise new_e
urllib3.exceptions.SSLError: [SSL: UNEXPECTED_EOF_WHILE_READING] EOF occurred in violation of protocol (_ssl.c:1010)

The above exception was the direct cause of the following exception:

Traceback (most recent call last):
  File "/home/airflow/.local/lib/python3.12/site-packages/requests/adapters.py", line 667, in send
    resp = conn.urlopen(
           ^^^^^^^^^^^^^
  File "/home/airflow/.local/lib/python3.12/site-packages/urllib3/connectionpool.py", line 841, in urlopen
    retries = retries.increment(
              ^^^^^^^^^^^^^^^^^^
  File "/home/airflow/.local/lib/python3.12/site-packages/urllib3/util/retry.py", line 519, in increment
    raise MaxRetryError(_pool, url, reason) from reason  # type: ignore[arg-type]
    ^^^^^^^^^^^^^^^^^^^^^^^^^^^^^^^^^^^^^^^^^^^^^^^^^^^
urllib3.exceptions.MaxRetryError: HTTPSConnectionPool(host='storage.googleapis.com', port=443): Max retries exceeded with url: /upload/storage/v1/b/gooutside-raw/o?uploadType=multipart (Caused by SSLError(SSLEOFError(8, '[SSL: UNEXPECTED_EOF_WHILE_READING] EOF occurred in violation of protocol (_ssl.c:1010)')))

During handling of the above exception, another exception occurred:

Traceback (most recent call last):
  File "/home/airflow/.local/lib/python3.12/site-packages/airflow/task/task_runner/standard_task_runner.py", line 117, in _start_by_fork
    ret = args.func(args, dag=self.dag)
          ^^^^^^^^^^^^^^^^^^^^^^^^^^^^^
  File "/home/airflow/.local/lib/python3.12/site-packages/airflow/cli/cli_config.py", line 49, in command
    return func(*args, **kwargs)
           ^^^^^^^^^^^^^^^^^^^^^
  File "/home/airflow/.local/lib/python3.12/site-packages/airflow/utils/cli.py", line 116, in wrapper
    return f(*args, **kwargs)
           ^^^^^^^^^^^^^^^^^^
  File "/home/airflow/.local/lib/python3.12/site-packages/airflow/cli/commands/task_command.py", line 483, in task_run
    task_return_code = _run_task_by_selected_method(args, _dag, ti)
                       ^^^^^^^^^^^^^^^^^^^^^^^^^^^^^^^^^^^^^^^^^^^^
  File "/home/airflow/.local/lib/python3.12/site-packages/airflow/cli/commands/task_command.py", line 256, in _run_task_by_selected_method
    return _run_raw_task(args, ti)
           ^^^^^^^^^^^^^^^^^^^^^^^
  File "/home/airflow/.local/lib/python3.12/site-packages/airflow/cli/commands/task_command.py", line 341, in _run_raw_task
    return ti._run_raw_task(
           ^^^^^^^^^^^^^^^^^
  File "/home/airflow/.local/lib/python3.12/site-packages/airflow/utils/session.py", line 97, in wrapper
    return func(*args, session=session, **kwargs)
           ^^^^^^^^^^^^^^^^^^^^^^^^^^^^^^^^^^^^^^
  File "/home/airflow/.local/lib/python3.12/site-packages/airflow/models/taskinstance.py", line 3006, in _run_raw_task
    return _run_raw_task(
           ^^^^^^^^^^^^^^
  File "/home/airflow/.local/lib/python3.12/site-packages/airflow/models/taskinstance.py", line 274, in _run_raw_task
    TaskInstance._execute_task_with_callbacks(
  File "/home/airflow/.local/lib/python3.12/site-packages/airflow/models/taskinstance.py", line 3161, in _execute_task_with_callbacks
    result = self._execute_task(context, task_orig)
             ^^^^^^^^^^^^^^^^^^^^^^^^^^^^^^^^^^^^^^
  File "/home/airflow/.local/lib/python3.12/site-packages/airflow/models/taskinstance.py", line 3185, in _execute_task
    return _execute_task(self, context, task_orig)
           ^^^^^^^^^^^^^^^^^^^^^^^^^^^^^^^^^^^^^^^
  File "/home/airflow/.local/lib/python3.12/site-packages/airflow/models/taskinstance.py", line 768, in _execute_task
    result = _execute_callable(context=context, **execute_callable_kwargs)
             ^^^^^^^^^^^^^^^^^^^^^^^^^^^^^^^^^^^^^^^^^^^^^^^^^^^^^^^^^^^^^
  File "/home/airflow/.local/lib/python3.12/site-packages/airflow/models/taskinstance.py", line 734, in _execute_callable
    return ExecutionCallableRunner(
           ^^^^^^^^^^^^^^^^^^^^^^^^
  File "/home/airflow/.local/lib/python3.12/site-packages/airflow/utils/operator_helpers.py", line 252, in run
    return self.func(*args, **kwargs)
           ^^^^^^^^^^^^^^^^^^^^^^^^^^
  File "/home/airflow/.local/lib/python3.12/site-packages/airflow/models/baseoperator.py", line 424, in wrapper
    return func(self, *args, **kwargs)
           ^^^^^^^^^^^^^^^^^^^^^^^^^^^
  File "/home/airflow/.local/lib/python3.12/site-packages/airflow/decorators/base.py", line 266, in execute
    return_value = super().execute(context)
                   ^^^^^^^^^^^^^^^^^^^^^^^^
  File "/home/airflow/.local/lib/python3.12/site-packages/airflow/models/baseoperator.py", line 424, in wrapper
    return func(self, *args, **kwargs)
           ^^^^^^^^^^^^^^^^^^^^^^^^^^^
  File "/home/airflow/.local/lib/python3.12/site-packages/airflow/operators/python.py", line 238, in execute
    return_value = self.execute_callable()
                   ^^^^^^^^^^^^^^^^^^^^^^^
  File "/home/airflow/.local/lib/python3.12/site-packages/airflow/operators/python.py", line 256, in execute_callable
    return runner.run(*self.op_args, **self.op_kwargs)
           ^^^^^^^^^^^^^^^^^^^^^^^^^^^^^^^^^^^^^^^^^^^
  File "/home/airflow/.local/lib/python3.12/site-packages/airflow/utils/operator_helpers.py", line 252, in run
    return self.func(*args, **kwargs)
           ^^^^^^^^^^^^^^^^^^^^^^^^^^
  File "/opt/airflow/dags/weather_forecast_ingestion_dag.py", line 57, in ingest
    save_weather_forecast_to_gcs(entry)
  File "/opt/airflow/app/ingestion/weather_forecast.py", line 84, in save_weather_forecast_to_gcs
    blob.upload_from_string(
  File "/usr/local/lib/python3.12/contextlib.py", line 81, in inner
    return func(*args, **kwds)
           ^^^^^^^^^^^^^^^^^^^
  File "/home/airflow/.local/lib/python3.12/site-packages/google/cloud/storage/blob.py", line 3128, in upload_from_string
    self.upload_from_file(
  File "/usr/local/lib/python3.12/contextlib.py", line 81, in inner
    return func(*args, **kwds)
           ^^^^^^^^^^^^^^^^^^^
  File "/home/airflow/.local/lib/python3.12/site-packages/google/cloud/storage/blob.py", line 2851, in upload_from_file
    self._prep_and_do_upload(
  File "/home/airflow/.local/lib/python3.12/site-packages/google/cloud/storage/blob.py", line 2700, in _prep_and_do_upload
    created_json = self._do_upload(
                   ^^^^^^^^^^^^^^^^
  File "/home/airflow/.local/lib/python3.12/site-packages/google/cloud/storage/blob.py", line 2506, in _do_upload
    response = self._do_multipart_upload(
               ^^^^^^^^^^^^^^^^^^^^^^^^^^
  File "/home/airflow/.local/lib/python3.12/site-packages/google/cloud/storage/blob.py", line 2007, in _do_multipart_upload
    response = upload.transmit(
               ^^^^^^^^^^^^^^^^
  File "/home/airflow/.local/lib/python3.12/site-packages/google/resumable_media/requests/upload.py", line 153, in transmit
    return _request_helpers.wait_and_retry(
           ^^^^^^^^^^^^^^^^^^^^^^^^^^^^^^^^
  File "/home/airflow/.local/lib/python3.12/site-packages/google/resumable_media/requests/_request_helpers.py", line 178, in wait_and_retry
    raise error
  File "/home/airflow/.local/lib/python3.12/site-packages/google/resumable_media/requests/_request_helpers.py", line 155, in wait_and_retry
    response = func()
               ^^^^^^
  File "/home/airflow/.local/lib/python3.12/site-packages/google/resumable_media/requests/upload.py", line 145, in retriable_request
    result = transport.request(
             ^^^^^^^^^^^^^^^^^^
  File "/home/airflow/.local/lib/python3.12/site-packages/google/auth/transport/requests.py", line 537, in request
    response = super(AuthorizedSession, self).request(
               ^^^^^^^^^^^^^^^^^^^^^^^^^^^^^^^^^^^^^^^
  File "/home/airflow/.local/lib/python3.12/site-packages/requests/sessions.py", line 589, in request
    resp = self.send(prep, **send_kwargs)
           ^^^^^^^^^^^^^^^^^^^^^^^^^^^^^^
  File "/home/airflow/.local/lib/python3.12/site-packages/requests/sessions.py", line 703, in send
    r = adapter.send(request, **kwargs)
        ^^^^^^^^^^^^^^^^^^^^^^^^^^^^^^^
  File "/home/airflow/.local/lib/python3.12/site-packages/requests/adapters.py", line 698, in send
    raise SSLError(e, request=request)
requests.exceptions.SSLError: HTTPSConnectionPool(host='storage.googleapis.com', port=443): Max retries exceeded with url: /upload/storage/v1/b/gooutside-raw/o?uploadType=multipart (Caused by SSLError(SSLEOFError(8, '[SSL: UNEXPECTED_EOF_WHILE_READING] EOF occurred in violation of protocol (_ssl.c:1010)')))
[2025-04-13T01:08:13.371+0000] {local_task_job_runner.py:266} INFO - Task exited with return code 1
[2025-04-13T01:08:13.388+0000] {taskinstance.py:3901} INFO - 0 downstream tasks scheduled from follow-on schedule check
[2025-04-13T01:08:13.389+0000] {local_task_job_runner.py:245} INFO - ::endgroup::
