[2025-04-13T09:54:36.962+0000] {local_task_job_runner.py:123} INFO - ::group::Pre task execution logs
[2025-04-13T09:54:36.972+0000] {taskinstance.py:2614} INFO - Dependencies all met for dep_context=non-requeueable deps ti=<TaskInstance: weather_forecast_ingestion_dag.ingest scheduled__2025-04-13T08:00:00+00:00 [queued]>
[2025-04-13T09:54:36.976+0000] {taskinstance.py:2614} INFO - Dependencies all met for dep_context=requeueable deps ti=<TaskInstance: weather_forecast_ingestion_dag.ingest scheduled__2025-04-13T08:00:00+00:00 [queued]>
[2025-04-13T09:54:36.976+0000] {taskinstance.py:2867} INFO - Starting attempt 2 of 2
[2025-04-13T09:54:36.981+0000] {taskinstance.py:2890} INFO - Executing <Task(_PythonDecoratedOperator): ingest> on 2025-04-13 08:00:00+00:00
[2025-04-13T09:54:36.985+0000] {warnings.py:112} WARNING - /home/***/.local/lib/python3.12/site-packages/***/task/task_runner/standard_task_runner.py:70: DeprecationWarning: This process (pid=436) is multi-threaded, use of fork() may lead to deadlocks in the child.
  pid = os.fork()

[2025-04-13T09:54:36.987+0000] {standard_task_runner.py:72} INFO - Started process 437 to run task
[2025-04-13T09:54:36.987+0000] {standard_task_runner.py:104} INFO - Running: ['***', 'tasks', 'run', 'weather_forecast_ingestion_dag', 'ingest', 'scheduled__2025-04-13T08:00:00+00:00', '--job-id', '895', '--raw', '--subdir', 'DAGS_FOLDER/weather_forecast_ingestion_dag.py', '--cfg-path', '/tmp/tmpqgxcdiwn']
[2025-04-13T09:54:36.989+0000] {standard_task_runner.py:105} INFO - Job 895: Subtask ingest
[2025-04-13T09:54:37.031+0000] {task_command.py:467} INFO - Running <TaskInstance: weather_forecast_ingestion_dag.ingest scheduled__2025-04-13T08:00:00+00:00 [running]> on host caedfbfc7792
[2025-04-13T09:54:37.085+0000] {taskinstance.py:3134} INFO - Exporting env vars: AIRFLOW_CTX_DAG_OWNER='beni' AIRFLOW_CTX_DAG_ID='weather_forecast_ingestion_dag' AIRFLOW_CTX_TASK_ID='ingest' AIRFLOW_CTX_EXECUTION_DATE='2025-04-13T08:00:00+00:00' AIRFLOW_CTX_TRY_NUMBER='2' AIRFLOW_CTX_DAG_RUN_ID='scheduled__2025-04-13T08:00:00+00:00'
[2025-04-13T09:54:37.087+0000] {taskinstance.py:732} INFO - ::endgroup::
[2025-04-13T09:54:37.089+0000] {weather_forecast_ingestion_dag.py:37} INFO - üå§Ô∏è Fetching forecast from 2025-04-13 to 2025-04-21
[2025-04-13T09:54:37.275+0000] {weather_forecast_ingestion_dag.py:53} INFO - üì¶ Filtered 116 future forecast entries
[2025-04-13T09:54:37.276+0000] {weather_forecast_ingestion_dag.py:56} INFO - üíæ Saving forecast for 2025-04-13T10:00:00+00:00
[2025-04-13T09:54:37.730+0000] {logging_mixin.py:190} INFO - üå§Ô∏è Saved forecast: gs://gooutside-raw/weather_forecast/bamberg/2025-04-13T1000.json
[2025-04-13T09:54:37.733+0000] {weather_forecast_ingestion_dag.py:56} INFO - üíæ Saving forecast for 2025-04-13T11:00:00+00:00
[2025-04-13T09:54:38.099+0000] {logging_mixin.py:190} INFO - üå§Ô∏è Saved forecast: gs://gooutside-raw/weather_forecast/bamberg/2025-04-13T1100.json
[2025-04-13T09:54:38.099+0000] {weather_forecast_ingestion_dag.py:56} INFO - üíæ Saving forecast for 2025-04-13T12:00:00+00:00
[2025-04-13T09:54:38.512+0000] {logging_mixin.py:190} INFO - üå§Ô∏è Saved forecast: gs://gooutside-raw/weather_forecast/bamberg/2025-04-13T1200.json
[2025-04-13T09:54:38.513+0000] {weather_forecast_ingestion_dag.py:56} INFO - üíæ Saving forecast for 2025-04-13T13:00:00+00:00
[2025-04-13T09:54:38.914+0000] {logging_mixin.py:190} INFO - üå§Ô∏è Saved forecast: gs://gooutside-raw/weather_forecast/bamberg/2025-04-13T1300.json
[2025-04-13T09:54:38.915+0000] {weather_forecast_ingestion_dag.py:56} INFO - üíæ Saving forecast for 2025-04-13T14:00:00+00:00
[2025-04-13T09:54:39.313+0000] {logging_mixin.py:190} INFO - üå§Ô∏è Saved forecast: gs://gooutside-raw/weather_forecast/bamberg/2025-04-13T1400.json
[2025-04-13T09:54:39.314+0000] {weather_forecast_ingestion_dag.py:56} INFO - üíæ Saving forecast for 2025-04-13T15:00:00+00:00
[2025-04-13T09:54:39.774+0000] {logging_mixin.py:190} INFO - üå§Ô∏è Saved forecast: gs://gooutside-raw/weather_forecast/bamberg/2025-04-13T1500.json
[2025-04-13T09:54:39.775+0000] {weather_forecast_ingestion_dag.py:56} INFO - üíæ Saving forecast for 2025-04-13T16:00:00+00:00
[2025-04-13T09:54:40.166+0000] {logging_mixin.py:190} INFO - üå§Ô∏è Saved forecast: gs://gooutside-raw/weather_forecast/bamberg/2025-04-13T1600.json
[2025-04-13T09:54:40.166+0000] {weather_forecast_ingestion_dag.py:56} INFO - üíæ Saving forecast for 2025-04-13T17:00:00+00:00
[2025-04-13T09:54:40.525+0000] {logging_mixin.py:190} INFO - üå§Ô∏è Saved forecast: gs://gooutside-raw/weather_forecast/bamberg/2025-04-13T1700.json
[2025-04-13T09:54:40.527+0000] {weather_forecast_ingestion_dag.py:56} INFO - üíæ Saving forecast for 2025-04-13T18:00:00+00:00
[2025-04-13T09:54:40.914+0000] {logging_mixin.py:190} INFO - üå§Ô∏è Saved forecast: gs://gooutside-raw/weather_forecast/bamberg/2025-04-13T1800.json
[2025-04-13T09:54:40.915+0000] {weather_forecast_ingestion_dag.py:56} INFO - üíæ Saving forecast for 2025-04-13T19:00:00+00:00
[2025-04-13T09:54:41.313+0000] {logging_mixin.py:190} INFO - üå§Ô∏è Saved forecast: gs://gooutside-raw/weather_forecast/bamberg/2025-04-13T1900.json
[2025-04-13T09:54:41.315+0000] {weather_forecast_ingestion_dag.py:56} INFO - üíæ Saving forecast for 2025-04-13T20:00:00+00:00
[2025-04-13T09:54:41.751+0000] {logging_mixin.py:190} INFO - üå§Ô∏è Saved forecast: gs://gooutside-raw/weather_forecast/bamberg/2025-04-13T2000.json
[2025-04-13T09:54:41.752+0000] {weather_forecast_ingestion_dag.py:56} INFO - üíæ Saving forecast for 2025-04-14T06:00:00+00:00
[2025-04-13T09:54:42.129+0000] {logging_mixin.py:190} INFO - üå§Ô∏è Saved forecast: gs://gooutside-raw/weather_forecast/bamberg/2025-04-14T0600.json
[2025-04-13T09:54:42.130+0000] {weather_forecast_ingestion_dag.py:56} INFO - üíæ Saving forecast for 2025-04-14T07:00:00+00:00
[2025-04-13T09:54:42.509+0000] {logging_mixin.py:190} INFO - üå§Ô∏è Saved forecast: gs://gooutside-raw/weather_forecast/bamberg/2025-04-14T0700.json
[2025-04-13T09:54:42.512+0000] {weather_forecast_ingestion_dag.py:56} INFO - üíæ Saving forecast for 2025-04-14T08:00:00+00:00
[2025-04-13T09:54:42.901+0000] {logging_mixin.py:190} INFO - üå§Ô∏è Saved forecast: gs://gooutside-raw/weather_forecast/bamberg/2025-04-14T0800.json
[2025-04-13T09:54:42.902+0000] {weather_forecast_ingestion_dag.py:56} INFO - üíæ Saving forecast for 2025-04-14T09:00:00+00:00
[2025-04-13T09:54:43.297+0000] {logging_mixin.py:190} INFO - üå§Ô∏è Saved forecast: gs://gooutside-raw/weather_forecast/bamberg/2025-04-14T0900.json
[2025-04-13T09:54:43.299+0000] {weather_forecast_ingestion_dag.py:56} INFO - üíæ Saving forecast for 2025-04-14T10:00:00+00:00
[2025-04-13T09:54:43.680+0000] {logging_mixin.py:190} INFO - üå§Ô∏è Saved forecast: gs://gooutside-raw/weather_forecast/bamberg/2025-04-14T1000.json
[2025-04-13T09:54:43.681+0000] {weather_forecast_ingestion_dag.py:56} INFO - üíæ Saving forecast for 2025-04-14T11:00:00+00:00
[2025-04-13T09:54:44.060+0000] {logging_mixin.py:190} INFO - üå§Ô∏è Saved forecast: gs://gooutside-raw/weather_forecast/bamberg/2025-04-14T1100.json
[2025-04-13T09:54:44.062+0000] {weather_forecast_ingestion_dag.py:56} INFO - üíæ Saving forecast for 2025-04-14T12:00:00+00:00
[2025-04-13T09:54:44.451+0000] {logging_mixin.py:190} INFO - üå§Ô∏è Saved forecast: gs://gooutside-raw/weather_forecast/bamberg/2025-04-14T1200.json
[2025-04-13T09:54:44.451+0000] {weather_forecast_ingestion_dag.py:56} INFO - üíæ Saving forecast for 2025-04-14T13:00:00+00:00
[2025-04-13T09:54:44.843+0000] {logging_mixin.py:190} INFO - üå§Ô∏è Saved forecast: gs://gooutside-raw/weather_forecast/bamberg/2025-04-14T1300.json
[2025-04-13T09:54:44.844+0000] {weather_forecast_ingestion_dag.py:56} INFO - üíæ Saving forecast for 2025-04-14T14:00:00+00:00
[2025-04-13T09:54:45.232+0000] {logging_mixin.py:190} INFO - üå§Ô∏è Saved forecast: gs://gooutside-raw/weather_forecast/bamberg/2025-04-14T1400.json
[2025-04-13T09:54:45.233+0000] {weather_forecast_ingestion_dag.py:56} INFO - üíæ Saving forecast for 2025-04-14T15:00:00+00:00
[2025-04-13T09:54:45.636+0000] {logging_mixin.py:190} INFO - üå§Ô∏è Saved forecast: gs://gooutside-raw/weather_forecast/bamberg/2025-04-14T1500.json
[2025-04-13T09:54:45.637+0000] {weather_forecast_ingestion_dag.py:56} INFO - üíæ Saving forecast for 2025-04-14T16:00:00+00:00
[2025-04-13T09:54:45.987+0000] {logging_mixin.py:190} INFO - üå§Ô∏è Saved forecast: gs://gooutside-raw/weather_forecast/bamberg/2025-04-14T1600.json
[2025-04-13T09:54:45.988+0000] {weather_forecast_ingestion_dag.py:56} INFO - üíæ Saving forecast for 2025-04-14T17:00:00+00:00
[2025-04-13T09:54:46.371+0000] {logging_mixin.py:190} INFO - üå§Ô∏è Saved forecast: gs://gooutside-raw/weather_forecast/bamberg/2025-04-14T1700.json
[2025-04-13T09:54:46.373+0000] {weather_forecast_ingestion_dag.py:56} INFO - üíæ Saving forecast for 2025-04-14T18:00:00+00:00
[2025-04-13T09:54:46.771+0000] {logging_mixin.py:190} INFO - üå§Ô∏è Saved forecast: gs://gooutside-raw/weather_forecast/bamberg/2025-04-14T1800.json
[2025-04-13T09:54:46.772+0000] {weather_forecast_ingestion_dag.py:56} INFO - üíæ Saving forecast for 2025-04-14T19:00:00+00:00
[2025-04-13T09:54:47.148+0000] {logging_mixin.py:190} INFO - üå§Ô∏è Saved forecast: gs://gooutside-raw/weather_forecast/bamberg/2025-04-14T1900.json
[2025-04-13T09:54:47.148+0000] {weather_forecast_ingestion_dag.py:56} INFO - üíæ Saving forecast for 2025-04-14T20:00:00+00:00
[2025-04-13T09:54:47.511+0000] {logging_mixin.py:190} INFO - üå§Ô∏è Saved forecast: gs://gooutside-raw/weather_forecast/bamberg/2025-04-14T2000.json
[2025-04-13T09:54:47.512+0000] {weather_forecast_ingestion_dag.py:56} INFO - üíæ Saving forecast for 2025-04-15T06:00:00+00:00
[2025-04-13T09:54:47.907+0000] {logging_mixin.py:190} INFO - üå§Ô∏è Saved forecast: gs://gooutside-raw/weather_forecast/bamberg/2025-04-15T0600.json
[2025-04-13T09:54:47.908+0000] {weather_forecast_ingestion_dag.py:56} INFO - üíæ Saving forecast for 2025-04-15T07:00:00+00:00
[2025-04-13T09:54:48.286+0000] {logging_mixin.py:190} INFO - üå§Ô∏è Saved forecast: gs://gooutside-raw/weather_forecast/bamberg/2025-04-15T0700.json
[2025-04-13T09:54:48.288+0000] {weather_forecast_ingestion_dag.py:56} INFO - üíæ Saving forecast for 2025-04-15T08:00:00+00:00
[2025-04-13T09:54:48.664+0000] {logging_mixin.py:190} INFO - üå§Ô∏è Saved forecast: gs://gooutside-raw/weather_forecast/bamberg/2025-04-15T0800.json
[2025-04-13T09:54:48.665+0000] {weather_forecast_ingestion_dag.py:56} INFO - üíæ Saving forecast for 2025-04-15T09:00:00+00:00
[2025-04-13T09:54:49.059+0000] {logging_mixin.py:190} INFO - üå§Ô∏è Saved forecast: gs://gooutside-raw/weather_forecast/bamberg/2025-04-15T0900.json
[2025-04-13T09:54:49.060+0000] {weather_forecast_ingestion_dag.py:56} INFO - üíæ Saving forecast for 2025-04-15T10:00:00+00:00
[2025-04-13T09:54:50.183+0000] {logging_mixin.py:190} INFO - üå§Ô∏è Saved forecast: gs://gooutside-raw/weather_forecast/bamberg/2025-04-15T1000.json
[2025-04-13T09:54:50.184+0000] {weather_forecast_ingestion_dag.py:56} INFO - üíæ Saving forecast for 2025-04-15T11:00:00+00:00
[2025-04-13T09:54:51.200+0000] {logging_mixin.py:190} INFO - üå§Ô∏è Saved forecast: gs://gooutside-raw/weather_forecast/bamberg/2025-04-15T1100.json
[2025-04-13T09:54:51.201+0000] {weather_forecast_ingestion_dag.py:56} INFO - üíæ Saving forecast for 2025-04-15T12:00:00+00:00
[2025-04-13T09:54:52.088+0000] {logging_mixin.py:190} INFO - üå§Ô∏è Saved forecast: gs://gooutside-raw/weather_forecast/bamberg/2025-04-15T1200.json
[2025-04-13T09:54:52.089+0000] {weather_forecast_ingestion_dag.py:56} INFO - üíæ Saving forecast for 2025-04-15T13:00:00+00:00
[2025-04-13T09:54:53.213+0000] {logging_mixin.py:190} INFO - üå§Ô∏è Saved forecast: gs://gooutside-raw/weather_forecast/bamberg/2025-04-15T1300.json
[2025-04-13T09:54:53.215+0000] {weather_forecast_ingestion_dag.py:56} INFO - üíæ Saving forecast for 2025-04-15T14:00:00+00:00
[2025-04-13T09:54:54.075+0000] {logging_mixin.py:190} INFO - üå§Ô∏è Saved forecast: gs://gooutside-raw/weather_forecast/bamberg/2025-04-15T1400.json
[2025-04-13T09:54:54.076+0000] {weather_forecast_ingestion_dag.py:56} INFO - üíæ Saving forecast for 2025-04-15T15:00:00+00:00
[2025-04-13T09:54:54.462+0000] {logging_mixin.py:190} INFO - üå§Ô∏è Saved forecast: gs://gooutside-raw/weather_forecast/bamberg/2025-04-15T1500.json
[2025-04-13T09:54:54.462+0000] {weather_forecast_ingestion_dag.py:56} INFO - üíæ Saving forecast for 2025-04-15T16:00:00+00:00
[2025-04-13T09:54:54.824+0000] {logging_mixin.py:190} INFO - üå§Ô∏è Saved forecast: gs://gooutside-raw/weather_forecast/bamberg/2025-04-15T1600.json
[2025-04-13T09:54:54.825+0000] {weather_forecast_ingestion_dag.py:56} INFO - üíæ Saving forecast for 2025-04-15T17:00:00+00:00
[2025-04-13T09:54:55.215+0000] {logging_mixin.py:190} INFO - üå§Ô∏è Saved forecast: gs://gooutside-raw/weather_forecast/bamberg/2025-04-15T1700.json
[2025-04-13T09:54:55.216+0000] {weather_forecast_ingestion_dag.py:56} INFO - üíæ Saving forecast for 2025-04-15T18:00:00+00:00
[2025-04-13T09:54:55.632+0000] {logging_mixin.py:190} INFO - üå§Ô∏è Saved forecast: gs://gooutside-raw/weather_forecast/bamberg/2025-04-15T1800.json
[2025-04-13T09:54:55.634+0000] {weather_forecast_ingestion_dag.py:56} INFO - üíæ Saving forecast for 2025-04-15T19:00:00+00:00
[2025-04-13T09:54:56.040+0000] {logging_mixin.py:190} INFO - üå§Ô∏è Saved forecast: gs://gooutside-raw/weather_forecast/bamberg/2025-04-15T1900.json
[2025-04-13T09:54:56.041+0000] {weather_forecast_ingestion_dag.py:56} INFO - üíæ Saving forecast for 2025-04-15T20:00:00+00:00
[2025-04-13T09:54:56.437+0000] {logging_mixin.py:190} INFO - üå§Ô∏è Saved forecast: gs://gooutside-raw/weather_forecast/bamberg/2025-04-15T2000.json
[2025-04-13T09:54:56.438+0000] {weather_forecast_ingestion_dag.py:56} INFO - üíæ Saving forecast for 2025-04-16T06:00:00+00:00
[2025-04-13T09:54:56.817+0000] {logging_mixin.py:190} INFO - üå§Ô∏è Saved forecast: gs://gooutside-raw/weather_forecast/bamberg/2025-04-16T0600.json
[2025-04-13T09:54:56.819+0000] {weather_forecast_ingestion_dag.py:56} INFO - üíæ Saving forecast for 2025-04-16T07:00:00+00:00
[2025-04-13T09:54:57.205+0000] {logging_mixin.py:190} INFO - üå§Ô∏è Saved forecast: gs://gooutside-raw/weather_forecast/bamberg/2025-04-16T0700.json
[2025-04-13T09:54:57.205+0000] {weather_forecast_ingestion_dag.py:56} INFO - üíæ Saving forecast for 2025-04-16T08:00:00+00:00
[2025-04-13T09:54:57.565+0000] {logging_mixin.py:190} INFO - üå§Ô∏è Saved forecast: gs://gooutside-raw/weather_forecast/bamberg/2025-04-16T0800.json
[2025-04-13T09:54:57.565+0000] {weather_forecast_ingestion_dag.py:56} INFO - üíæ Saving forecast for 2025-04-16T09:00:00+00:00
[2025-04-13T09:54:57.951+0000] {logging_mixin.py:190} INFO - üå§Ô∏è Saved forecast: gs://gooutside-raw/weather_forecast/bamberg/2025-04-16T0900.json
[2025-04-13T09:54:57.952+0000] {weather_forecast_ingestion_dag.py:56} INFO - üíæ Saving forecast for 2025-04-16T10:00:00+00:00
[2025-04-13T09:54:58.357+0000] {logging_mixin.py:190} INFO - üå§Ô∏è Saved forecast: gs://gooutside-raw/weather_forecast/bamberg/2025-04-16T1000.json
[2025-04-13T09:54:58.358+0000] {weather_forecast_ingestion_dag.py:56} INFO - üíæ Saving forecast for 2025-04-16T11:00:00+00:00
[2025-04-13T09:54:58.755+0000] {logging_mixin.py:190} INFO - üå§Ô∏è Saved forecast: gs://gooutside-raw/weather_forecast/bamberg/2025-04-16T1100.json
[2025-04-13T09:54:58.755+0000] {weather_forecast_ingestion_dag.py:56} INFO - üíæ Saving forecast for 2025-04-16T12:00:00+00:00
[2025-04-13T09:54:59.146+0000] {logging_mixin.py:190} INFO - üå§Ô∏è Saved forecast: gs://gooutside-raw/weather_forecast/bamberg/2025-04-16T1200.json
[2025-04-13T09:54:59.147+0000] {weather_forecast_ingestion_dag.py:56} INFO - üíæ Saving forecast for 2025-04-16T13:00:00+00:00
[2025-04-13T09:54:59.538+0000] {logging_mixin.py:190} INFO - üå§Ô∏è Saved forecast: gs://gooutside-raw/weather_forecast/bamberg/2025-04-16T1300.json
[2025-04-13T09:54:59.539+0000] {weather_forecast_ingestion_dag.py:56} INFO - üíæ Saving forecast for 2025-04-16T14:00:00+00:00
[2025-04-13T09:54:59.928+0000] {logging_mixin.py:190} INFO - üå§Ô∏è Saved forecast: gs://gooutside-raw/weather_forecast/bamberg/2025-04-16T1400.json
[2025-04-13T09:54:59.928+0000] {weather_forecast_ingestion_dag.py:56} INFO - üíæ Saving forecast for 2025-04-16T15:00:00+00:00
[2025-04-13T09:55:02.064+0000] {taskinstance.py:3313} ERROR - Task failed with exception
Traceback (most recent call last):
  File "/home/airflow/.local/lib/python3.12/site-packages/urllib3/connectionpool.py", line 787, in urlopen
    response = self._make_request(
               ^^^^^^^^^^^^^^^^^^^
  File "/home/airflow/.local/lib/python3.12/site-packages/urllib3/connectionpool.py", line 534, in _make_request
    response = conn.getresponse()
               ^^^^^^^^^^^^^^^^^^
  File "/home/airflow/.local/lib/python3.12/site-packages/urllib3/connection.py", line 516, in getresponse
    httplib_response = super().getresponse()
                       ^^^^^^^^^^^^^^^^^^^^^
  File "/usr/local/lib/python3.12/http/client.py", line 1430, in getresponse
    response.begin()
  File "/usr/local/lib/python3.12/http/client.py", line 331, in begin
    version, status, reason = self._read_status()
                              ^^^^^^^^^^^^^^^^^^^
  File "/usr/local/lib/python3.12/http/client.py", line 300, in _read_status
    raise RemoteDisconnected("Remote end closed connection without"
http.client.RemoteDisconnected: Remote end closed connection without response

During handling of the above exception, another exception occurred:

Traceback (most recent call last):
  File "/home/airflow/.local/lib/python3.12/site-packages/requests/adapters.py", line 667, in send
    resp = conn.urlopen(
           ^^^^^^^^^^^^^
  File "/home/airflow/.local/lib/python3.12/site-packages/urllib3/connectionpool.py", line 841, in urlopen
    retries = retries.increment(
              ^^^^^^^^^^^^^^^^^^
  File "/home/airflow/.local/lib/python3.12/site-packages/urllib3/util/retry.py", line 474, in increment
    raise reraise(type(error), error, _stacktrace)
          ^^^^^^^^^^^^^^^^^^^^^^^^^^^^^^^^^^^^^^^^
  File "/home/airflow/.local/lib/python3.12/site-packages/urllib3/util/util.py", line 38, in reraise
    raise value.with_traceback(tb)
  File "/home/airflow/.local/lib/python3.12/site-packages/urllib3/connectionpool.py", line 787, in urlopen
    response = self._make_request(
               ^^^^^^^^^^^^^^^^^^^
  File "/home/airflow/.local/lib/python3.12/site-packages/urllib3/connectionpool.py", line 534, in _make_request
    response = conn.getresponse()
               ^^^^^^^^^^^^^^^^^^
  File "/home/airflow/.local/lib/python3.12/site-packages/urllib3/connection.py", line 516, in getresponse
    httplib_response = super().getresponse()
                       ^^^^^^^^^^^^^^^^^^^^^
  File "/usr/local/lib/python3.12/http/client.py", line 1430, in getresponse
    response.begin()
  File "/usr/local/lib/python3.12/http/client.py", line 331, in begin
    version, status, reason = self._read_status()
                              ^^^^^^^^^^^^^^^^^^^
  File "/usr/local/lib/python3.12/http/client.py", line 300, in _read_status
    raise RemoteDisconnected("Remote end closed connection without"
urllib3.exceptions.ProtocolError: ('Connection aborted.', RemoteDisconnected('Remote end closed connection without response'))

During handling of the above exception, another exception occurred:

Traceback (most recent call last):
  File "/home/airflow/.local/lib/python3.12/site-packages/airflow/models/taskinstance.py", line 768, in _execute_task
    result = _execute_callable(context=context, **execute_callable_kwargs)
             ^^^^^^^^^^^^^^^^^^^^^^^^^^^^^^^^^^^^^^^^^^^^^^^^^^^^^^^^^^^^^
  File "/home/airflow/.local/lib/python3.12/site-packages/airflow/models/taskinstance.py", line 734, in _execute_callable
    return ExecutionCallableRunner(
           ^^^^^^^^^^^^^^^^^^^^^^^^
  File "/home/airflow/.local/lib/python3.12/site-packages/airflow/utils/operator_helpers.py", line 252, in run
    return self.func(*args, **kwargs)
           ^^^^^^^^^^^^^^^^^^^^^^^^^^
  File "/home/airflow/.local/lib/python3.12/site-packages/airflow/models/baseoperator.py", line 424, in wrapper
    return func(self, *args, **kwargs)
           ^^^^^^^^^^^^^^^^^^^^^^^^^^^
  File "/home/airflow/.local/lib/python3.12/site-packages/airflow/decorators/base.py", line 266, in execute
    return_value = super().execute(context)
                   ^^^^^^^^^^^^^^^^^^^^^^^^
  File "/home/airflow/.local/lib/python3.12/site-packages/airflow/models/baseoperator.py", line 424, in wrapper
    return func(self, *args, **kwargs)
           ^^^^^^^^^^^^^^^^^^^^^^^^^^^
  File "/home/airflow/.local/lib/python3.12/site-packages/airflow/operators/python.py", line 238, in execute
    return_value = self.execute_callable()
                   ^^^^^^^^^^^^^^^^^^^^^^^
  File "/home/airflow/.local/lib/python3.12/site-packages/airflow/operators/python.py", line 256, in execute_callable
    return runner.run(*self.op_args, **self.op_kwargs)
           ^^^^^^^^^^^^^^^^^^^^^^^^^^^^^^^^^^^^^^^^^^^
  File "/home/airflow/.local/lib/python3.12/site-packages/airflow/utils/operator_helpers.py", line 252, in run
    return self.func(*args, **kwargs)
           ^^^^^^^^^^^^^^^^^^^^^^^^^^
  File "/opt/airflow/dags/weather_forecast_ingestion_dag.py", line 57, in ingest
    save_weather_forecast_to_gcs(entry)
  File "/opt/airflow/app/ingestion/weather_forecast.py", line 84, in save_weather_forecast_to_gcs
    blob.upload_from_string(
  File "/usr/local/lib/python3.12/contextlib.py", line 81, in inner
    return func(*args, **kwds)
           ^^^^^^^^^^^^^^^^^^^
  File "/home/airflow/.local/lib/python3.12/site-packages/google/cloud/storage/blob.py", line 3128, in upload_from_string
    self.upload_from_file(
  File "/usr/local/lib/python3.12/contextlib.py", line 81, in inner
    return func(*args, **kwds)
           ^^^^^^^^^^^^^^^^^^^
  File "/home/airflow/.local/lib/python3.12/site-packages/google/cloud/storage/blob.py", line 2851, in upload_from_file
    self._prep_and_do_upload(
  File "/home/airflow/.local/lib/python3.12/site-packages/google/cloud/storage/blob.py", line 2700, in _prep_and_do_upload
    created_json = self._do_upload(
                   ^^^^^^^^^^^^^^^^
  File "/home/airflow/.local/lib/python3.12/site-packages/google/cloud/storage/blob.py", line 2506, in _do_upload
    response = self._do_multipart_upload(
               ^^^^^^^^^^^^^^^^^^^^^^^^^^
  File "/home/airflow/.local/lib/python3.12/site-packages/google/cloud/storage/blob.py", line 2007, in _do_multipart_upload
    response = upload.transmit(
               ^^^^^^^^^^^^^^^^
  File "/home/airflow/.local/lib/python3.12/site-packages/google/resumable_media/requests/upload.py", line 153, in transmit
    return _request_helpers.wait_and_retry(
           ^^^^^^^^^^^^^^^^^^^^^^^^^^^^^^^^
  File "/home/airflow/.local/lib/python3.12/site-packages/google/resumable_media/requests/_request_helpers.py", line 178, in wait_and_retry
    raise error
  File "/home/airflow/.local/lib/python3.12/site-packages/google/resumable_media/requests/_request_helpers.py", line 155, in wait_and_retry
    response = func()
               ^^^^^^
  File "/home/airflow/.local/lib/python3.12/site-packages/google/resumable_media/requests/upload.py", line 145, in retriable_request
    result = transport.request(
             ^^^^^^^^^^^^^^^^^^
  File "/home/airflow/.local/lib/python3.12/site-packages/google/auth/transport/requests.py", line 537, in request
    response = super(AuthorizedSession, self).request(
               ^^^^^^^^^^^^^^^^^^^^^^^^^^^^^^^^^^^^^^^
  File "/home/airflow/.local/lib/python3.12/site-packages/requests/sessions.py", line 589, in request
    resp = self.send(prep, **send_kwargs)
           ^^^^^^^^^^^^^^^^^^^^^^^^^^^^^^
  File "/home/airflow/.local/lib/python3.12/site-packages/requests/sessions.py", line 703, in send
    r = adapter.send(request, **kwargs)
        ^^^^^^^^^^^^^^^^^^^^^^^^^^^^^^^
  File "/home/airflow/.local/lib/python3.12/site-packages/requests/adapters.py", line 682, in send
    raise ConnectionError(err, request=request)
requests.exceptions.ConnectionError: ('Connection aborted.', RemoteDisconnected('Remote end closed connection without response'))
[2025-04-13T09:55:02.087+0000] {taskinstance.py:1226} INFO - Marking task as FAILED. dag_id=weather_forecast_ingestion_dag, task_id=ingest, run_id=scheduled__2025-04-13T08:00:00+00:00, execution_date=20250413T080000, start_date=20250413T095436, end_date=20250413T095502
[2025-04-13T09:55:02.120+0000] {taskinstance.py:341} INFO - ::group::Post task execution logs
[2025-04-13T09:55:02.122+0000] {standard_task_runner.py:124} ERROR - Failed to execute job 895 for task ingest (('Connection aborted.', RemoteDisconnected('Remote end closed connection without response')); 437)
Traceback (most recent call last):
  File "/home/airflow/.local/lib/python3.12/site-packages/urllib3/connectionpool.py", line 787, in urlopen
    response = self._make_request(
               ^^^^^^^^^^^^^^^^^^^
  File "/home/airflow/.local/lib/python3.12/site-packages/urllib3/connectionpool.py", line 534, in _make_request
    response = conn.getresponse()
               ^^^^^^^^^^^^^^^^^^
  File "/home/airflow/.local/lib/python3.12/site-packages/urllib3/connection.py", line 516, in getresponse
    httplib_response = super().getresponse()
                       ^^^^^^^^^^^^^^^^^^^^^
  File "/usr/local/lib/python3.12/http/client.py", line 1430, in getresponse
    response.begin()
  File "/usr/local/lib/python3.12/http/client.py", line 331, in begin
    version, status, reason = self._read_status()
                              ^^^^^^^^^^^^^^^^^^^
  File "/usr/local/lib/python3.12/http/client.py", line 300, in _read_status
    raise RemoteDisconnected("Remote end closed connection without"
http.client.RemoteDisconnected: Remote end closed connection without response

During handling of the above exception, another exception occurred:

Traceback (most recent call last):
  File "/home/airflow/.local/lib/python3.12/site-packages/requests/adapters.py", line 667, in send
    resp = conn.urlopen(
           ^^^^^^^^^^^^^
  File "/home/airflow/.local/lib/python3.12/site-packages/urllib3/connectionpool.py", line 841, in urlopen
    retries = retries.increment(
              ^^^^^^^^^^^^^^^^^^
  File "/home/airflow/.local/lib/python3.12/site-packages/urllib3/util/retry.py", line 474, in increment
    raise reraise(type(error), error, _stacktrace)
          ^^^^^^^^^^^^^^^^^^^^^^^^^^^^^^^^^^^^^^^^
  File "/home/airflow/.local/lib/python3.12/site-packages/urllib3/util/util.py", line 38, in reraise
    raise value.with_traceback(tb)
  File "/home/airflow/.local/lib/python3.12/site-packages/urllib3/connectionpool.py", line 787, in urlopen
    response = self._make_request(
               ^^^^^^^^^^^^^^^^^^^
  File "/home/airflow/.local/lib/python3.12/site-packages/urllib3/connectionpool.py", line 534, in _make_request
    response = conn.getresponse()
               ^^^^^^^^^^^^^^^^^^
  File "/home/airflow/.local/lib/python3.12/site-packages/urllib3/connection.py", line 516, in getresponse
    httplib_response = super().getresponse()
                       ^^^^^^^^^^^^^^^^^^^^^
  File "/usr/local/lib/python3.12/http/client.py", line 1430, in getresponse
    response.begin()
  File "/usr/local/lib/python3.12/http/client.py", line 331, in begin
    version, status, reason = self._read_status()
                              ^^^^^^^^^^^^^^^^^^^
  File "/usr/local/lib/python3.12/http/client.py", line 300, in _read_status
    raise RemoteDisconnected("Remote end closed connection without"
urllib3.exceptions.ProtocolError: ('Connection aborted.', RemoteDisconnected('Remote end closed connection without response'))

During handling of the above exception, another exception occurred:

Traceback (most recent call last):
  File "/home/airflow/.local/lib/python3.12/site-packages/airflow/task/task_runner/standard_task_runner.py", line 117, in _start_by_fork
    ret = args.func(args, dag=self.dag)
          ^^^^^^^^^^^^^^^^^^^^^^^^^^^^^
  File "/home/airflow/.local/lib/python3.12/site-packages/airflow/cli/cli_config.py", line 49, in command
    return func(*args, **kwargs)
           ^^^^^^^^^^^^^^^^^^^^^
  File "/home/airflow/.local/lib/python3.12/site-packages/airflow/utils/cli.py", line 116, in wrapper
    return f(*args, **kwargs)
           ^^^^^^^^^^^^^^^^^^
  File "/home/airflow/.local/lib/python3.12/site-packages/airflow/cli/commands/task_command.py", line 483, in task_run
    task_return_code = _run_task_by_selected_method(args, _dag, ti)
                       ^^^^^^^^^^^^^^^^^^^^^^^^^^^^^^^^^^^^^^^^^^^^
  File "/home/airflow/.local/lib/python3.12/site-packages/airflow/cli/commands/task_command.py", line 256, in _run_task_by_selected_method
    return _run_raw_task(args, ti)
           ^^^^^^^^^^^^^^^^^^^^^^^
  File "/home/airflow/.local/lib/python3.12/site-packages/airflow/cli/commands/task_command.py", line 341, in _run_raw_task
    return ti._run_raw_task(
           ^^^^^^^^^^^^^^^^^
  File "/home/airflow/.local/lib/python3.12/site-packages/airflow/utils/session.py", line 97, in wrapper
    return func(*args, session=session, **kwargs)
           ^^^^^^^^^^^^^^^^^^^^^^^^^^^^^^^^^^^^^^
  File "/home/airflow/.local/lib/python3.12/site-packages/airflow/models/taskinstance.py", line 3006, in _run_raw_task
    return _run_raw_task(
           ^^^^^^^^^^^^^^
  File "/home/airflow/.local/lib/python3.12/site-packages/airflow/models/taskinstance.py", line 274, in _run_raw_task
    TaskInstance._execute_task_with_callbacks(
  File "/home/airflow/.local/lib/python3.12/site-packages/airflow/models/taskinstance.py", line 3161, in _execute_task_with_callbacks
    result = self._execute_task(context, task_orig)
             ^^^^^^^^^^^^^^^^^^^^^^^^^^^^^^^^^^^^^^
  File "/home/airflow/.local/lib/python3.12/site-packages/airflow/models/taskinstance.py", line 3185, in _execute_task
    return _execute_task(self, context, task_orig)
           ^^^^^^^^^^^^^^^^^^^^^^^^^^^^^^^^^^^^^^^
  File "/home/airflow/.local/lib/python3.12/site-packages/airflow/models/taskinstance.py", line 768, in _execute_task
    result = _execute_callable(context=context, **execute_callable_kwargs)
             ^^^^^^^^^^^^^^^^^^^^^^^^^^^^^^^^^^^^^^^^^^^^^^^^^^^^^^^^^^^^^
  File "/home/airflow/.local/lib/python3.12/site-packages/airflow/models/taskinstance.py", line 734, in _execute_callable
    return ExecutionCallableRunner(
           ^^^^^^^^^^^^^^^^^^^^^^^^
  File "/home/airflow/.local/lib/python3.12/site-packages/airflow/utils/operator_helpers.py", line 252, in run
    return self.func(*args, **kwargs)
           ^^^^^^^^^^^^^^^^^^^^^^^^^^
  File "/home/airflow/.local/lib/python3.12/site-packages/airflow/models/baseoperator.py", line 424, in wrapper
    return func(self, *args, **kwargs)
           ^^^^^^^^^^^^^^^^^^^^^^^^^^^
  File "/home/airflow/.local/lib/python3.12/site-packages/airflow/decorators/base.py", line 266, in execute
    return_value = super().execute(context)
                   ^^^^^^^^^^^^^^^^^^^^^^^^
  File "/home/airflow/.local/lib/python3.12/site-packages/airflow/models/baseoperator.py", line 424, in wrapper
    return func(self, *args, **kwargs)
           ^^^^^^^^^^^^^^^^^^^^^^^^^^^
  File "/home/airflow/.local/lib/python3.12/site-packages/airflow/operators/python.py", line 238, in execute
    return_value = self.execute_callable()
                   ^^^^^^^^^^^^^^^^^^^^^^^
  File "/home/airflow/.local/lib/python3.12/site-packages/airflow/operators/python.py", line 256, in execute_callable
    return runner.run(*self.op_args, **self.op_kwargs)
           ^^^^^^^^^^^^^^^^^^^^^^^^^^^^^^^^^^^^^^^^^^^
  File "/home/airflow/.local/lib/python3.12/site-packages/airflow/utils/operator_helpers.py", line 252, in run
    return self.func(*args, **kwargs)
           ^^^^^^^^^^^^^^^^^^^^^^^^^^
  File "/opt/airflow/dags/weather_forecast_ingestion_dag.py", line 57, in ingest
    save_weather_forecast_to_gcs(entry)
  File "/opt/airflow/app/ingestion/weather_forecast.py", line 84, in save_weather_forecast_to_gcs
    blob.upload_from_string(
  File "/usr/local/lib/python3.12/contextlib.py", line 81, in inner
    return func(*args, **kwds)
           ^^^^^^^^^^^^^^^^^^^
  File "/home/airflow/.local/lib/python3.12/site-packages/google/cloud/storage/blob.py", line 3128, in upload_from_string
    self.upload_from_file(
  File "/usr/local/lib/python3.12/contextlib.py", line 81, in inner
    return func(*args, **kwds)
           ^^^^^^^^^^^^^^^^^^^
  File "/home/airflow/.local/lib/python3.12/site-packages/google/cloud/storage/blob.py", line 2851, in upload_from_file
    self._prep_and_do_upload(
  File "/home/airflow/.local/lib/python3.12/site-packages/google/cloud/storage/blob.py", line 2700, in _prep_and_do_upload
    created_json = self._do_upload(
                   ^^^^^^^^^^^^^^^^
  File "/home/airflow/.local/lib/python3.12/site-packages/google/cloud/storage/blob.py", line 2506, in _do_upload
    response = self._do_multipart_upload(
               ^^^^^^^^^^^^^^^^^^^^^^^^^^
  File "/home/airflow/.local/lib/python3.12/site-packages/google/cloud/storage/blob.py", line 2007, in _do_multipart_upload
    response = upload.transmit(
               ^^^^^^^^^^^^^^^^
  File "/home/airflow/.local/lib/python3.12/site-packages/google/resumable_media/requests/upload.py", line 153, in transmit
    return _request_helpers.wait_and_retry(
           ^^^^^^^^^^^^^^^^^^^^^^^^^^^^^^^^
  File "/home/airflow/.local/lib/python3.12/site-packages/google/resumable_media/requests/_request_helpers.py", line 178, in wait_and_retry
    raise error
  File "/home/airflow/.local/lib/python3.12/site-packages/google/resumable_media/requests/_request_helpers.py", line 155, in wait_and_retry
    response = func()
               ^^^^^^
  File "/home/airflow/.local/lib/python3.12/site-packages/google/resumable_media/requests/upload.py", line 145, in retriable_request
    result = transport.request(
             ^^^^^^^^^^^^^^^^^^
  File "/home/airflow/.local/lib/python3.12/site-packages/google/auth/transport/requests.py", line 537, in request
    response = super(AuthorizedSession, self).request(
               ^^^^^^^^^^^^^^^^^^^^^^^^^^^^^^^^^^^^^^^
  File "/home/airflow/.local/lib/python3.12/site-packages/requests/sessions.py", line 589, in request
    resp = self.send(prep, **send_kwargs)
           ^^^^^^^^^^^^^^^^^^^^^^^^^^^^^^
  File "/home/airflow/.local/lib/python3.12/site-packages/requests/sessions.py", line 703, in send
    r = adapter.send(request, **kwargs)
        ^^^^^^^^^^^^^^^^^^^^^^^^^^^^^^^
  File "/home/airflow/.local/lib/python3.12/site-packages/requests/adapters.py", line 682, in send
    raise ConnectionError(err, request=request)
requests.exceptions.ConnectionError: ('Connection aborted.', RemoteDisconnected('Remote end closed connection without response'))
[2025-04-13T09:55:02.149+0000] {local_task_job_runner.py:266} INFO - Task exited with return code 1
[2025-04-13T09:55:02.190+0000] {taskinstance.py:3901} INFO - 0 downstream tasks scheduled from follow-on schedule check
[2025-04-13T09:55:02.193+0000] {local_task_job_runner.py:245} INFO - ::endgroup::
