[2025-04-12T19:21:49.920+0000] {local_task_job_runner.py:123} INFO - ::group::Pre task execution logs
[2025-04-12T19:21:49.929+0000] {taskinstance.py:2614} INFO - Dependencies all met for dep_context=non-requeueable deps ti=<TaskInstance: weather_forecast_ingestion_dag.ingest scheduled__2025-04-12T18:00:00+00:00 [queued]>
[2025-04-12T19:21:49.933+0000] {taskinstance.py:2614} INFO - Dependencies all met for dep_context=requeueable deps ti=<TaskInstance: weather_forecast_ingestion_dag.ingest scheduled__2025-04-12T18:00:00+00:00 [queued]>
[2025-04-12T19:21:49.933+0000] {taskinstance.py:2867} INFO - Starting attempt 2 of 2
[2025-04-12T19:21:49.938+0000] {taskinstance.py:2890} INFO - Executing <Task(_PythonDecoratedOperator): ingest> on 2025-04-12 18:00:00+00:00
[2025-04-12T19:21:49.941+0000] {warnings.py:112} WARNING - /home/***/.local/lib/python3.12/site-packages/***/task/task_runner/standard_task_runner.py:70: DeprecationWarning: This process (pid=250) is multi-threaded, use of fork() may lead to deadlocks in the child.
  pid = os.fork()

[2025-04-12T19:21:49.943+0000] {standard_task_runner.py:72} INFO - Started process 251 to run task
[2025-04-12T19:21:49.943+0000] {standard_task_runner.py:104} INFO - Running: ['***', 'tasks', 'run', 'weather_forecast_ingestion_dag', 'ingest', 'scheduled__2025-04-12T18:00:00+00:00', '--job-id', '833', '--raw', '--subdir', 'DAGS_FOLDER/weather_forecast_ingestion_dag.py', '--cfg-path', '/tmp/tmpll834_id']
[2025-04-12T19:21:49.945+0000] {standard_task_runner.py:105} INFO - Job 833: Subtask ingest
[2025-04-12T19:21:49.975+0000] {task_command.py:467} INFO - Running <TaskInstance: weather_forecast_ingestion_dag.ingest scheduled__2025-04-12T18:00:00+00:00 [running]> on host caedfbfc7792
[2025-04-12T19:21:50.019+0000] {taskinstance.py:3134} INFO - Exporting env vars: AIRFLOW_CTX_DAG_OWNER='beni' AIRFLOW_CTX_DAG_ID='weather_forecast_ingestion_dag' AIRFLOW_CTX_TASK_ID='ingest' AIRFLOW_CTX_EXECUTION_DATE='2025-04-12T18:00:00+00:00' AIRFLOW_CTX_TRY_NUMBER='2' AIRFLOW_CTX_DAG_RUN_ID='scheduled__2025-04-12T18:00:00+00:00'
[2025-04-12T19:21:50.020+0000] {taskinstance.py:732} INFO - ::endgroup::
[2025-04-12T19:21:50.021+0000] {weather_forecast_ingestion_dag.py:37} INFO - üå§Ô∏è Fetching forecast from 2025-04-12 to 2025-04-20
[2025-04-12T19:21:50.190+0000] {weather_forecast_ingestion_dag.py:53} INFO - üì¶ Filtered 106 future forecast entries
[2025-04-12T19:21:50.190+0000] {weather_forecast_ingestion_dag.py:56} INFO - üíæ Saving forecast for 2025-04-12T20:00:00+00:00
[2025-04-12T19:21:50.634+0000] {logging_mixin.py:190} INFO - üå§Ô∏è Saved forecast: gs://gooutside-raw/weather_forecast/bamberg/2025-04-12T2000.json
[2025-04-12T19:21:50.635+0000] {weather_forecast_ingestion_dag.py:56} INFO - üíæ Saving forecast for 2025-04-13T06:00:00+00:00
[2025-04-12T19:21:50.991+0000] {logging_mixin.py:190} INFO - üå§Ô∏è Saved forecast: gs://gooutside-raw/weather_forecast/bamberg/2025-04-13T0600.json
[2025-04-12T19:21:50.991+0000] {weather_forecast_ingestion_dag.py:56} INFO - üíæ Saving forecast for 2025-04-13T07:00:00+00:00
[2025-04-12T19:21:51.309+0000] {logging_mixin.py:190} INFO - üå§Ô∏è Saved forecast: gs://gooutside-raw/weather_forecast/bamberg/2025-04-13T0700.json
[2025-04-12T19:21:51.310+0000] {weather_forecast_ingestion_dag.py:56} INFO - üíæ Saving forecast for 2025-04-13T08:00:00+00:00
[2025-04-12T19:21:51.640+0000] {logging_mixin.py:190} INFO - üå§Ô∏è Saved forecast: gs://gooutside-raw/weather_forecast/bamberg/2025-04-13T0800.json
[2025-04-12T19:21:51.640+0000] {weather_forecast_ingestion_dag.py:56} INFO - üíæ Saving forecast for 2025-04-13T09:00:00+00:00
[2025-04-12T19:21:51.987+0000] {logging_mixin.py:190} INFO - üå§Ô∏è Saved forecast: gs://gooutside-raw/weather_forecast/bamberg/2025-04-13T0900.json
[2025-04-12T19:21:51.987+0000] {weather_forecast_ingestion_dag.py:56} INFO - üíæ Saving forecast for 2025-04-13T10:00:00+00:00
[2025-04-12T19:21:52.344+0000] {logging_mixin.py:190} INFO - üå§Ô∏è Saved forecast: gs://gooutside-raw/weather_forecast/bamberg/2025-04-13T1000.json
[2025-04-12T19:21:52.346+0000] {weather_forecast_ingestion_dag.py:56} INFO - üíæ Saving forecast for 2025-04-13T11:00:00+00:00
[2025-04-12T19:21:53.470+0000] {logging_mixin.py:190} INFO - üå§Ô∏è Saved forecast: gs://gooutside-raw/weather_forecast/bamberg/2025-04-13T1100.json
[2025-04-12T19:21:53.472+0000] {weather_forecast_ingestion_dag.py:56} INFO - üíæ Saving forecast for 2025-04-13T12:00:00+00:00
[2025-04-12T19:21:54.244+0000] {logging_mixin.py:190} INFO - üå§Ô∏è Saved forecast: gs://gooutside-raw/weather_forecast/bamberg/2025-04-13T1200.json
[2025-04-12T19:21:54.245+0000] {weather_forecast_ingestion_dag.py:56} INFO - üíæ Saving forecast for 2025-04-13T13:00:00+00:00
[2025-04-12T19:21:55.109+0000] {logging_mixin.py:190} INFO - üå§Ô∏è Saved forecast: gs://gooutside-raw/weather_forecast/bamberg/2025-04-13T1300.json
[2025-04-12T19:21:55.110+0000] {weather_forecast_ingestion_dag.py:56} INFO - üíæ Saving forecast for 2025-04-13T14:00:00+00:00
[2025-04-12T19:21:56.052+0000] {logging_mixin.py:190} INFO - üå§Ô∏è Saved forecast: gs://gooutside-raw/weather_forecast/bamberg/2025-04-13T1400.json
[2025-04-12T19:21:56.054+0000] {weather_forecast_ingestion_dag.py:56} INFO - üíæ Saving forecast for 2025-04-13T15:00:00+00:00
[2025-04-12T19:21:56.936+0000] {logging_mixin.py:190} INFO - üå§Ô∏è Saved forecast: gs://gooutside-raw/weather_forecast/bamberg/2025-04-13T1500.json
[2025-04-12T19:21:56.937+0000] {weather_forecast_ingestion_dag.py:56} INFO - üíæ Saving forecast for 2025-04-13T16:00:00+00:00
[2025-04-12T19:21:57.445+0000] {logging_mixin.py:190} INFO - üå§Ô∏è Saved forecast: gs://gooutside-raw/weather_forecast/bamberg/2025-04-13T1600.json
[2025-04-12T19:21:57.446+0000] {weather_forecast_ingestion_dag.py:56} INFO - üíæ Saving forecast for 2025-04-13T17:00:00+00:00
[2025-04-12T19:21:57.778+0000] {logging_mixin.py:190} INFO - üå§Ô∏è Saved forecast: gs://gooutside-raw/weather_forecast/bamberg/2025-04-13T1700.json
[2025-04-12T19:21:57.779+0000] {weather_forecast_ingestion_dag.py:56} INFO - üíæ Saving forecast for 2025-04-13T18:00:00+00:00
[2025-04-12T19:21:58.113+0000] {logging_mixin.py:190} INFO - üå§Ô∏è Saved forecast: gs://gooutside-raw/weather_forecast/bamberg/2025-04-13T1800.json
[2025-04-12T19:21:58.113+0000] {weather_forecast_ingestion_dag.py:56} INFO - üíæ Saving forecast for 2025-04-13T19:00:00+00:00
[2025-04-12T19:21:58.445+0000] {logging_mixin.py:190} INFO - üå§Ô∏è Saved forecast: gs://gooutside-raw/weather_forecast/bamberg/2025-04-13T1900.json
[2025-04-12T19:21:58.446+0000] {weather_forecast_ingestion_dag.py:56} INFO - üíæ Saving forecast for 2025-04-13T20:00:00+00:00
[2025-04-12T19:21:58.829+0000] {logging_mixin.py:190} INFO - üå§Ô∏è Saved forecast: gs://gooutside-raw/weather_forecast/bamberg/2025-04-13T2000.json
[2025-04-12T19:21:58.830+0000] {weather_forecast_ingestion_dag.py:56} INFO - üíæ Saving forecast for 2025-04-14T06:00:00+00:00
[2025-04-12T19:21:59.198+0000] {logging_mixin.py:190} INFO - üå§Ô∏è Saved forecast: gs://gooutside-raw/weather_forecast/bamberg/2025-04-14T0600.json
[2025-04-12T19:21:59.199+0000] {weather_forecast_ingestion_dag.py:56} INFO - üíæ Saving forecast for 2025-04-14T07:00:00+00:00
[2025-04-12T19:21:59.570+0000] {logging_mixin.py:190} INFO - üå§Ô∏è Saved forecast: gs://gooutside-raw/weather_forecast/bamberg/2025-04-14T0700.json
[2025-04-12T19:21:59.571+0000] {weather_forecast_ingestion_dag.py:56} INFO - üíæ Saving forecast for 2025-04-14T08:00:00+00:00
[2025-04-12T19:21:59.911+0000] {logging_mixin.py:190} INFO - üå§Ô∏è Saved forecast: gs://gooutside-raw/weather_forecast/bamberg/2025-04-14T0800.json
[2025-04-12T19:21:59.912+0000] {weather_forecast_ingestion_dag.py:56} INFO - üíæ Saving forecast for 2025-04-14T09:00:00+00:00
[2025-04-12T19:22:00.329+0000] {logging_mixin.py:190} INFO - üå§Ô∏è Saved forecast: gs://gooutside-raw/weather_forecast/bamberg/2025-04-14T0900.json
[2025-04-12T19:22:00.332+0000] {weather_forecast_ingestion_dag.py:56} INFO - üíæ Saving forecast for 2025-04-14T10:00:00+00:00
[2025-04-12T19:22:00.713+0000] {logging_mixin.py:190} INFO - üå§Ô∏è Saved forecast: gs://gooutside-raw/weather_forecast/bamberg/2025-04-14T1000.json
[2025-04-12T19:22:00.714+0000] {weather_forecast_ingestion_dag.py:56} INFO - üíæ Saving forecast for 2025-04-14T11:00:00+00:00
[2025-04-12T19:22:01.083+0000] {logging_mixin.py:190} INFO - üå§Ô∏è Saved forecast: gs://gooutside-raw/weather_forecast/bamberg/2025-04-14T1100.json
[2025-04-12T19:22:01.084+0000] {weather_forecast_ingestion_dag.py:56} INFO - üíæ Saving forecast for 2025-04-14T12:00:00+00:00
[2025-04-12T19:22:01.460+0000] {logging_mixin.py:190} INFO - üå§Ô∏è Saved forecast: gs://gooutside-raw/weather_forecast/bamberg/2025-04-14T1200.json
[2025-04-12T19:22:01.461+0000] {weather_forecast_ingestion_dag.py:56} INFO - üíæ Saving forecast for 2025-04-14T13:00:00+00:00
[2025-04-12T19:22:01.814+0000] {logging_mixin.py:190} INFO - üå§Ô∏è Saved forecast: gs://gooutside-raw/weather_forecast/bamberg/2025-04-14T1300.json
[2025-04-12T19:22:01.815+0000] {weather_forecast_ingestion_dag.py:56} INFO - üíæ Saving forecast for 2025-04-14T14:00:00+00:00
[2025-04-12T19:22:02.145+0000] {logging_mixin.py:190} INFO - üå§Ô∏è Saved forecast: gs://gooutside-raw/weather_forecast/bamberg/2025-04-14T1400.json
[2025-04-12T19:22:02.146+0000] {weather_forecast_ingestion_dag.py:56} INFO - üíæ Saving forecast for 2025-04-14T15:00:00+00:00
[2025-04-12T19:22:02.493+0000] {logging_mixin.py:190} INFO - üå§Ô∏è Saved forecast: gs://gooutside-raw/weather_forecast/bamberg/2025-04-14T1500.json
[2025-04-12T19:22:02.494+0000] {weather_forecast_ingestion_dag.py:56} INFO - üíæ Saving forecast for 2025-04-14T16:00:00+00:00
[2025-04-12T19:22:02.920+0000] {logging_mixin.py:190} INFO - üå§Ô∏è Saved forecast: gs://gooutside-raw/weather_forecast/bamberg/2025-04-14T1600.json
[2025-04-12T19:22:02.921+0000] {weather_forecast_ingestion_dag.py:56} INFO - üíæ Saving forecast for 2025-04-14T17:00:00+00:00
[2025-04-12T19:22:03.293+0000] {logging_mixin.py:190} INFO - üå§Ô∏è Saved forecast: gs://gooutside-raw/weather_forecast/bamberg/2025-04-14T1700.json
[2025-04-12T19:22:03.294+0000] {weather_forecast_ingestion_dag.py:56} INFO - üíæ Saving forecast for 2025-04-14T18:00:00+00:00
[2025-04-12T19:22:03.644+0000] {logging_mixin.py:190} INFO - üå§Ô∏è Saved forecast: gs://gooutside-raw/weather_forecast/bamberg/2025-04-14T1800.json
[2025-04-12T19:22:03.645+0000] {weather_forecast_ingestion_dag.py:56} INFO - üíæ Saving forecast for 2025-04-14T19:00:00+00:00
[2025-04-12T19:22:03.971+0000] {logging_mixin.py:190} INFO - üå§Ô∏è Saved forecast: gs://gooutside-raw/weather_forecast/bamberg/2025-04-14T1900.json
[2025-04-12T19:22:03.972+0000] {weather_forecast_ingestion_dag.py:56} INFO - üíæ Saving forecast for 2025-04-14T20:00:00+00:00
[2025-04-12T19:22:04.321+0000] {logging_mixin.py:190} INFO - üå§Ô∏è Saved forecast: gs://gooutside-raw/weather_forecast/bamberg/2025-04-14T2000.json
[2025-04-12T19:22:04.321+0000] {weather_forecast_ingestion_dag.py:56} INFO - üíæ Saving forecast for 2025-04-15T06:00:00+00:00
[2025-04-12T19:22:04.654+0000] {logging_mixin.py:190} INFO - üå§Ô∏è Saved forecast: gs://gooutside-raw/weather_forecast/bamberg/2025-04-15T0600.json
[2025-04-12T19:22:04.654+0000] {weather_forecast_ingestion_dag.py:56} INFO - üíæ Saving forecast for 2025-04-15T07:00:00+00:00
[2025-04-12T19:22:05.002+0000] {logging_mixin.py:190} INFO - üå§Ô∏è Saved forecast: gs://gooutside-raw/weather_forecast/bamberg/2025-04-15T0700.json
[2025-04-12T19:22:05.003+0000] {weather_forecast_ingestion_dag.py:56} INFO - üíæ Saving forecast for 2025-04-15T08:00:00+00:00
[2025-04-12T19:22:05.379+0000] {logging_mixin.py:190} INFO - üå§Ô∏è Saved forecast: gs://gooutside-raw/weather_forecast/bamberg/2025-04-15T0800.json
[2025-04-12T19:22:05.380+0000] {weather_forecast_ingestion_dag.py:56} INFO - üíæ Saving forecast for 2025-04-15T09:00:00+00:00
[2025-04-12T19:22:05.722+0000] {logging_mixin.py:190} INFO - üå§Ô∏è Saved forecast: gs://gooutside-raw/weather_forecast/bamberg/2025-04-15T0900.json
[2025-04-12T19:22:05.725+0000] {weather_forecast_ingestion_dag.py:56} INFO - üíæ Saving forecast for 2025-04-15T10:00:00+00:00
[2025-04-12T19:22:06.070+0000] {logging_mixin.py:190} INFO - üå§Ô∏è Saved forecast: gs://gooutside-raw/weather_forecast/bamberg/2025-04-15T1000.json
[2025-04-12T19:22:06.071+0000] {weather_forecast_ingestion_dag.py:56} INFO - üíæ Saving forecast for 2025-04-15T11:00:00+00:00
[2025-04-12T19:22:06.442+0000] {logging_mixin.py:190} INFO - üå§Ô∏è Saved forecast: gs://gooutside-raw/weather_forecast/bamberg/2025-04-15T1100.json
[2025-04-12T19:22:06.443+0000] {weather_forecast_ingestion_dag.py:56} INFO - üíæ Saving forecast for 2025-04-15T12:00:00+00:00
[2025-04-12T19:22:06.824+0000] {logging_mixin.py:190} INFO - üå§Ô∏è Saved forecast: gs://gooutside-raw/weather_forecast/bamberg/2025-04-15T1200.json
[2025-04-12T19:22:06.825+0000] {weather_forecast_ingestion_dag.py:56} INFO - üíæ Saving forecast for 2025-04-15T13:00:00+00:00
[2025-04-12T19:22:07.197+0000] {logging_mixin.py:190} INFO - üå§Ô∏è Saved forecast: gs://gooutside-raw/weather_forecast/bamberg/2025-04-15T1300.json
[2025-04-12T19:22:07.198+0000] {weather_forecast_ingestion_dag.py:56} INFO - üíæ Saving forecast for 2025-04-15T14:00:00+00:00
[2025-04-12T19:22:07.551+0000] {logging_mixin.py:190} INFO - üå§Ô∏è Saved forecast: gs://gooutside-raw/weather_forecast/bamberg/2025-04-15T1400.json
[2025-04-12T19:22:07.552+0000] {weather_forecast_ingestion_dag.py:56} INFO - üíæ Saving forecast for 2025-04-15T15:00:00+00:00
[2025-04-12T19:22:07.903+0000] {logging_mixin.py:190} INFO - üå§Ô∏è Saved forecast: gs://gooutside-raw/weather_forecast/bamberg/2025-04-15T1500.json
[2025-04-12T19:22:07.905+0000] {weather_forecast_ingestion_dag.py:56} INFO - üíæ Saving forecast for 2025-04-15T16:00:00+00:00
[2025-04-12T19:22:08.263+0000] {logging_mixin.py:190} INFO - üå§Ô∏è Saved forecast: gs://gooutside-raw/weather_forecast/bamberg/2025-04-15T1600.json
[2025-04-12T19:22:08.264+0000] {weather_forecast_ingestion_dag.py:56} INFO - üíæ Saving forecast for 2025-04-15T17:00:00+00:00
[2025-04-12T19:22:08.615+0000] {logging_mixin.py:190} INFO - üå§Ô∏è Saved forecast: gs://gooutside-raw/weather_forecast/bamberg/2025-04-15T1700.json
[2025-04-12T19:22:08.616+0000] {weather_forecast_ingestion_dag.py:56} INFO - üíæ Saving forecast for 2025-04-15T18:00:00+00:00
[2025-04-12T19:22:08.990+0000] {logging_mixin.py:190} INFO - üå§Ô∏è Saved forecast: gs://gooutside-raw/weather_forecast/bamberg/2025-04-15T1800.json
[2025-04-12T19:22:08.992+0000] {weather_forecast_ingestion_dag.py:56} INFO - üíæ Saving forecast for 2025-04-15T19:00:00+00:00
[2025-04-12T19:22:09.369+0000] {logging_mixin.py:190} INFO - üå§Ô∏è Saved forecast: gs://gooutside-raw/weather_forecast/bamberg/2025-04-15T1900.json
[2025-04-12T19:22:09.370+0000] {weather_forecast_ingestion_dag.py:56} INFO - üíæ Saving forecast for 2025-04-15T20:00:00+00:00
[2025-04-12T19:22:09.740+0000] {logging_mixin.py:190} INFO - üå§Ô∏è Saved forecast: gs://gooutside-raw/weather_forecast/bamberg/2025-04-15T2000.json
[2025-04-12T19:22:09.740+0000] {weather_forecast_ingestion_dag.py:56} INFO - üíæ Saving forecast for 2025-04-16T06:00:00+00:00
[2025-04-12T19:22:10.065+0000] {logging_mixin.py:190} INFO - üå§Ô∏è Saved forecast: gs://gooutside-raw/weather_forecast/bamberg/2025-04-16T0600.json
[2025-04-12T19:22:10.066+0000] {weather_forecast_ingestion_dag.py:56} INFO - üíæ Saving forecast for 2025-04-16T07:00:00+00:00
[2025-04-12T19:22:10.433+0000] {logging_mixin.py:190} INFO - üå§Ô∏è Saved forecast: gs://gooutside-raw/weather_forecast/bamberg/2025-04-16T0700.json
[2025-04-12T19:22:10.435+0000] {weather_forecast_ingestion_dag.py:56} INFO - üíæ Saving forecast for 2025-04-16T08:00:00+00:00
[2025-04-12T19:22:10.780+0000] {logging_mixin.py:190} INFO - üå§Ô∏è Saved forecast: gs://gooutside-raw/weather_forecast/bamberg/2025-04-16T0800.json
[2025-04-12T19:22:10.781+0000] {weather_forecast_ingestion_dag.py:56} INFO - üíæ Saving forecast for 2025-04-16T09:00:00+00:00
[2025-04-12T19:22:11.103+0000] {logging_mixin.py:190} INFO - üå§Ô∏è Saved forecast: gs://gooutside-raw/weather_forecast/bamberg/2025-04-16T0900.json
[2025-04-12T19:22:11.104+0000] {weather_forecast_ingestion_dag.py:56} INFO - üíæ Saving forecast for 2025-04-16T10:00:00+00:00
[2025-04-12T19:22:11.473+0000] {logging_mixin.py:190} INFO - üå§Ô∏è Saved forecast: gs://gooutside-raw/weather_forecast/bamberg/2025-04-16T1000.json
[2025-04-12T19:22:11.474+0000] {weather_forecast_ingestion_dag.py:56} INFO - üíæ Saving forecast for 2025-04-16T11:00:00+00:00
[2025-04-12T19:22:11.859+0000] {logging_mixin.py:190} INFO - üå§Ô∏è Saved forecast: gs://gooutside-raw/weather_forecast/bamberg/2025-04-16T1100.json
[2025-04-12T19:22:11.860+0000] {weather_forecast_ingestion_dag.py:56} INFO - üíæ Saving forecast for 2025-04-16T12:00:00+00:00
[2025-04-12T19:22:12.211+0000] {logging_mixin.py:190} INFO - üå§Ô∏è Saved forecast: gs://gooutside-raw/weather_forecast/bamberg/2025-04-16T1200.json
[2025-04-12T19:22:12.212+0000] {weather_forecast_ingestion_dag.py:56} INFO - üíæ Saving forecast for 2025-04-16T13:00:00+00:00
[2025-04-12T19:22:12.586+0000] {logging_mixin.py:190} INFO - üå§Ô∏è Saved forecast: gs://gooutside-raw/weather_forecast/bamberg/2025-04-16T1300.json
[2025-04-12T19:22:12.588+0000] {weather_forecast_ingestion_dag.py:56} INFO - üíæ Saving forecast for 2025-04-16T14:00:00+00:00
[2025-04-12T19:22:12.949+0000] {logging_mixin.py:190} INFO - üå§Ô∏è Saved forecast: gs://gooutside-raw/weather_forecast/bamberg/2025-04-16T1400.json
[2025-04-12T19:22:12.949+0000] {weather_forecast_ingestion_dag.py:56} INFO - üíæ Saving forecast for 2025-04-16T15:00:00+00:00
[2025-04-12T19:22:13.284+0000] {logging_mixin.py:190} INFO - üå§Ô∏è Saved forecast: gs://gooutside-raw/weather_forecast/bamberg/2025-04-16T1500.json
[2025-04-12T19:22:13.285+0000] {weather_forecast_ingestion_dag.py:56} INFO - üíæ Saving forecast for 2025-04-16T16:00:00+00:00
[2025-04-12T19:22:13.652+0000] {logging_mixin.py:190} INFO - üå§Ô∏è Saved forecast: gs://gooutside-raw/weather_forecast/bamberg/2025-04-16T1600.json
[2025-04-12T19:22:13.653+0000] {weather_forecast_ingestion_dag.py:56} INFO - üíæ Saving forecast for 2025-04-16T17:00:00+00:00
[2025-04-12T19:22:14.017+0000] {logging_mixin.py:190} INFO - üå§Ô∏è Saved forecast: gs://gooutside-raw/weather_forecast/bamberg/2025-04-16T1700.json
[2025-04-12T19:22:14.018+0000] {weather_forecast_ingestion_dag.py:56} INFO - üíæ Saving forecast for 2025-04-16T18:00:00+00:00
[2025-04-12T19:22:14.358+0000] {logging_mixin.py:190} INFO - üå§Ô∏è Saved forecast: gs://gooutside-raw/weather_forecast/bamberg/2025-04-16T1800.json
[2025-04-12T19:22:14.358+0000] {weather_forecast_ingestion_dag.py:56} INFO - üíæ Saving forecast for 2025-04-16T19:00:00+00:00
[2025-04-12T19:22:14.680+0000] {logging_mixin.py:190} INFO - üå§Ô∏è Saved forecast: gs://gooutside-raw/weather_forecast/bamberg/2025-04-16T1900.json
[2025-04-12T19:22:14.681+0000] {weather_forecast_ingestion_dag.py:56} INFO - üíæ Saving forecast for 2025-04-16T20:00:00+00:00
[2025-04-12T19:22:15.020+0000] {logging_mixin.py:190} INFO - üå§Ô∏è Saved forecast: gs://gooutside-raw/weather_forecast/bamberg/2025-04-16T2000.json
[2025-04-12T19:22:15.022+0000] {weather_forecast_ingestion_dag.py:56} INFO - üíæ Saving forecast for 2025-04-17T06:00:00+00:00
[2025-04-12T19:22:15.374+0000] {logging_mixin.py:190} INFO - üå§Ô∏è Saved forecast: gs://gooutside-raw/weather_forecast/bamberg/2025-04-17T0600.json
[2025-04-12T19:22:15.375+0000] {weather_forecast_ingestion_dag.py:56} INFO - üíæ Saving forecast for 2025-04-17T07:00:00+00:00
[2025-04-12T19:22:15.781+0000] {logging_mixin.py:190} INFO - üå§Ô∏è Saved forecast: gs://gooutside-raw/weather_forecast/bamberg/2025-04-17T0700.json
[2025-04-12T19:22:15.782+0000] {weather_forecast_ingestion_dag.py:56} INFO - üíæ Saving forecast for 2025-04-17T08:00:00+00:00
[2025-04-12T19:22:16.184+0000] {logging_mixin.py:190} INFO - üå§Ô∏è Saved forecast: gs://gooutside-raw/weather_forecast/bamberg/2025-04-17T0800.json
[2025-04-12T19:22:16.185+0000] {weather_forecast_ingestion_dag.py:56} INFO - üíæ Saving forecast for 2025-04-17T09:00:00+00:00
[2025-04-12T19:22:16.552+0000] {logging_mixin.py:190} INFO - üå§Ô∏è Saved forecast: gs://gooutside-raw/weather_forecast/bamberg/2025-04-17T0900.json
[2025-04-12T19:22:16.553+0000] {weather_forecast_ingestion_dag.py:56} INFO - üíæ Saving forecast for 2025-04-17T10:00:00+00:00
[2025-04-12T19:22:16.887+0000] {logging_mixin.py:190} INFO - üå§Ô∏è Saved forecast: gs://gooutside-raw/weather_forecast/bamberg/2025-04-17T1000.json
[2025-04-12T19:22:16.888+0000] {weather_forecast_ingestion_dag.py:56} INFO - üíæ Saving forecast for 2025-04-17T11:00:00+00:00
[2025-04-12T19:22:17.249+0000] {logging_mixin.py:190} INFO - üå§Ô∏è Saved forecast: gs://gooutside-raw/weather_forecast/bamberg/2025-04-17T1100.json
[2025-04-12T19:22:17.249+0000] {weather_forecast_ingestion_dag.py:56} INFO - üíæ Saving forecast for 2025-04-17T12:00:00+00:00
[2025-04-12T19:22:17.624+0000] {logging_mixin.py:190} INFO - üå§Ô∏è Saved forecast: gs://gooutside-raw/weather_forecast/bamberg/2025-04-17T1200.json
[2025-04-12T19:22:17.625+0000] {weather_forecast_ingestion_dag.py:56} INFO - üíæ Saving forecast for 2025-04-17T13:00:00+00:00
[2025-04-12T19:22:17.998+0000] {logging_mixin.py:190} INFO - üå§Ô∏è Saved forecast: gs://gooutside-raw/weather_forecast/bamberg/2025-04-17T1300.json
[2025-04-12T19:22:17.999+0000] {weather_forecast_ingestion_dag.py:56} INFO - üíæ Saving forecast for 2025-04-17T14:00:00+00:00
[2025-04-12T19:29:34.271+0000] {taskinstance.py:3313} ERROR - Task failed with exception
Traceback (most recent call last):
  File "/home/airflow/.local/lib/python3.12/site-packages/urllib3/connectionpool.py", line 464, in _make_request
    self._validate_conn(conn)
  File "/home/airflow/.local/lib/python3.12/site-packages/urllib3/connectionpool.py", line 1093, in _validate_conn
    conn.connect()
  File "/home/airflow/.local/lib/python3.12/site-packages/urllib3/connection.py", line 741, in connect
    sock_and_verified = _ssl_wrap_socket_and_match_hostname(
                        ^^^^^^^^^^^^^^^^^^^^^^^^^^^^^^^^^^^^
  File "/home/airflow/.local/lib/python3.12/site-packages/urllib3/connection.py", line 920, in _ssl_wrap_socket_and_match_hostname
    ssl_sock = ssl_wrap_socket(
               ^^^^^^^^^^^^^^^^
  File "/home/airflow/.local/lib/python3.12/site-packages/urllib3/util/ssl_.py", line 460, in ssl_wrap_socket
    ssl_sock = _ssl_wrap_socket_impl(sock, context, tls_in_tls, server_hostname)
               ^^^^^^^^^^^^^^^^^^^^^^^^^^^^^^^^^^^^^^^^^^^^^^^^^^^^^^^^^^^^^^^^^
  File "/home/airflow/.local/lib/python3.12/site-packages/urllib3/util/ssl_.py", line 504, in _ssl_wrap_socket_impl
    return ssl_context.wrap_socket(sock, server_hostname=server_hostname)
           ^^^^^^^^^^^^^^^^^^^^^^^^^^^^^^^^^^^^^^^^^^^^^^^^^^^^^^^^^^^^^^
  File "/usr/local/lib/python3.12/ssl.py", line 455, in wrap_socket
    return self.sslsocket_class._create(
           ^^^^^^^^^^^^^^^^^^^^^^^^^^^^^
  File "/usr/local/lib/python3.12/ssl.py", line 1041, in _create
    self.do_handshake()
  File "/usr/local/lib/python3.12/ssl.py", line 1319, in do_handshake
    self._sslobj.do_handshake()
ssl.SSLEOFError: [SSL: UNEXPECTED_EOF_WHILE_READING] EOF occurred in violation of protocol (_ssl.c:1010)

During handling of the above exception, another exception occurred:

Traceback (most recent call last):
  File "/home/airflow/.local/lib/python3.12/site-packages/urllib3/connectionpool.py", line 787, in urlopen
    response = self._make_request(
               ^^^^^^^^^^^^^^^^^^^
  File "/home/airflow/.local/lib/python3.12/site-packages/urllib3/connectionpool.py", line 488, in _make_request
    raise new_e
urllib3.exceptions.SSLError: [SSL: UNEXPECTED_EOF_WHILE_READING] EOF occurred in violation of protocol (_ssl.c:1010)

The above exception was the direct cause of the following exception:

Traceback (most recent call last):
  File "/home/airflow/.local/lib/python3.12/site-packages/requests/adapters.py", line 667, in send
    resp = conn.urlopen(
           ^^^^^^^^^^^^^
  File "/home/airflow/.local/lib/python3.12/site-packages/urllib3/connectionpool.py", line 841, in urlopen
    retries = retries.increment(
              ^^^^^^^^^^^^^^^^^^
  File "/home/airflow/.local/lib/python3.12/site-packages/urllib3/util/retry.py", line 519, in increment
    raise MaxRetryError(_pool, url, reason) from reason  # type: ignore[arg-type]
    ^^^^^^^^^^^^^^^^^^^^^^^^^^^^^^^^^^^^^^^^^^^^^^^^^^^
urllib3.exceptions.MaxRetryError: HTTPSConnectionPool(host='storage.googleapis.com', port=443): Max retries exceeded with url: /upload/storage/v1/b/gooutside-raw/o?uploadType=multipart (Caused by SSLError(SSLEOFError(8, '[SSL: UNEXPECTED_EOF_WHILE_READING] EOF occurred in violation of protocol (_ssl.c:1010)')))

During handling of the above exception, another exception occurred:

Traceback (most recent call last):
  File "/home/airflow/.local/lib/python3.12/site-packages/airflow/models/taskinstance.py", line 768, in _execute_task
    result = _execute_callable(context=context, **execute_callable_kwargs)
             ^^^^^^^^^^^^^^^^^^^^^^^^^^^^^^^^^^^^^^^^^^^^^^^^^^^^^^^^^^^^^
  File "/home/airflow/.local/lib/python3.12/site-packages/airflow/models/taskinstance.py", line 734, in _execute_callable
    return ExecutionCallableRunner(
           ^^^^^^^^^^^^^^^^^^^^^^^^
  File "/home/airflow/.local/lib/python3.12/site-packages/airflow/utils/operator_helpers.py", line 252, in run
    return self.func(*args, **kwargs)
           ^^^^^^^^^^^^^^^^^^^^^^^^^^
  File "/home/airflow/.local/lib/python3.12/site-packages/airflow/models/baseoperator.py", line 424, in wrapper
    return func(self, *args, **kwargs)
           ^^^^^^^^^^^^^^^^^^^^^^^^^^^
  File "/home/airflow/.local/lib/python3.12/site-packages/airflow/decorators/base.py", line 266, in execute
    return_value = super().execute(context)
                   ^^^^^^^^^^^^^^^^^^^^^^^^
  File "/home/airflow/.local/lib/python3.12/site-packages/airflow/models/baseoperator.py", line 424, in wrapper
    return func(self, *args, **kwargs)
           ^^^^^^^^^^^^^^^^^^^^^^^^^^^
  File "/home/airflow/.local/lib/python3.12/site-packages/airflow/operators/python.py", line 238, in execute
    return_value = self.execute_callable()
                   ^^^^^^^^^^^^^^^^^^^^^^^
  File "/home/airflow/.local/lib/python3.12/site-packages/airflow/operators/python.py", line 256, in execute_callable
    return runner.run(*self.op_args, **self.op_kwargs)
           ^^^^^^^^^^^^^^^^^^^^^^^^^^^^^^^^^^^^^^^^^^^
  File "/home/airflow/.local/lib/python3.12/site-packages/airflow/utils/operator_helpers.py", line 252, in run
    return self.func(*args, **kwargs)
           ^^^^^^^^^^^^^^^^^^^^^^^^^^
  File "/opt/airflow/dags/weather_forecast_ingestion_dag.py", line 57, in ingest
    save_weather_forecast_to_gcs(entry)
  File "/opt/airflow/app/ingestion/weather_forecast.py", line 84, in save_weather_forecast_to_gcs
    blob.upload_from_string(
  File "/usr/local/lib/python3.12/contextlib.py", line 81, in inner
    return func(*args, **kwds)
           ^^^^^^^^^^^^^^^^^^^
  File "/home/airflow/.local/lib/python3.12/site-packages/google/cloud/storage/blob.py", line 3128, in upload_from_string
    self.upload_from_file(
  File "/usr/local/lib/python3.12/contextlib.py", line 81, in inner
    return func(*args, **kwds)
           ^^^^^^^^^^^^^^^^^^^
  File "/home/airflow/.local/lib/python3.12/site-packages/google/cloud/storage/blob.py", line 2851, in upload_from_file
    self._prep_and_do_upload(
  File "/home/airflow/.local/lib/python3.12/site-packages/google/cloud/storage/blob.py", line 2700, in _prep_and_do_upload
    created_json = self._do_upload(
                   ^^^^^^^^^^^^^^^^
  File "/home/airflow/.local/lib/python3.12/site-packages/google/cloud/storage/blob.py", line 2506, in _do_upload
    response = self._do_multipart_upload(
               ^^^^^^^^^^^^^^^^^^^^^^^^^^
  File "/home/airflow/.local/lib/python3.12/site-packages/google/cloud/storage/blob.py", line 2007, in _do_multipart_upload
    response = upload.transmit(
               ^^^^^^^^^^^^^^^^
  File "/home/airflow/.local/lib/python3.12/site-packages/google/resumable_media/requests/upload.py", line 153, in transmit
    return _request_helpers.wait_and_retry(
           ^^^^^^^^^^^^^^^^^^^^^^^^^^^^^^^^
  File "/home/airflow/.local/lib/python3.12/site-packages/google/resumable_media/requests/_request_helpers.py", line 178, in wait_and_retry
    raise error
  File "/home/airflow/.local/lib/python3.12/site-packages/google/resumable_media/requests/_request_helpers.py", line 155, in wait_and_retry
    response = func()
               ^^^^^^
  File "/home/airflow/.local/lib/python3.12/site-packages/google/resumable_media/requests/upload.py", line 145, in retriable_request
    result = transport.request(
             ^^^^^^^^^^^^^^^^^^
  File "/home/airflow/.local/lib/python3.12/site-packages/google/auth/transport/requests.py", line 537, in request
    response = super(AuthorizedSession, self).request(
               ^^^^^^^^^^^^^^^^^^^^^^^^^^^^^^^^^^^^^^^
  File "/home/airflow/.local/lib/python3.12/site-packages/requests/sessions.py", line 589, in request
    resp = self.send(prep, **send_kwargs)
           ^^^^^^^^^^^^^^^^^^^^^^^^^^^^^^
  File "/home/airflow/.local/lib/python3.12/site-packages/requests/sessions.py", line 703, in send
    r = adapter.send(request, **kwargs)
        ^^^^^^^^^^^^^^^^^^^^^^^^^^^^^^^
  File "/home/airflow/.local/lib/python3.12/site-packages/requests/adapters.py", line 698, in send
    raise SSLError(e, request=request)
requests.exceptions.SSLError: HTTPSConnectionPool(host='storage.googleapis.com', port=443): Max retries exceeded with url: /upload/storage/v1/b/gooutside-raw/o?uploadType=multipart (Caused by SSLError(SSLEOFError(8, '[SSL: UNEXPECTED_EOF_WHILE_READING] EOF occurred in violation of protocol (_ssl.c:1010)')))
[2025-04-12T19:29:34.299+0000] {taskinstance.py:1226} INFO - Marking task as FAILED. dag_id=weather_forecast_ingestion_dag, task_id=ingest, run_id=scheduled__2025-04-12T18:00:00+00:00, execution_date=20250412T180000, start_date=20250412T192149, end_date=20250412T192934
[2025-04-12T19:29:34.327+0000] {taskinstance.py:341} INFO - ::group::Post task execution logs
[2025-04-12T19:29:34.328+0000] {standard_task_runner.py:124} ERROR - Failed to execute job 833 for task ingest (HTTPSConnectionPool(host='storage.googleapis.com', port=443): Max retries exceeded with url: /upload/storage/v1/b/gooutside-raw/o?uploadType=multipart (Caused by SSLError(SSLEOFError(8, '[SSL: UNEXPECTED_EOF_WHILE_READING] EOF occurred in violation of protocol (_ssl.c:1010)'))); 251)
Traceback (most recent call last):
  File "/home/airflow/.local/lib/python3.12/site-packages/urllib3/connectionpool.py", line 464, in _make_request
    self._validate_conn(conn)
  File "/home/airflow/.local/lib/python3.12/site-packages/urllib3/connectionpool.py", line 1093, in _validate_conn
    conn.connect()
  File "/home/airflow/.local/lib/python3.12/site-packages/urllib3/connection.py", line 741, in connect
    sock_and_verified = _ssl_wrap_socket_and_match_hostname(
                        ^^^^^^^^^^^^^^^^^^^^^^^^^^^^^^^^^^^^
  File "/home/airflow/.local/lib/python3.12/site-packages/urllib3/connection.py", line 920, in _ssl_wrap_socket_and_match_hostname
    ssl_sock = ssl_wrap_socket(
               ^^^^^^^^^^^^^^^^
  File "/home/airflow/.local/lib/python3.12/site-packages/urllib3/util/ssl_.py", line 460, in ssl_wrap_socket
    ssl_sock = _ssl_wrap_socket_impl(sock, context, tls_in_tls, server_hostname)
               ^^^^^^^^^^^^^^^^^^^^^^^^^^^^^^^^^^^^^^^^^^^^^^^^^^^^^^^^^^^^^^^^^
  File "/home/airflow/.local/lib/python3.12/site-packages/urllib3/util/ssl_.py", line 504, in _ssl_wrap_socket_impl
    return ssl_context.wrap_socket(sock, server_hostname=server_hostname)
           ^^^^^^^^^^^^^^^^^^^^^^^^^^^^^^^^^^^^^^^^^^^^^^^^^^^^^^^^^^^^^^
  File "/usr/local/lib/python3.12/ssl.py", line 455, in wrap_socket
    return self.sslsocket_class._create(
           ^^^^^^^^^^^^^^^^^^^^^^^^^^^^^
  File "/usr/local/lib/python3.12/ssl.py", line 1041, in _create
    self.do_handshake()
  File "/usr/local/lib/python3.12/ssl.py", line 1319, in do_handshake
    self._sslobj.do_handshake()
ssl.SSLEOFError: [SSL: UNEXPECTED_EOF_WHILE_READING] EOF occurred in violation of protocol (_ssl.c:1010)

During handling of the above exception, another exception occurred:

Traceback (most recent call last):
  File "/home/airflow/.local/lib/python3.12/site-packages/urllib3/connectionpool.py", line 787, in urlopen
    response = self._make_request(
               ^^^^^^^^^^^^^^^^^^^
  File "/home/airflow/.local/lib/python3.12/site-packages/urllib3/connectionpool.py", line 488, in _make_request
    raise new_e
urllib3.exceptions.SSLError: [SSL: UNEXPECTED_EOF_WHILE_READING] EOF occurred in violation of protocol (_ssl.c:1010)

The above exception was the direct cause of the following exception:

Traceback (most recent call last):
  File "/home/airflow/.local/lib/python3.12/site-packages/requests/adapters.py", line 667, in send
    resp = conn.urlopen(
           ^^^^^^^^^^^^^
  File "/home/airflow/.local/lib/python3.12/site-packages/urllib3/connectionpool.py", line 841, in urlopen
    retries = retries.increment(
              ^^^^^^^^^^^^^^^^^^
  File "/home/airflow/.local/lib/python3.12/site-packages/urllib3/util/retry.py", line 519, in increment
    raise MaxRetryError(_pool, url, reason) from reason  # type: ignore[arg-type]
    ^^^^^^^^^^^^^^^^^^^^^^^^^^^^^^^^^^^^^^^^^^^^^^^^^^^
urllib3.exceptions.MaxRetryError: HTTPSConnectionPool(host='storage.googleapis.com', port=443): Max retries exceeded with url: /upload/storage/v1/b/gooutside-raw/o?uploadType=multipart (Caused by SSLError(SSLEOFError(8, '[SSL: UNEXPECTED_EOF_WHILE_READING] EOF occurred in violation of protocol (_ssl.c:1010)')))

During handling of the above exception, another exception occurred:

Traceback (most recent call last):
  File "/home/airflow/.local/lib/python3.12/site-packages/airflow/task/task_runner/standard_task_runner.py", line 117, in _start_by_fork
    ret = args.func(args, dag=self.dag)
          ^^^^^^^^^^^^^^^^^^^^^^^^^^^^^
  File "/home/airflow/.local/lib/python3.12/site-packages/airflow/cli/cli_config.py", line 49, in command
    return func(*args, **kwargs)
           ^^^^^^^^^^^^^^^^^^^^^
  File "/home/airflow/.local/lib/python3.12/site-packages/airflow/utils/cli.py", line 116, in wrapper
    return f(*args, **kwargs)
           ^^^^^^^^^^^^^^^^^^
  File "/home/airflow/.local/lib/python3.12/site-packages/airflow/cli/commands/task_command.py", line 483, in task_run
    task_return_code = _run_task_by_selected_method(args, _dag, ti)
                       ^^^^^^^^^^^^^^^^^^^^^^^^^^^^^^^^^^^^^^^^^^^^
  File "/home/airflow/.local/lib/python3.12/site-packages/airflow/cli/commands/task_command.py", line 256, in _run_task_by_selected_method
    return _run_raw_task(args, ti)
           ^^^^^^^^^^^^^^^^^^^^^^^
  File "/home/airflow/.local/lib/python3.12/site-packages/airflow/cli/commands/task_command.py", line 341, in _run_raw_task
    return ti._run_raw_task(
           ^^^^^^^^^^^^^^^^^
  File "/home/airflow/.local/lib/python3.12/site-packages/airflow/utils/session.py", line 97, in wrapper
    return func(*args, session=session, **kwargs)
           ^^^^^^^^^^^^^^^^^^^^^^^^^^^^^^^^^^^^^^
  File "/home/airflow/.local/lib/python3.12/site-packages/airflow/models/taskinstance.py", line 3006, in _run_raw_task
    return _run_raw_task(
           ^^^^^^^^^^^^^^
  File "/home/airflow/.local/lib/python3.12/site-packages/airflow/models/taskinstance.py", line 274, in _run_raw_task
    TaskInstance._execute_task_with_callbacks(
  File "/home/airflow/.local/lib/python3.12/site-packages/airflow/models/taskinstance.py", line 3161, in _execute_task_with_callbacks
    result = self._execute_task(context, task_orig)
             ^^^^^^^^^^^^^^^^^^^^^^^^^^^^^^^^^^^^^^
  File "/home/airflow/.local/lib/python3.12/site-packages/airflow/models/taskinstance.py", line 3185, in _execute_task
    return _execute_task(self, context, task_orig)
           ^^^^^^^^^^^^^^^^^^^^^^^^^^^^^^^^^^^^^^^
  File "/home/airflow/.local/lib/python3.12/site-packages/airflow/models/taskinstance.py", line 768, in _execute_task
    result = _execute_callable(context=context, **execute_callable_kwargs)
             ^^^^^^^^^^^^^^^^^^^^^^^^^^^^^^^^^^^^^^^^^^^^^^^^^^^^^^^^^^^^^
  File "/home/airflow/.local/lib/python3.12/site-packages/airflow/models/taskinstance.py", line 734, in _execute_callable
    return ExecutionCallableRunner(
           ^^^^^^^^^^^^^^^^^^^^^^^^
  File "/home/airflow/.local/lib/python3.12/site-packages/airflow/utils/operator_helpers.py", line 252, in run
    return self.func(*args, **kwargs)
           ^^^^^^^^^^^^^^^^^^^^^^^^^^
  File "/home/airflow/.local/lib/python3.12/site-packages/airflow/models/baseoperator.py", line 424, in wrapper
    return func(self, *args, **kwargs)
           ^^^^^^^^^^^^^^^^^^^^^^^^^^^
  File "/home/airflow/.local/lib/python3.12/site-packages/airflow/decorators/base.py", line 266, in execute
    return_value = super().execute(context)
                   ^^^^^^^^^^^^^^^^^^^^^^^^
  File "/home/airflow/.local/lib/python3.12/site-packages/airflow/models/baseoperator.py", line 424, in wrapper
    return func(self, *args, **kwargs)
           ^^^^^^^^^^^^^^^^^^^^^^^^^^^
  File "/home/airflow/.local/lib/python3.12/site-packages/airflow/operators/python.py", line 238, in execute
    return_value = self.execute_callable()
                   ^^^^^^^^^^^^^^^^^^^^^^^
  File "/home/airflow/.local/lib/python3.12/site-packages/airflow/operators/python.py", line 256, in execute_callable
    return runner.run(*self.op_args, **self.op_kwargs)
           ^^^^^^^^^^^^^^^^^^^^^^^^^^^^^^^^^^^^^^^^^^^
  File "/home/airflow/.local/lib/python3.12/site-packages/airflow/utils/operator_helpers.py", line 252, in run
    return self.func(*args, **kwargs)
           ^^^^^^^^^^^^^^^^^^^^^^^^^^
  File "/opt/airflow/dags/weather_forecast_ingestion_dag.py", line 57, in ingest
    save_weather_forecast_to_gcs(entry)
  File "/opt/airflow/app/ingestion/weather_forecast.py", line 84, in save_weather_forecast_to_gcs
    blob.upload_from_string(
  File "/usr/local/lib/python3.12/contextlib.py", line 81, in inner
    return func(*args, **kwds)
           ^^^^^^^^^^^^^^^^^^^
  File "/home/airflow/.local/lib/python3.12/site-packages/google/cloud/storage/blob.py", line 3128, in upload_from_string
    self.upload_from_file(
  File "/usr/local/lib/python3.12/contextlib.py", line 81, in inner
    return func(*args, **kwds)
           ^^^^^^^^^^^^^^^^^^^
  File "/home/airflow/.local/lib/python3.12/site-packages/google/cloud/storage/blob.py", line 2851, in upload_from_file
    self._prep_and_do_upload(
  File "/home/airflow/.local/lib/python3.12/site-packages/google/cloud/storage/blob.py", line 2700, in _prep_and_do_upload
    created_json = self._do_upload(
                   ^^^^^^^^^^^^^^^^
  File "/home/airflow/.local/lib/python3.12/site-packages/google/cloud/storage/blob.py", line 2506, in _do_upload
    response = self._do_multipart_upload(
               ^^^^^^^^^^^^^^^^^^^^^^^^^^
  File "/home/airflow/.local/lib/python3.12/site-packages/google/cloud/storage/blob.py", line 2007, in _do_multipart_upload
    response = upload.transmit(
               ^^^^^^^^^^^^^^^^
  File "/home/airflow/.local/lib/python3.12/site-packages/google/resumable_media/requests/upload.py", line 153, in transmit
    return _request_helpers.wait_and_retry(
           ^^^^^^^^^^^^^^^^^^^^^^^^^^^^^^^^
  File "/home/airflow/.local/lib/python3.12/site-packages/google/resumable_media/requests/_request_helpers.py", line 178, in wait_and_retry
    raise error
  File "/home/airflow/.local/lib/python3.12/site-packages/google/resumable_media/requests/_request_helpers.py", line 155, in wait_and_retry
    response = func()
               ^^^^^^
  File "/home/airflow/.local/lib/python3.12/site-packages/google/resumable_media/requests/upload.py", line 145, in retriable_request
    result = transport.request(
             ^^^^^^^^^^^^^^^^^^
  File "/home/airflow/.local/lib/python3.12/site-packages/google/auth/transport/requests.py", line 537, in request
    response = super(AuthorizedSession, self).request(
               ^^^^^^^^^^^^^^^^^^^^^^^^^^^^^^^^^^^^^^^
  File "/home/airflow/.local/lib/python3.12/site-packages/requests/sessions.py", line 589, in request
    resp = self.send(prep, **send_kwargs)
           ^^^^^^^^^^^^^^^^^^^^^^^^^^^^^^
  File "/home/airflow/.local/lib/python3.12/site-packages/requests/sessions.py", line 703, in send
    r = adapter.send(request, **kwargs)
        ^^^^^^^^^^^^^^^^^^^^^^^^^^^^^^^
  File "/home/airflow/.local/lib/python3.12/site-packages/requests/adapters.py", line 698, in send
    raise SSLError(e, request=request)
requests.exceptions.SSLError: HTTPSConnectionPool(host='storage.googleapis.com', port=443): Max retries exceeded with url: /upload/storage/v1/b/gooutside-raw/o?uploadType=multipart (Caused by SSLError(SSLEOFError(8, '[SSL: UNEXPECTED_EOF_WHILE_READING] EOF occurred in violation of protocol (_ssl.c:1010)')))
[2025-04-12T19:29:34.359+0000] {local_task_job_runner.py:266} INFO - Task exited with return code 1
[2025-04-12T19:29:34.380+0000] {taskinstance.py:3901} INFO - 0 downstream tasks scheduled from follow-on schedule check
[2025-04-12T19:29:34.383+0000] {local_task_job_runner.py:245} INFO - ::endgroup::
