[2025-04-13T07:20:21.308+0000] {local_task_job_runner.py:123} INFO - ::group::Pre task execution logs
[2025-04-13T07:20:21.318+0000] {taskinstance.py:2614} INFO - Dependencies all met for dep_context=non-requeueable deps ti=<TaskInstance: weather_forecast_ingestion_dag.ingest scheduled__2025-04-13T06:00:00+00:00 [queued]>
[2025-04-13T07:20:21.322+0000] {taskinstance.py:2614} INFO - Dependencies all met for dep_context=requeueable deps ti=<TaskInstance: weather_forecast_ingestion_dag.ingest scheduled__2025-04-13T06:00:00+00:00 [queued]>
[2025-04-13T07:20:21.322+0000] {taskinstance.py:2867} INFO - Starting attempt 2 of 2
[2025-04-13T07:20:21.328+0000] {taskinstance.py:2890} INFO - Executing <Task(_PythonDecoratedOperator): ingest> on 2025-04-13 06:00:00+00:00
[2025-04-13T07:20:21.330+0000] {warnings.py:112} WARNING - /home/***/.local/lib/python3.12/site-packages/***/task/task_runner/standard_task_runner.py:70: DeprecationWarning: This process (pid=406) is multi-threaded, use of fork() may lead to deadlocks in the child.
  pid = os.fork()

[2025-04-13T07:20:21.331+0000] {standard_task_runner.py:72} INFO - Started process 407 to run task
[2025-04-13T07:20:21.332+0000] {standard_task_runner.py:104} INFO - Running: ['***', 'tasks', 'run', 'weather_forecast_ingestion_dag', 'ingest', 'scheduled__2025-04-13T06:00:00+00:00', '--job-id', '885', '--raw', '--subdir', 'DAGS_FOLDER/weather_forecast_ingestion_dag.py', '--cfg-path', '/tmp/tmpotqi5ur4']
[2025-04-13T07:20:21.333+0000] {standard_task_runner.py:105} INFO - Job 885: Subtask ingest
[2025-04-13T07:20:21.364+0000] {task_command.py:467} INFO - Running <TaskInstance: weather_forecast_ingestion_dag.ingest scheduled__2025-04-13T06:00:00+00:00 [running]> on host caedfbfc7792
[2025-04-13T07:20:21.415+0000] {taskinstance.py:3134} INFO - Exporting env vars: AIRFLOW_CTX_DAG_OWNER='beni' AIRFLOW_CTX_DAG_ID='weather_forecast_ingestion_dag' AIRFLOW_CTX_TASK_ID='ingest' AIRFLOW_CTX_EXECUTION_DATE='2025-04-13T06:00:00+00:00' AIRFLOW_CTX_TRY_NUMBER='2' AIRFLOW_CTX_DAG_RUN_ID='scheduled__2025-04-13T06:00:00+00:00'
[2025-04-13T07:20:21.415+0000] {taskinstance.py:732} INFO - ::endgroup::
[2025-04-13T07:20:21.417+0000] {weather_forecast_ingestion_dag.py:37} INFO - 🌤️ Fetching forecast from 2025-04-13 to 2025-04-21
[2025-04-13T07:20:21.595+0000] {weather_forecast_ingestion_dag.py:53} INFO - 📦 Filtered 118 future forecast entries
[2025-04-13T07:20:21.596+0000] {weather_forecast_ingestion_dag.py:56} INFO - 💾 Saving forecast for 2025-04-13T08:00:00+00:00
[2025-04-13T07:20:22.040+0000] {logging_mixin.py:190} INFO - 🌤️ Saved forecast: gs://gooutside-raw/weather_forecast/bamberg/2025-04-13T0800.json
[2025-04-13T07:20:22.041+0000] {weather_forecast_ingestion_dag.py:56} INFO - 💾 Saving forecast for 2025-04-13T09:00:00+00:00
[2025-04-13T07:20:22.421+0000] {logging_mixin.py:190} INFO - 🌤️ Saved forecast: gs://gooutside-raw/weather_forecast/bamberg/2025-04-13T0900.json
[2025-04-13T07:20:22.423+0000] {weather_forecast_ingestion_dag.py:56} INFO - 💾 Saving forecast for 2025-04-13T10:00:00+00:00
[2025-04-13T07:20:22.829+0000] {logging_mixin.py:190} INFO - 🌤️ Saved forecast: gs://gooutside-raw/weather_forecast/bamberg/2025-04-13T1000.json
[2025-04-13T07:20:22.830+0000] {weather_forecast_ingestion_dag.py:56} INFO - 💾 Saving forecast for 2025-04-13T11:00:00+00:00
[2025-04-13T07:20:23.214+0000] {logging_mixin.py:190} INFO - 🌤️ Saved forecast: gs://gooutside-raw/weather_forecast/bamberg/2025-04-13T1100.json
[2025-04-13T07:20:23.214+0000] {weather_forecast_ingestion_dag.py:56} INFO - 💾 Saving forecast for 2025-04-13T12:00:00+00:00
[2025-04-13T07:20:23.599+0000] {logging_mixin.py:190} INFO - 🌤️ Saved forecast: gs://gooutside-raw/weather_forecast/bamberg/2025-04-13T1200.json
[2025-04-13T07:20:23.599+0000] {weather_forecast_ingestion_dag.py:56} INFO - 💾 Saving forecast for 2025-04-13T13:00:00+00:00
[2025-04-13T07:20:23.957+0000] {logging_mixin.py:190} INFO - 🌤️ Saved forecast: gs://gooutside-raw/weather_forecast/bamberg/2025-04-13T1300.json
[2025-04-13T07:20:23.958+0000] {weather_forecast_ingestion_dag.py:56} INFO - 💾 Saving forecast for 2025-04-13T14:00:00+00:00
[2025-04-13T07:20:24.327+0000] {logging_mixin.py:190} INFO - 🌤️ Saved forecast: gs://gooutside-raw/weather_forecast/bamberg/2025-04-13T1400.json
[2025-04-13T07:20:24.328+0000] {weather_forecast_ingestion_dag.py:56} INFO - 💾 Saving forecast for 2025-04-13T15:00:00+00:00
[2025-04-13T07:20:24.662+0000] {logging_mixin.py:190} INFO - 🌤️ Saved forecast: gs://gooutside-raw/weather_forecast/bamberg/2025-04-13T1500.json
[2025-04-13T07:20:24.663+0000] {weather_forecast_ingestion_dag.py:56} INFO - 💾 Saving forecast for 2025-04-13T16:00:00+00:00
[2025-04-13T07:20:25.038+0000] {logging_mixin.py:190} INFO - 🌤️ Saved forecast: gs://gooutside-raw/weather_forecast/bamberg/2025-04-13T1600.json
[2025-04-13T07:20:25.039+0000] {weather_forecast_ingestion_dag.py:56} INFO - 💾 Saving forecast for 2025-04-13T17:00:00+00:00
[2025-04-13T07:20:25.410+0000] {logging_mixin.py:190} INFO - 🌤️ Saved forecast: gs://gooutside-raw/weather_forecast/bamberg/2025-04-13T1700.json
[2025-04-13T07:20:25.412+0000] {weather_forecast_ingestion_dag.py:56} INFO - 💾 Saving forecast for 2025-04-13T18:00:00+00:00
[2025-04-13T07:20:25.788+0000] {logging_mixin.py:190} INFO - 🌤️ Saved forecast: gs://gooutside-raw/weather_forecast/bamberg/2025-04-13T1800.json
[2025-04-13T07:20:25.789+0000] {weather_forecast_ingestion_dag.py:56} INFO - 💾 Saving forecast for 2025-04-13T19:00:00+00:00
[2025-04-13T07:20:26.149+0000] {logging_mixin.py:190} INFO - 🌤️ Saved forecast: gs://gooutside-raw/weather_forecast/bamberg/2025-04-13T1900.json
[2025-04-13T07:20:26.151+0000] {weather_forecast_ingestion_dag.py:56} INFO - 💾 Saving forecast for 2025-04-13T20:00:00+00:00
[2025-04-13T07:20:26.521+0000] {logging_mixin.py:190} INFO - 🌤️ Saved forecast: gs://gooutside-raw/weather_forecast/bamberg/2025-04-13T2000.json
[2025-04-13T07:20:26.521+0000] {weather_forecast_ingestion_dag.py:56} INFO - 💾 Saving forecast for 2025-04-14T06:00:00+00:00
[2025-04-13T07:20:26.898+0000] {logging_mixin.py:190} INFO - 🌤️ Saved forecast: gs://gooutside-raw/weather_forecast/bamberg/2025-04-14T0600.json
[2025-04-13T07:20:26.898+0000] {weather_forecast_ingestion_dag.py:56} INFO - 💾 Saving forecast for 2025-04-14T07:00:00+00:00
[2025-04-13T07:20:27.240+0000] {logging_mixin.py:190} INFO - 🌤️ Saved forecast: gs://gooutside-raw/weather_forecast/bamberg/2025-04-14T0700.json
[2025-04-13T07:20:27.241+0000] {weather_forecast_ingestion_dag.py:56} INFO - 💾 Saving forecast for 2025-04-14T08:00:00+00:00
[2025-04-13T07:20:27.623+0000] {logging_mixin.py:190} INFO - 🌤️ Saved forecast: gs://gooutside-raw/weather_forecast/bamberg/2025-04-14T0800.json
[2025-04-13T07:20:27.625+0000] {weather_forecast_ingestion_dag.py:56} INFO - 💾 Saving forecast for 2025-04-14T09:00:00+00:00
[2025-04-13T07:20:27.998+0000] {logging_mixin.py:190} INFO - 🌤️ Saved forecast: gs://gooutside-raw/weather_forecast/bamberg/2025-04-14T0900.json
[2025-04-13T07:20:28.000+0000] {weather_forecast_ingestion_dag.py:56} INFO - 💾 Saving forecast for 2025-04-14T10:00:00+00:00
[2025-04-13T07:20:28.345+0000] {logging_mixin.py:190} INFO - 🌤️ Saved forecast: gs://gooutside-raw/weather_forecast/bamberg/2025-04-14T1000.json
[2025-04-13T07:20:28.346+0000] {weather_forecast_ingestion_dag.py:56} INFO - 💾 Saving forecast for 2025-04-14T11:00:00+00:00
[2025-04-13T07:20:28.702+0000] {logging_mixin.py:190} INFO - 🌤️ Saved forecast: gs://gooutside-raw/weather_forecast/bamberg/2025-04-14T1100.json
[2025-04-13T07:20:28.704+0000] {weather_forecast_ingestion_dag.py:56} INFO - 💾 Saving forecast for 2025-04-14T12:00:00+00:00
[2025-04-13T07:20:29.090+0000] {logging_mixin.py:190} INFO - 🌤️ Saved forecast: gs://gooutside-raw/weather_forecast/bamberg/2025-04-14T1200.json
[2025-04-13T07:20:29.091+0000] {weather_forecast_ingestion_dag.py:56} INFO - 💾 Saving forecast for 2025-04-14T13:00:00+00:00
[2025-04-13T07:20:29.468+0000] {logging_mixin.py:190} INFO - 🌤️ Saved forecast: gs://gooutside-raw/weather_forecast/bamberg/2025-04-14T1300.json
[2025-04-13T07:20:29.470+0000] {weather_forecast_ingestion_dag.py:56} INFO - 💾 Saving forecast for 2025-04-14T14:00:00+00:00
[2025-04-13T07:20:29.835+0000] {logging_mixin.py:190} INFO - 🌤️ Saved forecast: gs://gooutside-raw/weather_forecast/bamberg/2025-04-14T1400.json
[2025-04-13T07:20:29.836+0000] {weather_forecast_ingestion_dag.py:56} INFO - 💾 Saving forecast for 2025-04-14T15:00:00+00:00
[2025-04-13T07:20:30.174+0000] {logging_mixin.py:190} INFO - 🌤️ Saved forecast: gs://gooutside-raw/weather_forecast/bamberg/2025-04-14T1500.json
[2025-04-13T07:20:30.175+0000] {weather_forecast_ingestion_dag.py:56} INFO - 💾 Saving forecast for 2025-04-14T16:00:00+00:00
[2025-04-13T07:20:30.547+0000] {logging_mixin.py:190} INFO - 🌤️ Saved forecast: gs://gooutside-raw/weather_forecast/bamberg/2025-04-14T1600.json
[2025-04-13T07:20:30.549+0000] {weather_forecast_ingestion_dag.py:56} INFO - 💾 Saving forecast for 2025-04-14T17:00:00+00:00
[2025-04-13T07:20:30.943+0000] {logging_mixin.py:190} INFO - 🌤️ Saved forecast: gs://gooutside-raw/weather_forecast/bamberg/2025-04-14T1700.json
[2025-04-13T07:20:30.944+0000] {weather_forecast_ingestion_dag.py:56} INFO - 💾 Saving forecast for 2025-04-14T18:00:00+00:00
[2025-04-13T07:20:31.332+0000] {logging_mixin.py:190} INFO - 🌤️ Saved forecast: gs://gooutside-raw/weather_forecast/bamberg/2025-04-14T1800.json
[2025-04-13T07:20:31.334+0000] {weather_forecast_ingestion_dag.py:56} INFO - 💾 Saving forecast for 2025-04-14T19:00:00+00:00
[2025-04-13T07:20:31.715+0000] {logging_mixin.py:190} INFO - 🌤️ Saved forecast: gs://gooutside-raw/weather_forecast/bamberg/2025-04-14T1900.json
[2025-04-13T07:20:31.716+0000] {weather_forecast_ingestion_dag.py:56} INFO - 💾 Saving forecast for 2025-04-14T20:00:00+00:00
[2025-04-13T07:20:32.082+0000] {logging_mixin.py:190} INFO - 🌤️ Saved forecast: gs://gooutside-raw/weather_forecast/bamberg/2025-04-14T2000.json
[2025-04-13T07:20:32.083+0000] {weather_forecast_ingestion_dag.py:56} INFO - 💾 Saving forecast for 2025-04-15T06:00:00+00:00
[2025-04-13T07:20:32.477+0000] {logging_mixin.py:190} INFO - 🌤️ Saved forecast: gs://gooutside-raw/weather_forecast/bamberg/2025-04-15T0600.json
[2025-04-13T07:20:32.479+0000] {weather_forecast_ingestion_dag.py:56} INFO - 💾 Saving forecast for 2025-04-15T07:00:00+00:00
[2025-04-13T07:20:32.839+0000] {logging_mixin.py:190} INFO - 🌤️ Saved forecast: gs://gooutside-raw/weather_forecast/bamberg/2025-04-15T0700.json
[2025-04-13T07:20:32.840+0000] {weather_forecast_ingestion_dag.py:56} INFO - 💾 Saving forecast for 2025-04-15T08:00:00+00:00
[2025-04-13T07:20:33.209+0000] {logging_mixin.py:190} INFO - 🌤️ Saved forecast: gs://gooutside-raw/weather_forecast/bamberg/2025-04-15T0800.json
[2025-04-13T07:20:33.209+0000] {weather_forecast_ingestion_dag.py:56} INFO - 💾 Saving forecast for 2025-04-15T09:00:00+00:00
[2025-04-13T07:20:33.536+0000] {logging_mixin.py:190} INFO - 🌤️ Saved forecast: gs://gooutside-raw/weather_forecast/bamberg/2025-04-15T0900.json
[2025-04-13T07:20:33.537+0000] {weather_forecast_ingestion_dag.py:56} INFO - 💾 Saving forecast for 2025-04-15T10:00:00+00:00
[2025-04-13T07:20:33.901+0000] {logging_mixin.py:190} INFO - 🌤️ Saved forecast: gs://gooutside-raw/weather_forecast/bamberg/2025-04-15T1000.json
[2025-04-13T07:20:33.903+0000] {weather_forecast_ingestion_dag.py:56} INFO - 💾 Saving forecast for 2025-04-15T11:00:00+00:00
[2025-04-13T07:20:34.296+0000] {logging_mixin.py:190} INFO - 🌤️ Saved forecast: gs://gooutside-raw/weather_forecast/bamberg/2025-04-15T1100.json
[2025-04-13T07:20:34.297+0000] {weather_forecast_ingestion_dag.py:56} INFO - 💾 Saving forecast for 2025-04-15T12:00:00+00:00
[2025-04-13T07:20:34.696+0000] {logging_mixin.py:190} INFO - 🌤️ Saved forecast: gs://gooutside-raw/weather_forecast/bamberg/2025-04-15T1200.json
[2025-04-13T07:20:34.698+0000] {weather_forecast_ingestion_dag.py:56} INFO - 💾 Saving forecast for 2025-04-15T13:00:00+00:00
[2025-04-13T07:20:35.067+0000] {logging_mixin.py:190} INFO - 🌤️ Saved forecast: gs://gooutside-raw/weather_forecast/bamberg/2025-04-15T1300.json
[2025-04-13T07:20:35.067+0000] {weather_forecast_ingestion_dag.py:56} INFO - 💾 Saving forecast for 2025-04-15T14:00:00+00:00
[2025-04-13T07:20:36.071+0000] {logging_mixin.py:190} INFO - 🌤️ Saved forecast: gs://gooutside-raw/weather_forecast/bamberg/2025-04-15T1400.json
[2025-04-13T07:20:36.072+0000] {weather_forecast_ingestion_dag.py:56} INFO - 💾 Saving forecast for 2025-04-15T15:00:00+00:00
[2025-04-13T07:20:37.170+0000] {logging_mixin.py:190} INFO - 🌤️ Saved forecast: gs://gooutside-raw/weather_forecast/bamberg/2025-04-15T1500.json
[2025-04-13T07:20:37.170+0000] {weather_forecast_ingestion_dag.py:56} INFO - 💾 Saving forecast for 2025-04-15T16:00:00+00:00
[2025-04-13T07:20:38.052+0000] {logging_mixin.py:190} INFO - 🌤️ Saved forecast: gs://gooutside-raw/weather_forecast/bamberg/2025-04-15T1600.json
[2025-04-13T07:20:38.053+0000] {weather_forecast_ingestion_dag.py:56} INFO - 💾 Saving forecast for 2025-04-15T17:00:00+00:00
[2025-04-13T07:20:39.030+0000] {logging_mixin.py:190} INFO - 🌤️ Saved forecast: gs://gooutside-raw/weather_forecast/bamberg/2025-04-15T1700.json
[2025-04-13T07:20:39.031+0000] {weather_forecast_ingestion_dag.py:56} INFO - 💾 Saving forecast for 2025-04-15T18:00:00+00:00
[2025-04-13T07:20:40.050+0000] {logging_mixin.py:190} INFO - 🌤️ Saved forecast: gs://gooutside-raw/weather_forecast/bamberg/2025-04-15T1800.json
[2025-04-13T07:20:40.051+0000] {weather_forecast_ingestion_dag.py:56} INFO - 💾 Saving forecast for 2025-04-15T19:00:00+00:00
[2025-04-13T07:20:40.401+0000] {logging_mixin.py:190} INFO - 🌤️ Saved forecast: gs://gooutside-raw/weather_forecast/bamberg/2025-04-15T1900.json
[2025-04-13T07:20:40.403+0000] {weather_forecast_ingestion_dag.py:56} INFO - 💾 Saving forecast for 2025-04-15T20:00:00+00:00
[2025-04-13T07:20:40.773+0000] {logging_mixin.py:190} INFO - 🌤️ Saved forecast: gs://gooutside-raw/weather_forecast/bamberg/2025-04-15T2000.json
[2025-04-13T07:20:40.774+0000] {weather_forecast_ingestion_dag.py:56} INFO - 💾 Saving forecast for 2025-04-16T06:00:00+00:00
[2025-04-13T07:20:41.133+0000] {logging_mixin.py:190} INFO - 🌤️ Saved forecast: gs://gooutside-raw/weather_forecast/bamberg/2025-04-16T0600.json
[2025-04-13T07:20:41.133+0000] {weather_forecast_ingestion_dag.py:56} INFO - 💾 Saving forecast for 2025-04-16T07:00:00+00:00
[2025-04-13T07:20:41.501+0000] {logging_mixin.py:190} INFO - 🌤️ Saved forecast: gs://gooutside-raw/weather_forecast/bamberg/2025-04-16T0700.json
[2025-04-13T07:20:41.502+0000] {weather_forecast_ingestion_dag.py:56} INFO - 💾 Saving forecast for 2025-04-16T08:00:00+00:00
[2025-04-13T07:20:41.913+0000] {logging_mixin.py:190} INFO - 🌤️ Saved forecast: gs://gooutside-raw/weather_forecast/bamberg/2025-04-16T0800.json
[2025-04-13T07:20:41.914+0000] {weather_forecast_ingestion_dag.py:56} INFO - 💾 Saving forecast for 2025-04-16T09:00:00+00:00
[2025-04-13T07:20:42.288+0000] {logging_mixin.py:190} INFO - 🌤️ Saved forecast: gs://gooutside-raw/weather_forecast/bamberg/2025-04-16T0900.json
[2025-04-13T07:20:42.289+0000] {weather_forecast_ingestion_dag.py:56} INFO - 💾 Saving forecast for 2025-04-16T10:00:00+00:00
[2025-04-13T07:20:42.677+0000] {logging_mixin.py:190} INFO - 🌤️ Saved forecast: gs://gooutside-raw/weather_forecast/bamberg/2025-04-16T1000.json
[2025-04-13T07:20:42.678+0000] {weather_forecast_ingestion_dag.py:56} INFO - 💾 Saving forecast for 2025-04-16T11:00:00+00:00
[2025-04-13T07:20:43.058+0000] {logging_mixin.py:190} INFO - 🌤️ Saved forecast: gs://gooutside-raw/weather_forecast/bamberg/2025-04-16T1100.json
[2025-04-13T07:20:43.058+0000] {weather_forecast_ingestion_dag.py:56} INFO - 💾 Saving forecast for 2025-04-16T12:00:00+00:00
[2025-04-13T07:20:43.415+0000] {logging_mixin.py:190} INFO - 🌤️ Saved forecast: gs://gooutside-raw/weather_forecast/bamberg/2025-04-16T1200.json
[2025-04-13T07:20:43.417+0000] {weather_forecast_ingestion_dag.py:56} INFO - 💾 Saving forecast for 2025-04-16T13:00:00+00:00
[2025-04-13T07:20:43.791+0000] {logging_mixin.py:190} INFO - 🌤️ Saved forecast: gs://gooutside-raw/weather_forecast/bamberg/2025-04-16T1300.json
[2025-04-13T07:20:43.793+0000] {weather_forecast_ingestion_dag.py:56} INFO - 💾 Saving forecast for 2025-04-16T14:00:00+00:00
[2025-04-13T07:20:44.179+0000] {logging_mixin.py:190} INFO - 🌤️ Saved forecast: gs://gooutside-raw/weather_forecast/bamberg/2025-04-16T1400.json
[2025-04-13T07:20:44.179+0000] {weather_forecast_ingestion_dag.py:56} INFO - 💾 Saving forecast for 2025-04-16T15:00:00+00:00
[2025-04-13T07:20:44.535+0000] {logging_mixin.py:190} INFO - 🌤️ Saved forecast: gs://gooutside-raw/weather_forecast/bamberg/2025-04-16T1500.json
[2025-04-13T07:20:44.536+0000] {weather_forecast_ingestion_dag.py:56} INFO - 💾 Saving forecast for 2025-04-16T16:00:00+00:00
[2025-04-13T07:20:44.884+0000] {logging_mixin.py:190} INFO - 🌤️ Saved forecast: gs://gooutside-raw/weather_forecast/bamberg/2025-04-16T1600.json
[2025-04-13T07:20:44.885+0000] {weather_forecast_ingestion_dag.py:56} INFO - 💾 Saving forecast for 2025-04-16T17:00:00+00:00
[2025-04-13T07:20:45.239+0000] {logging_mixin.py:190} INFO - 🌤️ Saved forecast: gs://gooutside-raw/weather_forecast/bamberg/2025-04-16T1700.json
[2025-04-13T07:20:45.239+0000] {weather_forecast_ingestion_dag.py:56} INFO - 💾 Saving forecast for 2025-04-16T18:00:00+00:00
[2025-04-13T07:20:45.570+0000] {logging_mixin.py:190} INFO - 🌤️ Saved forecast: gs://gooutside-raw/weather_forecast/bamberg/2025-04-16T1800.json
[2025-04-13T07:20:45.572+0000] {weather_forecast_ingestion_dag.py:56} INFO - 💾 Saving forecast for 2025-04-16T19:00:00+00:00
[2025-04-13T07:20:45.942+0000] {logging_mixin.py:190} INFO - 🌤️ Saved forecast: gs://gooutside-raw/weather_forecast/bamberg/2025-04-16T1900.json
[2025-04-13T07:20:45.944+0000] {weather_forecast_ingestion_dag.py:56} INFO - 💾 Saving forecast for 2025-04-16T20:00:00+00:00
[2025-04-13T07:20:46.334+0000] {logging_mixin.py:190} INFO - 🌤️ Saved forecast: gs://gooutside-raw/weather_forecast/bamberg/2025-04-16T2000.json
[2025-04-13T07:20:46.335+0000] {weather_forecast_ingestion_dag.py:56} INFO - 💾 Saving forecast for 2025-04-17T06:00:00+00:00
[2025-04-13T07:20:46.687+0000] {logging_mixin.py:190} INFO - 🌤️ Saved forecast: gs://gooutside-raw/weather_forecast/bamberg/2025-04-17T0600.json
[2025-04-13T07:20:46.688+0000] {weather_forecast_ingestion_dag.py:56} INFO - 💾 Saving forecast for 2025-04-17T07:00:00+00:00
[2025-04-13T07:20:47.034+0000] {logging_mixin.py:190} INFO - 🌤️ Saved forecast: gs://gooutside-raw/weather_forecast/bamberg/2025-04-17T0700.json
[2025-04-13T07:20:47.034+0000] {weather_forecast_ingestion_dag.py:56} INFO - 💾 Saving forecast for 2025-04-17T08:00:00+00:00
[2025-04-13T07:20:47.418+0000] {logging_mixin.py:190} INFO - 🌤️ Saved forecast: gs://gooutside-raw/weather_forecast/bamberg/2025-04-17T0800.json
[2025-04-13T07:20:47.419+0000] {weather_forecast_ingestion_dag.py:56} INFO - 💾 Saving forecast for 2025-04-17T09:00:00+00:00
[2025-04-13T07:20:47.794+0000] {logging_mixin.py:190} INFO - 🌤️ Saved forecast: gs://gooutside-raw/weather_forecast/bamberg/2025-04-17T0900.json
[2025-04-13T07:20:47.796+0000] {weather_forecast_ingestion_dag.py:56} INFO - 💾 Saving forecast for 2025-04-17T10:00:00+00:00
[2025-04-13T07:20:48.190+0000] {logging_mixin.py:190} INFO - 🌤️ Saved forecast: gs://gooutside-raw/weather_forecast/bamberg/2025-04-17T1000.json
[2025-04-13T07:20:48.190+0000] {weather_forecast_ingestion_dag.py:56} INFO - 💾 Saving forecast for 2025-04-17T11:00:00+00:00
[2025-04-13T07:20:48.599+0000] {logging_mixin.py:190} INFO - 🌤️ Saved forecast: gs://gooutside-raw/weather_forecast/bamberg/2025-04-17T1100.json
[2025-04-13T07:20:48.601+0000] {weather_forecast_ingestion_dag.py:56} INFO - 💾 Saving forecast for 2025-04-17T12:00:00+00:00
[2025-04-13T07:20:48.971+0000] {logging_mixin.py:190} INFO - 🌤️ Saved forecast: gs://gooutside-raw/weather_forecast/bamberg/2025-04-17T1200.json
[2025-04-13T07:20:48.972+0000] {weather_forecast_ingestion_dag.py:56} INFO - 💾 Saving forecast for 2025-04-17T13:00:00+00:00
[2025-04-13T07:20:49.298+0000] {logging_mixin.py:190} INFO - 🌤️ Saved forecast: gs://gooutside-raw/weather_forecast/bamberg/2025-04-17T1300.json
[2025-04-13T07:20:49.299+0000] {weather_forecast_ingestion_dag.py:56} INFO - 💾 Saving forecast for 2025-04-17T14:00:00+00:00
[2025-04-13T07:20:49.657+0000] {logging_mixin.py:190} INFO - 🌤️ Saved forecast: gs://gooutside-raw/weather_forecast/bamberg/2025-04-17T1400.json
[2025-04-13T07:20:49.658+0000] {weather_forecast_ingestion_dag.py:56} INFO - 💾 Saving forecast for 2025-04-17T15:00:00+00:00
[2025-04-13T07:20:50.054+0000] {logging_mixin.py:190} INFO - 🌤️ Saved forecast: gs://gooutside-raw/weather_forecast/bamberg/2025-04-17T1500.json
[2025-04-13T07:20:50.054+0000] {weather_forecast_ingestion_dag.py:56} INFO - 💾 Saving forecast for 2025-04-17T16:00:00+00:00
[2025-04-13T07:20:50.394+0000] {logging_mixin.py:190} INFO - 🌤️ Saved forecast: gs://gooutside-raw/weather_forecast/bamberg/2025-04-17T1600.json
[2025-04-13T07:20:50.395+0000] {weather_forecast_ingestion_dag.py:56} INFO - 💾 Saving forecast for 2025-04-17T17:00:00+00:00
[2025-04-13T07:20:50.781+0000] {logging_mixin.py:190} INFO - 🌤️ Saved forecast: gs://gooutside-raw/weather_forecast/bamberg/2025-04-17T1700.json
[2025-04-13T07:20:50.781+0000] {weather_forecast_ingestion_dag.py:56} INFO - 💾 Saving forecast for 2025-04-17T18:00:00+00:00
[2025-04-13T07:20:51.137+0000] {logging_mixin.py:190} INFO - 🌤️ Saved forecast: gs://gooutside-raw/weather_forecast/bamberg/2025-04-17T1800.json
[2025-04-13T07:20:51.138+0000] {weather_forecast_ingestion_dag.py:56} INFO - 💾 Saving forecast for 2025-04-17T19:00:00+00:00
[2025-04-13T07:20:51.494+0000] {logging_mixin.py:190} INFO - 🌤️ Saved forecast: gs://gooutside-raw/weather_forecast/bamberg/2025-04-17T1900.json
[2025-04-13T07:20:51.494+0000] {weather_forecast_ingestion_dag.py:56} INFO - 💾 Saving forecast for 2025-04-17T20:00:00+00:00
[2025-04-13T07:20:51.824+0000] {logging_mixin.py:190} INFO - 🌤️ Saved forecast: gs://gooutside-raw/weather_forecast/bamberg/2025-04-17T2000.json
[2025-04-13T07:20:51.824+0000] {weather_forecast_ingestion_dag.py:56} INFO - 💾 Saving forecast for 2025-04-18T06:00:00+00:00
[2025-04-13T07:20:52.173+0000] {logging_mixin.py:190} INFO - 🌤️ Saved forecast: gs://gooutside-raw/weather_forecast/bamberg/2025-04-18T0600.json
[2025-04-13T07:20:52.175+0000] {weather_forecast_ingestion_dag.py:56} INFO - 💾 Saving forecast for 2025-04-18T07:00:00+00:00
[2025-04-13T07:20:52.552+0000] {logging_mixin.py:190} INFO - 🌤️ Saved forecast: gs://gooutside-raw/weather_forecast/bamberg/2025-04-18T0700.json
[2025-04-13T07:20:52.554+0000] {weather_forecast_ingestion_dag.py:56} INFO - 💾 Saving forecast for 2025-04-18T08:00:00+00:00
[2025-04-13T07:20:52.945+0000] {logging_mixin.py:190} INFO - 🌤️ Saved forecast: gs://gooutside-raw/weather_forecast/bamberg/2025-04-18T0800.json
[2025-04-13T07:20:52.946+0000] {weather_forecast_ingestion_dag.py:56} INFO - 💾 Saving forecast for 2025-04-18T09:00:00+00:00
[2025-04-13T07:20:53.304+0000] {logging_mixin.py:190} INFO - 🌤️ Saved forecast: gs://gooutside-raw/weather_forecast/bamberg/2025-04-18T0900.json
[2025-04-13T07:20:53.305+0000] {weather_forecast_ingestion_dag.py:56} INFO - 💾 Saving forecast for 2025-04-18T10:00:00+00:00
[2025-04-13T07:20:53.688+0000] {logging_mixin.py:190} INFO - 🌤️ Saved forecast: gs://gooutside-raw/weather_forecast/bamberg/2025-04-18T1000.json
[2025-04-13T07:20:53.689+0000] {weather_forecast_ingestion_dag.py:56} INFO - 💾 Saving forecast for 2025-04-18T11:00:00+00:00
[2025-04-13T07:20:54.079+0000] {logging_mixin.py:190} INFO - 🌤️ Saved forecast: gs://gooutside-raw/weather_forecast/bamberg/2025-04-18T1100.json
[2025-04-13T07:20:54.081+0000] {weather_forecast_ingestion_dag.py:56} INFO - 💾 Saving forecast for 2025-04-18T12:00:00+00:00
[2025-04-13T07:20:54.471+0000] {logging_mixin.py:190} INFO - 🌤️ Saved forecast: gs://gooutside-raw/weather_forecast/bamberg/2025-04-18T1200.json
[2025-04-13T07:20:54.472+0000] {weather_forecast_ingestion_dag.py:56} INFO - 💾 Saving forecast for 2025-04-18T13:00:00+00:00
[2025-04-13T07:20:54.818+0000] {logging_mixin.py:190} INFO - 🌤️ Saved forecast: gs://gooutside-raw/weather_forecast/bamberg/2025-04-18T1300.json
[2025-04-13T07:20:54.820+0000] {weather_forecast_ingestion_dag.py:56} INFO - 💾 Saving forecast for 2025-04-18T14:00:00+00:00
[2025-04-13T07:20:55.184+0000] {logging_mixin.py:190} INFO - 🌤️ Saved forecast: gs://gooutside-raw/weather_forecast/bamberg/2025-04-18T1400.json
[2025-04-13T07:20:55.185+0000] {weather_forecast_ingestion_dag.py:56} INFO - 💾 Saving forecast for 2025-04-18T15:00:00+00:00
[2025-04-13T07:20:55.579+0000] {logging_mixin.py:190} INFO - 🌤️ Saved forecast: gs://gooutside-raw/weather_forecast/bamberg/2025-04-18T1500.json
[2025-04-13T07:20:55.581+0000] {weather_forecast_ingestion_dag.py:56} INFO - 💾 Saving forecast for 2025-04-18T16:00:00+00:00
[2025-04-13T07:20:55.977+0000] {logging_mixin.py:190} INFO - 🌤️ Saved forecast: gs://gooutside-raw/weather_forecast/bamberg/2025-04-18T1600.json
[2025-04-13T07:20:55.977+0000] {weather_forecast_ingestion_dag.py:56} INFO - 💾 Saving forecast for 2025-04-18T17:00:00+00:00
[2025-04-13T07:20:56.327+0000] {logging_mixin.py:190} INFO - 🌤️ Saved forecast: gs://gooutside-raw/weather_forecast/bamberg/2025-04-18T1700.json
[2025-04-13T07:20:56.328+0000] {weather_forecast_ingestion_dag.py:56} INFO - 💾 Saving forecast for 2025-04-18T18:00:00+00:00
[2025-04-13T07:20:56.685+0000] {logging_mixin.py:190} INFO - 🌤️ Saved forecast: gs://gooutside-raw/weather_forecast/bamberg/2025-04-18T1800.json
[2025-04-13T07:20:56.686+0000] {weather_forecast_ingestion_dag.py:56} INFO - 💾 Saving forecast for 2025-04-18T19:00:00+00:00
[2025-04-13T07:20:57.036+0000] {logging_mixin.py:190} INFO - 🌤️ Saved forecast: gs://gooutside-raw/weather_forecast/bamberg/2025-04-18T1900.json
[2025-04-13T07:20:57.037+0000] {weather_forecast_ingestion_dag.py:56} INFO - 💾 Saving forecast for 2025-04-18T20:00:00+00:00
[2025-04-13T07:20:57.375+0000] {logging_mixin.py:190} INFO - 🌤️ Saved forecast: gs://gooutside-raw/weather_forecast/bamberg/2025-04-18T2000.json
[2025-04-13T07:20:57.376+0000] {weather_forecast_ingestion_dag.py:56} INFO - 💾 Saving forecast for 2025-04-19T06:00:00+00:00
[2025-04-13T07:20:57.730+0000] {logging_mixin.py:190} INFO - 🌤️ Saved forecast: gs://gooutside-raw/weather_forecast/bamberg/2025-04-19T0600.json
[2025-04-13T07:20:57.732+0000] {weather_forecast_ingestion_dag.py:56} INFO - 💾 Saving forecast for 2025-04-19T07:00:00+00:00
[2025-04-13T07:20:58.088+0000] {logging_mixin.py:190} INFO - 🌤️ Saved forecast: gs://gooutside-raw/weather_forecast/bamberg/2025-04-19T0700.json
[2025-04-13T07:20:58.089+0000] {weather_forecast_ingestion_dag.py:56} INFO - 💾 Saving forecast for 2025-04-19T08:00:00+00:00
[2025-04-13T07:20:58.469+0000] {logging_mixin.py:190} INFO - 🌤️ Saved forecast: gs://gooutside-raw/weather_forecast/bamberg/2025-04-19T0800.json
[2025-04-13T07:20:58.471+0000] {weather_forecast_ingestion_dag.py:56} INFO - 💾 Saving forecast for 2025-04-19T09:00:00+00:00
[2025-04-13T07:20:58.855+0000] {logging_mixin.py:190} INFO - 🌤️ Saved forecast: gs://gooutside-raw/weather_forecast/bamberg/2025-04-19T0900.json
[2025-04-13T07:20:58.856+0000] {weather_forecast_ingestion_dag.py:56} INFO - 💾 Saving forecast for 2025-04-19T10:00:00+00:00
[2025-04-13T07:20:59.245+0000] {logging_mixin.py:190} INFO - 🌤️ Saved forecast: gs://gooutside-raw/weather_forecast/bamberg/2025-04-19T1000.json
[2025-04-13T07:20:59.247+0000] {weather_forecast_ingestion_dag.py:56} INFO - 💾 Saving forecast for 2025-04-19T11:00:00+00:00
[2025-04-13T07:20:59.594+0000] {logging_mixin.py:190} INFO - 🌤️ Saved forecast: gs://gooutside-raw/weather_forecast/bamberg/2025-04-19T1100.json
[2025-04-13T07:20:59.595+0000] {weather_forecast_ingestion_dag.py:56} INFO - 💾 Saving forecast for 2025-04-19T12:00:00+00:00
[2025-04-13T07:20:59.952+0000] {logging_mixin.py:190} INFO - 🌤️ Saved forecast: gs://gooutside-raw/weather_forecast/bamberg/2025-04-19T1200.json
[2025-04-13T07:20:59.953+0000] {weather_forecast_ingestion_dag.py:56} INFO - 💾 Saving forecast for 2025-04-19T13:00:00+00:00
[2025-04-13T07:21:00.302+0000] {logging_mixin.py:190} INFO - 🌤️ Saved forecast: gs://gooutside-raw/weather_forecast/bamberg/2025-04-19T1300.json
[2025-04-13T07:21:00.302+0000] {weather_forecast_ingestion_dag.py:56} INFO - 💾 Saving forecast for 2025-04-19T14:00:00+00:00
[2025-04-13T07:21:00.632+0000] {logging_mixin.py:190} INFO - 🌤️ Saved forecast: gs://gooutside-raw/weather_forecast/bamberg/2025-04-19T1400.json
[2025-04-13T07:21:00.634+0000] {weather_forecast_ingestion_dag.py:56} INFO - 💾 Saving forecast for 2025-04-19T15:00:00+00:00
[2025-04-13T07:21:16.206+0000] {taskinstance.py:3313} ERROR - Task failed with exception
Traceback (most recent call last):
  File "/home/airflow/.local/lib/python3.12/site-packages/urllib3/connectionpool.py", line 787, in urlopen
    response = self._make_request(
               ^^^^^^^^^^^^^^^^^^^
  File "/home/airflow/.local/lib/python3.12/site-packages/urllib3/connectionpool.py", line 534, in _make_request
    response = conn.getresponse()
               ^^^^^^^^^^^^^^^^^^
  File "/home/airflow/.local/lib/python3.12/site-packages/urllib3/connection.py", line 516, in getresponse
    httplib_response = super().getresponse()
                       ^^^^^^^^^^^^^^^^^^^^^
  File "/usr/local/lib/python3.12/http/client.py", line 1430, in getresponse
    response.begin()
  File "/usr/local/lib/python3.12/http/client.py", line 331, in begin
    version, status, reason = self._read_status()
                              ^^^^^^^^^^^^^^^^^^^
  File "/usr/local/lib/python3.12/http/client.py", line 300, in _read_status
    raise RemoteDisconnected("Remote end closed connection without"
http.client.RemoteDisconnected: Remote end closed connection without response

During handling of the above exception, another exception occurred:

Traceback (most recent call last):
  File "/home/airflow/.local/lib/python3.12/site-packages/requests/adapters.py", line 667, in send
    resp = conn.urlopen(
           ^^^^^^^^^^^^^
  File "/home/airflow/.local/lib/python3.12/site-packages/urllib3/connectionpool.py", line 841, in urlopen
    retries = retries.increment(
              ^^^^^^^^^^^^^^^^^^
  File "/home/airflow/.local/lib/python3.12/site-packages/urllib3/util/retry.py", line 474, in increment
    raise reraise(type(error), error, _stacktrace)
          ^^^^^^^^^^^^^^^^^^^^^^^^^^^^^^^^^^^^^^^^
  File "/home/airflow/.local/lib/python3.12/site-packages/urllib3/util/util.py", line 38, in reraise
    raise value.with_traceback(tb)
  File "/home/airflow/.local/lib/python3.12/site-packages/urllib3/connectionpool.py", line 787, in urlopen
    response = self._make_request(
               ^^^^^^^^^^^^^^^^^^^
  File "/home/airflow/.local/lib/python3.12/site-packages/urllib3/connectionpool.py", line 534, in _make_request
    response = conn.getresponse()
               ^^^^^^^^^^^^^^^^^^
  File "/home/airflow/.local/lib/python3.12/site-packages/urllib3/connection.py", line 516, in getresponse
    httplib_response = super().getresponse()
                       ^^^^^^^^^^^^^^^^^^^^^
  File "/usr/local/lib/python3.12/http/client.py", line 1430, in getresponse
    response.begin()
  File "/usr/local/lib/python3.12/http/client.py", line 331, in begin
    version, status, reason = self._read_status()
                              ^^^^^^^^^^^^^^^^^^^
  File "/usr/local/lib/python3.12/http/client.py", line 300, in _read_status
    raise RemoteDisconnected("Remote end closed connection without"
urllib3.exceptions.ProtocolError: ('Connection aborted.', RemoteDisconnected('Remote end closed connection without response'))

During handling of the above exception, another exception occurred:

Traceback (most recent call last):
  File "/home/airflow/.local/lib/python3.12/site-packages/airflow/models/taskinstance.py", line 768, in _execute_task
    result = _execute_callable(context=context, **execute_callable_kwargs)
             ^^^^^^^^^^^^^^^^^^^^^^^^^^^^^^^^^^^^^^^^^^^^^^^^^^^^^^^^^^^^^
  File "/home/airflow/.local/lib/python3.12/site-packages/airflow/models/taskinstance.py", line 734, in _execute_callable
    return ExecutionCallableRunner(
           ^^^^^^^^^^^^^^^^^^^^^^^^
  File "/home/airflow/.local/lib/python3.12/site-packages/airflow/utils/operator_helpers.py", line 252, in run
    return self.func(*args, **kwargs)
           ^^^^^^^^^^^^^^^^^^^^^^^^^^
  File "/home/airflow/.local/lib/python3.12/site-packages/airflow/models/baseoperator.py", line 424, in wrapper
    return func(self, *args, **kwargs)
           ^^^^^^^^^^^^^^^^^^^^^^^^^^^
  File "/home/airflow/.local/lib/python3.12/site-packages/airflow/decorators/base.py", line 266, in execute
    return_value = super().execute(context)
                   ^^^^^^^^^^^^^^^^^^^^^^^^
  File "/home/airflow/.local/lib/python3.12/site-packages/airflow/models/baseoperator.py", line 424, in wrapper
    return func(self, *args, **kwargs)
           ^^^^^^^^^^^^^^^^^^^^^^^^^^^
  File "/home/airflow/.local/lib/python3.12/site-packages/airflow/operators/python.py", line 238, in execute
    return_value = self.execute_callable()
                   ^^^^^^^^^^^^^^^^^^^^^^^
  File "/home/airflow/.local/lib/python3.12/site-packages/airflow/operators/python.py", line 256, in execute_callable
    return runner.run(*self.op_args, **self.op_kwargs)
           ^^^^^^^^^^^^^^^^^^^^^^^^^^^^^^^^^^^^^^^^^^^
  File "/home/airflow/.local/lib/python3.12/site-packages/airflow/utils/operator_helpers.py", line 252, in run
    return self.func(*args, **kwargs)
           ^^^^^^^^^^^^^^^^^^^^^^^^^^
  File "/opt/airflow/dags/weather_forecast_ingestion_dag.py", line 57, in ingest
    save_weather_forecast_to_gcs(entry)
  File "/opt/airflow/app/ingestion/weather_forecast.py", line 84, in save_weather_forecast_to_gcs
    blob.upload_from_string(
  File "/usr/local/lib/python3.12/contextlib.py", line 81, in inner
    return func(*args, **kwds)
           ^^^^^^^^^^^^^^^^^^^
  File "/home/airflow/.local/lib/python3.12/site-packages/google/cloud/storage/blob.py", line 3128, in upload_from_string
    self.upload_from_file(
  File "/usr/local/lib/python3.12/contextlib.py", line 81, in inner
    return func(*args, **kwds)
           ^^^^^^^^^^^^^^^^^^^
  File "/home/airflow/.local/lib/python3.12/site-packages/google/cloud/storage/blob.py", line 2851, in upload_from_file
    self._prep_and_do_upload(
  File "/home/airflow/.local/lib/python3.12/site-packages/google/cloud/storage/blob.py", line 2700, in _prep_and_do_upload
    created_json = self._do_upload(
                   ^^^^^^^^^^^^^^^^
  File "/home/airflow/.local/lib/python3.12/site-packages/google/cloud/storage/blob.py", line 2506, in _do_upload
    response = self._do_multipart_upload(
               ^^^^^^^^^^^^^^^^^^^^^^^^^^
  File "/home/airflow/.local/lib/python3.12/site-packages/google/cloud/storage/blob.py", line 2007, in _do_multipart_upload
    response = upload.transmit(
               ^^^^^^^^^^^^^^^^
  File "/home/airflow/.local/lib/python3.12/site-packages/google/resumable_media/requests/upload.py", line 153, in transmit
    return _request_helpers.wait_and_retry(
           ^^^^^^^^^^^^^^^^^^^^^^^^^^^^^^^^
  File "/home/airflow/.local/lib/python3.12/site-packages/google/resumable_media/requests/_request_helpers.py", line 178, in wait_and_retry
    raise error
  File "/home/airflow/.local/lib/python3.12/site-packages/google/resumable_media/requests/_request_helpers.py", line 155, in wait_and_retry
    response = func()
               ^^^^^^
  File "/home/airflow/.local/lib/python3.12/site-packages/google/resumable_media/requests/upload.py", line 145, in retriable_request
    result = transport.request(
             ^^^^^^^^^^^^^^^^^^
  File "/home/airflow/.local/lib/python3.12/site-packages/google/auth/transport/requests.py", line 537, in request
    response = super(AuthorizedSession, self).request(
               ^^^^^^^^^^^^^^^^^^^^^^^^^^^^^^^^^^^^^^^
  File "/home/airflow/.local/lib/python3.12/site-packages/requests/sessions.py", line 589, in request
    resp = self.send(prep, **send_kwargs)
           ^^^^^^^^^^^^^^^^^^^^^^^^^^^^^^
  File "/home/airflow/.local/lib/python3.12/site-packages/requests/sessions.py", line 703, in send
    r = adapter.send(request, **kwargs)
        ^^^^^^^^^^^^^^^^^^^^^^^^^^^^^^^
  File "/home/airflow/.local/lib/python3.12/site-packages/requests/adapters.py", line 682, in send
    raise ConnectionError(err, request=request)
requests.exceptions.ConnectionError: ('Connection aborted.', RemoteDisconnected('Remote end closed connection without response'))
[2025-04-13T07:21:16.253+0000] {taskinstance.py:1226} INFO - Marking task as FAILED. dag_id=weather_forecast_ingestion_dag, task_id=ingest, run_id=scheduled__2025-04-13T06:00:00+00:00, execution_date=20250413T060000, start_date=20250413T072021, end_date=20250413T072116
[2025-04-13T07:21:16.286+0000] {taskinstance.py:341} INFO - ::group::Post task execution logs
[2025-04-13T07:21:16.287+0000] {standard_task_runner.py:124} ERROR - Failed to execute job 885 for task ingest (('Connection aborted.', RemoteDisconnected('Remote end closed connection without response')); 407)
Traceback (most recent call last):
  File "/home/airflow/.local/lib/python3.12/site-packages/urllib3/connectionpool.py", line 787, in urlopen
    response = self._make_request(
               ^^^^^^^^^^^^^^^^^^^
  File "/home/airflow/.local/lib/python3.12/site-packages/urllib3/connectionpool.py", line 534, in _make_request
    response = conn.getresponse()
               ^^^^^^^^^^^^^^^^^^
  File "/home/airflow/.local/lib/python3.12/site-packages/urllib3/connection.py", line 516, in getresponse
    httplib_response = super().getresponse()
                       ^^^^^^^^^^^^^^^^^^^^^
  File "/usr/local/lib/python3.12/http/client.py", line 1430, in getresponse
    response.begin()
  File "/usr/local/lib/python3.12/http/client.py", line 331, in begin
    version, status, reason = self._read_status()
                              ^^^^^^^^^^^^^^^^^^^
  File "/usr/local/lib/python3.12/http/client.py", line 300, in _read_status
    raise RemoteDisconnected("Remote end closed connection without"
http.client.RemoteDisconnected: Remote end closed connection without response

During handling of the above exception, another exception occurred:

Traceback (most recent call last):
  File "/home/airflow/.local/lib/python3.12/site-packages/requests/adapters.py", line 667, in send
    resp = conn.urlopen(
           ^^^^^^^^^^^^^
  File "/home/airflow/.local/lib/python3.12/site-packages/urllib3/connectionpool.py", line 841, in urlopen
    retries = retries.increment(
              ^^^^^^^^^^^^^^^^^^
  File "/home/airflow/.local/lib/python3.12/site-packages/urllib3/util/retry.py", line 474, in increment
    raise reraise(type(error), error, _stacktrace)
          ^^^^^^^^^^^^^^^^^^^^^^^^^^^^^^^^^^^^^^^^
  File "/home/airflow/.local/lib/python3.12/site-packages/urllib3/util/util.py", line 38, in reraise
    raise value.with_traceback(tb)
  File "/home/airflow/.local/lib/python3.12/site-packages/urllib3/connectionpool.py", line 787, in urlopen
    response = self._make_request(
               ^^^^^^^^^^^^^^^^^^^
  File "/home/airflow/.local/lib/python3.12/site-packages/urllib3/connectionpool.py", line 534, in _make_request
    response = conn.getresponse()
               ^^^^^^^^^^^^^^^^^^
  File "/home/airflow/.local/lib/python3.12/site-packages/urllib3/connection.py", line 516, in getresponse
    httplib_response = super().getresponse()
                       ^^^^^^^^^^^^^^^^^^^^^
  File "/usr/local/lib/python3.12/http/client.py", line 1430, in getresponse
    response.begin()
  File "/usr/local/lib/python3.12/http/client.py", line 331, in begin
    version, status, reason = self._read_status()
                              ^^^^^^^^^^^^^^^^^^^
  File "/usr/local/lib/python3.12/http/client.py", line 300, in _read_status
    raise RemoteDisconnected("Remote end closed connection without"
urllib3.exceptions.ProtocolError: ('Connection aborted.', RemoteDisconnected('Remote end closed connection without response'))

During handling of the above exception, another exception occurred:

Traceback (most recent call last):
  File "/home/airflow/.local/lib/python3.12/site-packages/airflow/task/task_runner/standard_task_runner.py", line 117, in _start_by_fork
    ret = args.func(args, dag=self.dag)
          ^^^^^^^^^^^^^^^^^^^^^^^^^^^^^
  File "/home/airflow/.local/lib/python3.12/site-packages/airflow/cli/cli_config.py", line 49, in command
    return func(*args, **kwargs)
           ^^^^^^^^^^^^^^^^^^^^^
  File "/home/airflow/.local/lib/python3.12/site-packages/airflow/utils/cli.py", line 116, in wrapper
    return f(*args, **kwargs)
           ^^^^^^^^^^^^^^^^^^
  File "/home/airflow/.local/lib/python3.12/site-packages/airflow/cli/commands/task_command.py", line 483, in task_run
    task_return_code = _run_task_by_selected_method(args, _dag, ti)
                       ^^^^^^^^^^^^^^^^^^^^^^^^^^^^^^^^^^^^^^^^^^^^
  File "/home/airflow/.local/lib/python3.12/site-packages/airflow/cli/commands/task_command.py", line 256, in _run_task_by_selected_method
    return _run_raw_task(args, ti)
           ^^^^^^^^^^^^^^^^^^^^^^^
  File "/home/airflow/.local/lib/python3.12/site-packages/airflow/cli/commands/task_command.py", line 341, in _run_raw_task
    return ti._run_raw_task(
           ^^^^^^^^^^^^^^^^^
  File "/home/airflow/.local/lib/python3.12/site-packages/airflow/utils/session.py", line 97, in wrapper
    return func(*args, session=session, **kwargs)
           ^^^^^^^^^^^^^^^^^^^^^^^^^^^^^^^^^^^^^^
  File "/home/airflow/.local/lib/python3.12/site-packages/airflow/models/taskinstance.py", line 3006, in _run_raw_task
    return _run_raw_task(
           ^^^^^^^^^^^^^^
  File "/home/airflow/.local/lib/python3.12/site-packages/airflow/models/taskinstance.py", line 274, in _run_raw_task
    TaskInstance._execute_task_with_callbacks(
  File "/home/airflow/.local/lib/python3.12/site-packages/airflow/models/taskinstance.py", line 3161, in _execute_task_with_callbacks
    result = self._execute_task(context, task_orig)
             ^^^^^^^^^^^^^^^^^^^^^^^^^^^^^^^^^^^^^^
  File "/home/airflow/.local/lib/python3.12/site-packages/airflow/models/taskinstance.py", line 3185, in _execute_task
    return _execute_task(self, context, task_orig)
           ^^^^^^^^^^^^^^^^^^^^^^^^^^^^^^^^^^^^^^^
  File "/home/airflow/.local/lib/python3.12/site-packages/airflow/models/taskinstance.py", line 768, in _execute_task
    result = _execute_callable(context=context, **execute_callable_kwargs)
             ^^^^^^^^^^^^^^^^^^^^^^^^^^^^^^^^^^^^^^^^^^^^^^^^^^^^^^^^^^^^^
  File "/home/airflow/.local/lib/python3.12/site-packages/airflow/models/taskinstance.py", line 734, in _execute_callable
    return ExecutionCallableRunner(
           ^^^^^^^^^^^^^^^^^^^^^^^^
  File "/home/airflow/.local/lib/python3.12/site-packages/airflow/utils/operator_helpers.py", line 252, in run
    return self.func(*args, **kwargs)
           ^^^^^^^^^^^^^^^^^^^^^^^^^^
  File "/home/airflow/.local/lib/python3.12/site-packages/airflow/models/baseoperator.py", line 424, in wrapper
    return func(self, *args, **kwargs)
           ^^^^^^^^^^^^^^^^^^^^^^^^^^^
  File "/home/airflow/.local/lib/python3.12/site-packages/airflow/decorators/base.py", line 266, in execute
    return_value = super().execute(context)
                   ^^^^^^^^^^^^^^^^^^^^^^^^
  File "/home/airflow/.local/lib/python3.12/site-packages/airflow/models/baseoperator.py", line 424, in wrapper
    return func(self, *args, **kwargs)
           ^^^^^^^^^^^^^^^^^^^^^^^^^^^
  File "/home/airflow/.local/lib/python3.12/site-packages/airflow/operators/python.py", line 238, in execute
    return_value = self.execute_callable()
                   ^^^^^^^^^^^^^^^^^^^^^^^
  File "/home/airflow/.local/lib/python3.12/site-packages/airflow/operators/python.py", line 256, in execute_callable
    return runner.run(*self.op_args, **self.op_kwargs)
           ^^^^^^^^^^^^^^^^^^^^^^^^^^^^^^^^^^^^^^^^^^^
  File "/home/airflow/.local/lib/python3.12/site-packages/airflow/utils/operator_helpers.py", line 252, in run
    return self.func(*args, **kwargs)
           ^^^^^^^^^^^^^^^^^^^^^^^^^^
  File "/opt/airflow/dags/weather_forecast_ingestion_dag.py", line 57, in ingest
    save_weather_forecast_to_gcs(entry)
  File "/opt/airflow/app/ingestion/weather_forecast.py", line 84, in save_weather_forecast_to_gcs
    blob.upload_from_string(
  File "/usr/local/lib/python3.12/contextlib.py", line 81, in inner
    return func(*args, **kwds)
           ^^^^^^^^^^^^^^^^^^^
  File "/home/airflow/.local/lib/python3.12/site-packages/google/cloud/storage/blob.py", line 3128, in upload_from_string
    self.upload_from_file(
  File "/usr/local/lib/python3.12/contextlib.py", line 81, in inner
    return func(*args, **kwds)
           ^^^^^^^^^^^^^^^^^^^
  File "/home/airflow/.local/lib/python3.12/site-packages/google/cloud/storage/blob.py", line 2851, in upload_from_file
    self._prep_and_do_upload(
  File "/home/airflow/.local/lib/python3.12/site-packages/google/cloud/storage/blob.py", line 2700, in _prep_and_do_upload
    created_json = self._do_upload(
                   ^^^^^^^^^^^^^^^^
  File "/home/airflow/.local/lib/python3.12/site-packages/google/cloud/storage/blob.py", line 2506, in _do_upload
    response = self._do_multipart_upload(
               ^^^^^^^^^^^^^^^^^^^^^^^^^^
  File "/home/airflow/.local/lib/python3.12/site-packages/google/cloud/storage/blob.py", line 2007, in _do_multipart_upload
    response = upload.transmit(
               ^^^^^^^^^^^^^^^^
  File "/home/airflow/.local/lib/python3.12/site-packages/google/resumable_media/requests/upload.py", line 153, in transmit
    return _request_helpers.wait_and_retry(
           ^^^^^^^^^^^^^^^^^^^^^^^^^^^^^^^^
  File "/home/airflow/.local/lib/python3.12/site-packages/google/resumable_media/requests/_request_helpers.py", line 178, in wait_and_retry
    raise error
  File "/home/airflow/.local/lib/python3.12/site-packages/google/resumable_media/requests/_request_helpers.py", line 155, in wait_and_retry
    response = func()
               ^^^^^^
  File "/home/airflow/.local/lib/python3.12/site-packages/google/resumable_media/requests/upload.py", line 145, in retriable_request
    result = transport.request(
             ^^^^^^^^^^^^^^^^^^
  File "/home/airflow/.local/lib/python3.12/site-packages/google/auth/transport/requests.py", line 537, in request
    response = super(AuthorizedSession, self).request(
               ^^^^^^^^^^^^^^^^^^^^^^^^^^^^^^^^^^^^^^^
  File "/home/airflow/.local/lib/python3.12/site-packages/requests/sessions.py", line 589, in request
    resp = self.send(prep, **send_kwargs)
           ^^^^^^^^^^^^^^^^^^^^^^^^^^^^^^
  File "/home/airflow/.local/lib/python3.12/site-packages/requests/sessions.py", line 703, in send
    r = adapter.send(request, **kwargs)
        ^^^^^^^^^^^^^^^^^^^^^^^^^^^^^^^
  File "/home/airflow/.local/lib/python3.12/site-packages/requests/adapters.py", line 682, in send
    raise ConnectionError(err, request=request)
requests.exceptions.ConnectionError: ('Connection aborted.', RemoteDisconnected('Remote end closed connection without response'))
[2025-04-13T07:21:16.303+0000] {local_task_job_runner.py:266} INFO - Task exited with return code 1
[2025-04-13T07:21:16.329+0000] {taskinstance.py:3901} INFO - 0 downstream tasks scheduled from follow-on schedule check
[2025-04-13T07:21:16.333+0000] {local_task_job_runner.py:245} INFO - ::endgroup::
